********************************************************************************
DUPLICATOR-LITE PACKAGE-LOG: 21/11/2022 18:30
NOTICE: Do NOT post to public sites or forums 
********************************************************************************
VERSION:	1.5.1
WORDPRESS:	6.1.1
PHP INFO:	8.1.9 | SAPI: fpm-fcgi
SERVER:		nginx/1.16.0 
PHP TIME LIMIT: (0) no time limit imposed 
PHP MAX MEMORY: 4294967296 (256M default) 
MEMORY STACK: 20MB

********************************************************************************
DATABASE:
********************************************************************************
BUILD MODE:   PHP(query limit - 100)
MYSQLTIMEOUT: 5000
MYSQLDUMP:    Not Supported
TABLES: total:47 | filtered:0 | create:47
FILTERED: []
SQL CREATED: 0302_5407ad5c689b8ac65747_20221121183046_database.sql
SQL FILE SIZE: 838.73KB (858861)
SQL FILE TIME: 2022-11-21 18:30:59
SQL RUNTIME: 1.16 sec.

********************************************************************************
ARCHIVE (ZIP):
********************************************************************************
ARCHIVE DIR:  /home/raphael/Documentos/GitHub/Projetos/10-WordPress/handel/app/public
ARCHIVE FILE: 0302_5407ad5c689b8ac65747_20221121183046_archive.zip
FILTERS: *OFF*
DIRS:
	not set
FILES:
	not set
EXTS:  not set
----------------------------------------
COMPRESSING
SIZE:	94.43MB
STATS:	Dirs 1,352 | Files 8,077
SQL ADDED: 0302_5407ad5c689b8ac65747_20221121183046_database.sql
ZipArchive Object
(
    [lastId] => 9428
    [status] => 0
    [statusSys] => 0
    [numFiles] => 9429
    [filename] => /home/raphael/Documentos/GitHub/Projetos/10-WordPress/handel/app/public/wp-content/backups-dup-lite/tmp/0302_5407ad5c689b8ac65747_20221121183046_archive.zip
    [comment] => 
)

FILE ADDED TO ZIP: 9428
COMPRESSION RESULT: '1'
COMPRESSED SIZE: 29.44MB
ARCHIVE RUNTIME: 14.90 sec.
MEMORY STACK: 24MB
building installer
ARCHIVE CONSISTENCY TEST: PASS

********************************************************************************
INTEGRITY CHECKS:
********************************************************************************
SQL FILE: 838.73KB
INSTALLER FILE: 73.33KB
ARCHIVE FILE: 31.36MB 
EXPECTED FILE/DIRECTORY COUNT: 9,429
ACTUAL FILE/DIRECTORY COUNT: 9,428
ARCHIVE CONSISTENCY TEST: Pass

********************************************************************************
RECORD ID:[1]
TOTAL PROCESS RUNTIME: 18.10 sec.
PEAK PHP MEMORY USED: 26MB
DONE PROCESSING => 0302 21/11/2022 18:31

