[29-Nov-2022 13:14:56 UTC] PHP Parse error:  syntax error, unexpected token ";" in /home/raphael/Documentos/GitHub/Projetos/10-WordPress/handel/app/public/wp-content/themes/handel/index.php on line 11
[29-Nov-2022 13:14:59 UTC] PHP Fatal error:  Uncaught Error: Undefined constant "get_the" in /home/raphael/Documentos/GitHub/Projetos/10-WordPress/handel/app/public/wp-content/themes/handel/index.php:11
Stack trace:
#0 /home/raphael/Documentos/GitHub/Projetos/10-WordPress/handel/app/public/wp-includes/template-loader.php(106): include()
#1 /home/raphael/Documentos/GitHub/Projetos/10-WordPress/handel/app/public/wp-blog-header.php(19): require_once('/home/raphael/D...')
#2 /home/raphael/Documentos/GitHub/Projetos/10-WordPress/handel/app/public/index.php(17): require('/home/raphael/D...')
#3 {main}
  thrown in /home/raphael/Documentos/GitHub/Projetos/10-WordPress/handel/app/public/wp-content/themes/handel/index.php on line 11
[29-Nov-2022 13:15:49 UTC] PHP Parse error:  syntax error, unexpected token "echo", expecting variable or "{" or "$" in /home/raphael/Documentos/GitHub/Projetos/10-WordPress/handel/app/public/wp-content/themes/handel/index.php on line 12
[29-Nov-2022 13:15:51 UTC] PHP Parse error:  syntax error, unexpected token "echo" in /home/raphael/Documentos/GitHub/Projetos/10-WordPress/handel/app/public/wp-content/themes/handel/index.php on line 12
[29-Nov-2022 13:15:53 UTC] PHP Parse error:  syntax error, unexpected token "echo" in /home/raphael/Documentos/GitHub/Projetos/10-WordPress/handel/app/public/wp-content/themes/handel/index.php on line 12
[29-Nov-2022 13:15:55 UTC] PHP Parse error:  syntax error, unexpected token "echo" in /home/raphael/Documentos/GitHub/Projetos/10-WordPress/handel/app/public/wp-content/themes/handel/index.php on line 12
[29-Nov-2022 13:15:58 UTC] PHP Parse error:  syntax error, unexpected token "echo" in /home/raphael/Documentos/GitHub/Projetos/10-WordPress/handel/app/public/wp-content/themes/handel/index.php on line 12
[29-Nov-2022 13:16:00 UTC] PHP Parse error:  syntax error, unexpected token "echo" in /home/raphael/Documentos/GitHub/Projetos/10-WordPress/handel/app/public/wp-content/themes/handel/index.php on line 12
[29-Nov-2022 13:16:08 UTC] PHP Parse error:  syntax error, unexpected token ";" in /home/raphael/Documentos/GitHub/Projetos/10-WordPress/handel/app/public/wp-content/themes/handel/index.php on line 12
[29-Nov-2022 13:16:09 UTC] PHP Parse error:  syntax error, unexpected token ";", expecting variable or "{" or "$" in /home/raphael/Documentos/GitHub/Projetos/10-WordPress/handel/app/public/wp-content/themes/handel/index.php on line 12
[29-Nov-2022 13:16:10 UTC] PHP Warning:  Undefined variable $n in /home/raphael/Documentos/GitHub/Projetos/10-WordPress/handel/app/public/wp-content/themes/handel/index.php on line 12
[29-Nov-2022 13:16:10 UTC] PHP Stack trace:
[29-Nov-2022 13:16:10 UTC] PHP   1. {main}() /home/raphael/Documentos/GitHub/Projetos/10-WordPress/handel/app/public/index.php:0
[29-Nov-2022 13:16:10 UTC] PHP   2. require() /home/raphael/Documentos/GitHub/Projetos/10-WordPress/handel/app/public/index.php:17
[29-Nov-2022 13:16:10 UTC] PHP   3. require_once() /home/raphael/Documentos/GitHub/Projetos/10-WordPress/handel/app/public/wp-blog-header.php:19
[29-Nov-2022 13:16:10 UTC] PHP   4. include() /home/raphael/Documentos/GitHub/Projetos/10-WordPress/handel/app/public/wp-includes/template-loader.php:106
[29-Nov-2022 13:16:18 UTC] PHP Parse error:  syntax error, unexpected variable "$nome", expecting "," or ";" in /home/raphael/Documentos/GitHub/Projetos/10-WordPress/handel/app/public/wp-content/themes/handel/index.php on line 12
[29-Nov-2022 13:16:44 UTC] PHP Fatal error:  Uncaught Error: Undefined constant "h1" in /home/raphael/Documentos/GitHub/Projetos/10-WordPress/handel/app/public/wp-content/themes/handel/index.php:13
Stack trace:
#0 /home/raphael/Documentos/GitHub/Projetos/10-WordPress/handel/app/public/wp-includes/template-loader.php(106): include()
#1 /home/raphael/Documentos/GitHub/Projetos/10-WordPress/handel/app/public/wp-blog-header.php(19): require_once('/home/raphael/D...')
#2 /home/raphael/Documentos/GitHub/Projetos/10-WordPress/handel/app/public/index.php(17): require('/home/raphael/D...')
#3 {main}
  thrown in /home/raphael/Documentos/GitHub/Projetos/10-WordPress/handel/app/public/wp-content/themes/handel/index.php on line 13
[29-Nov-2022 13:16:46 UTC] PHP Parse error:  syntax error, unexpected token "<", expecting end of file in /home/raphael/Documentos/GitHub/Projetos/10-WordPress/handel/app/public/wp-content/themes/handel/index.php on line 13
[29-Nov-2022 13:16:50 UTC] PHP Parse error:  syntax error, unexpected token "<", expecting end of file in /home/raphael/Documentos/GitHub/Projetos/10-WordPress/handel/app/public/wp-content/themes/handel/index.php on line 13
[29-Nov-2022 13:16:51 UTC] PHP Parse error:  syntax error, unexpected token "<", expecting end of file in /home/raphael/Documentos/GitHub/Projetos/10-WordPress/handel/app/public/wp-content/themes/handel/index.php on line 13
[29-Nov-2022 13:17:07 UTC] PHP Parse error:  syntax error, unexpected token "<", expecting end of file in /home/raphael/Documentos/GitHub/Projetos/10-WordPress/handel/app/public/wp-content/themes/handel/index.php on line 14
[29-Nov-2022 13:17:08 UTC] PHP Parse error:  syntax error, unexpected token "/" in /home/raphael/Documentos/GitHub/Projetos/10-WordPress/handel/app/public/wp-content/themes/handel/index.php on line 14
[29-Nov-2022 13:17:10 UTC] PHP Parse error:  syntax error, unexpected token "." in /home/raphael/Documentos/GitHub/Projetos/10-WordPress/handel/app/public/wp-content/themes/handel/index.php on line 14
[29-Nov-2022 13:17:11 UTC] PHP Parse error:  syntax error, unexpected token "/" in /home/raphael/Documentos/GitHub/Projetos/10-WordPress/handel/app/public/wp-content/themes/handel/index.php on line 14
[29-Nov-2022 13:17:15 UTC] PHP Fatal error:  Uncaught Error: Undefined constant "php" in /home/raphael/Documentos/GitHub/Projetos/10-WordPress/handel/app/public/wp-content/themes/handel/index.php:14
Stack trace:
#0 /home/raphael/Documentos/GitHub/Projetos/10-WordPress/handel/app/public/wp-includes/template-loader.php(106): include()
#1 /home/raphael/Documentos/GitHub/Projetos/10-WordPress/handel/app/public/wp-blog-header.php(19): require_once('/home/raphael/D...')
#2 /home/raphael/Documentos/GitHub/Projetos/10-WordPress/handel/app/public/index.php(17): require('/home/raphael/D...')
#3 {main}
  thrown in /home/raphael/Documentos/GitHub/Projetos/10-WordPress/handel/app/public/wp-content/themes/handel/index.php on line 14
[29-Nov-2022 13:17:18 UTC] PHP Parse error:  syntax error, unexpected token ";" in /home/raphael/Documentos/GitHub/Projetos/10-WordPress/handel/app/public/wp-content/themes/handel/index.php on line 14
[29-Nov-2022 13:17:58 UTC] PHP Parse error:  syntax error, unexpected token "echo" in /home/raphael/Documentos/GitHub/Projetos/10-WordPress/handel/app/public/wp-content/themes/handel/index.php on line 15
[29-Nov-2022 13:18:05 UTC] PHP Parse error:  syntax error, unexpected token "echo" in /home/raphael/Documentos/GitHub/Projetos/10-WordPress/handel/app/public/wp-content/themes/handel/index.php on line 15
[29-Nov-2022 13:18:08 UTC] PHP Parse error:  syntax error, unexpected token "echo" in /home/raphael/Documentos/GitHub/Projetos/10-WordPress/handel/app/public/wp-content/themes/handel/index.php on line 15
[29-Nov-2022 13:20:01 UTC] PHP Parse error:  syntax error, unexpected token "<", expecting end of file in /home/raphael/Documentos/GitHub/Projetos/10-WordPress/handel/app/public/wp-content/themes/handel/index.php on line 18
[29-Nov-2022 13:20:16 UTC] PHP Parse error:  syntax error, unexpected token ";" in /home/raphael/Documentos/GitHub/Projetos/10-WordPress/handel/app/public/wp-content/themes/handel/index.php on line 19
[29-Nov-2022 13:22:02 UTC] PHP Parse error:  syntax error, unexpected token "<", expecting end of file in /home/raphael/Documentos/GitHub/Projetos/10-WordPress/handel/app/public/wp-content/themes/handel/index.php on line 19
[29-Nov-2022 13:22:05 UTC] PHP Parse error:  syntax error, unexpected token "<", expecting end of file in /home/raphael/Documentos/GitHub/Projetos/10-WordPress/handel/app/public/wp-content/themes/handel/index.php on line 19
[29-Nov-2022 13:22:07 UTC] PHP Parse error:  syntax error, unexpected token "<", expecting end of file in /home/raphael/Documentos/GitHub/Projetos/10-WordPress/handel/app/public/wp-content/themes/handel/index.php on line 19
[29-Nov-2022 13:23:28 UTC] PHP Parse error:  syntax error, unexpected token ";" in /home/raphael/Documentos/GitHub/Projetos/10-WordPress/handel/app/public/wp-content/themes/handel/index.php on line 21
[29-Nov-2022 13:23:32 UTC] PHP Fatal error:  Uncaught ArgumentCountError: print_r() expects at least 1 argument, 0 given in /home/raphael/Documentos/GitHub/Projetos/10-WordPress/handel/app/public/wp-content/themes/handel/index.php:20
Stack trace:
#0 /home/raphael/Documentos/GitHub/Projetos/10-WordPress/handel/app/public/wp-content/themes/handel/index.php(20): print_r()
#1 /home/raphael/Documentos/GitHub/Projetos/10-WordPress/handel/app/public/wp-includes/template-loader.php(106): include('/home/raphael/D...')
#2 /home/raphael/Documentos/GitHub/Projetos/10-WordPress/handel/app/public/wp-blog-header.php(19): require_once('/home/raphael/D...')
#3 /home/raphael/Documentos/GitHub/Projetos/10-WordPress/handel/app/public/index.php(17): require('/home/raphael/D...')
#4 {main}
  thrown in /home/raphael/Documentos/GitHub/Projetos/10-WordPress/handel/app/public/wp-content/themes/handel/index.php on line 20
[29-Nov-2022 13:23:35 UTC] PHP Fatal error:  Uncaught Error: Undefined constant "pro" in /home/raphael/Documentos/GitHub/Projetos/10-WordPress/handel/app/public/wp-content/themes/handel/index.php:20
Stack trace:
#0 /home/raphael/Documentos/GitHub/Projetos/10-WordPress/handel/app/public/wp-includes/template-loader.php(106): include()
#1 /home/raphael/Documentos/GitHub/Projetos/10-WordPress/handel/app/public/wp-blog-header.php(19): require_once('/home/raphael/D...')
#2 /home/raphael/Documentos/GitHub/Projetos/10-WordPress/handel/app/public/index.php(17): require('/home/raphael/D...')
#3 {main}
  thrown in /home/raphael/Documentos/GitHub/Projetos/10-WordPress/handel/app/public/wp-content/themes/handel/index.php on line 20
[29-Nov-2022 13:23:36 UTC] PHP Fatal error:  Uncaught ArgumentCountError: print_r() expects at least 1 argument, 0 given in /home/raphael/Documentos/GitHub/Projetos/10-WordPress/handel/app/public/wp-content/themes/handel/index.php:20
Stack trace:
#0 /home/raphael/Documentos/GitHub/Projetos/10-WordPress/handel/app/public/wp-content/themes/handel/index.php(20): print_r()
#1 /home/raphael/Documentos/GitHub/Projetos/10-WordPress/handel/app/public/wp-includes/template-loader.php(106): include('/home/raphael/D...')
#2 /home/raphael/Documentos/GitHub/Projetos/10-WordPress/handel/app/public/wp-blog-header.php(19): require_once('/home/raphael/D...')
#3 /home/raphael/Documentos/GitHub/Projetos/10-WordPress/handel/app/public/index.php(17): require('/home/raphael/D...')
#4 {main}
  thrown in /home/raphael/Documentos/GitHub/Projetos/10-WordPress/handel/app/public/wp-content/themes/handel/index.php on line 20
[29-Nov-2022 13:23:56 UTC] PHP Parse error:  syntax error, unexpected token "var", expecting end of file in /home/raphael/Documentos/GitHub/Projetos/10-WordPress/handel/app/public/wp-content/themes/handel/index.php on line 21
[29-Nov-2022 13:23:59 UTC] PHP Fatal error:  Uncaught ArgumentCountError: Wrong parameter count for var_dump() in /home/raphael/Documentos/GitHub/Projetos/10-WordPress/handel/app/public/wp-content/themes/handel/index.php:21
Stack trace:
#0 /home/raphael/Documentos/GitHub/Projetos/10-WordPress/handel/app/public/wp-content/themes/handel/index.php(21): var_dump()
#1 /home/raphael/Documentos/GitHub/Projetos/10-WordPress/handel/app/public/wp-includes/template-loader.php(106): include('/home/raphael/D...')
#2 /home/raphael/Documentos/GitHub/Projetos/10-WordPress/handel/app/public/wp-blog-header.php(19): require_once('/home/raphael/D...')
#3 /home/raphael/Documentos/GitHub/Projetos/10-WordPress/handel/app/public/index.php(17): require('/home/raphael/D...')
#4 {main}
  thrown in /home/raphael/Documentos/GitHub/Projetos/10-WordPress/handel/app/public/wp-content/themes/handel/index.php on line 21
[29-Nov-2022 13:25:05 UTC] PHP Fatal error:  Uncaught Error: Undefined constant "pre" in /home/raphael/Documentos/GitHub/Projetos/10-WordPress/handel/app/public/wp-content/themes/handel/index.php:22
Stack trace:
#0 /home/raphael/Documentos/GitHub/Projetos/10-WordPress/handel/app/public/wp-includes/template-loader.php(106): include()
#1 /home/raphael/Documentos/GitHub/Projetos/10-WordPress/handel/app/public/wp-blog-header.php(19): require_once('/home/raphael/D...')
#2 /home/raphael/Documentos/GitHub/Projetos/10-WordPress/handel/app/public/index.php(17): require('/home/raphael/D...')
#3 {main}
  thrown in /home/raphael/Documentos/GitHub/Projetos/10-WordPress/handel/app/public/wp-content/themes/handel/index.php on line 22
[29-Nov-2022 13:25:08 UTC] PHP Parse error:  syntax error, unexpected token "<", expecting end of file in /home/raphael/Documentos/GitHub/Projetos/10-WordPress/handel/app/public/wp-content/themes/handel/index.php on line 22
[29-Nov-2022 13:25:36 UTC] PHP Parse error:  syntax error, unexpected token ";" in /home/raphael/Documentos/GitHub/Projetos/10-WordPress/handel/app/public/wp-content/themes/handel/index.php on line 24
[29-Nov-2022 13:25:41 UTC] PHP Warning:  Array to string conversion in /home/raphael/Documentos/GitHub/Projetos/10-WordPress/handel/app/public/wp-content/themes/handel/index.php on line 24
[29-Nov-2022 13:25:41 UTC] PHP Stack trace:
[29-Nov-2022 13:25:41 UTC] PHP   1. {main}() /home/raphael/Documentos/GitHub/Projetos/10-WordPress/handel/app/public/index.php:0
[29-Nov-2022 13:25:41 UTC] PHP   2. require() /home/raphael/Documentos/GitHub/Projetos/10-WordPress/handel/app/public/index.php:17
[29-Nov-2022 13:25:41 UTC] PHP   3. require_once() /home/raphael/Documentos/GitHub/Projetos/10-WordPress/handel/app/public/wp-blog-header.php:19
[29-Nov-2022 13:25:41 UTC] PHP   4. include() /home/raphael/Documentos/GitHub/Projetos/10-WordPress/handel/app/public/wp-includes/template-loader.php:106
[29-Nov-2022 13:25:43 UTC] PHP Warning:  Array to string conversion in /home/raphael/Documentos/GitHub/Projetos/10-WordPress/handel/app/public/wp-content/themes/handel/index.php on line 24
[29-Nov-2022 13:25:43 UTC] PHP Stack trace:
[29-Nov-2022 13:25:43 UTC] PHP   1. {main}() /home/raphael/Documentos/GitHub/Projetos/10-WordPress/handel/app/public/index.php:0
[29-Nov-2022 13:25:43 UTC] PHP   2. require() /home/raphael/Documentos/GitHub/Projetos/10-WordPress/handel/app/public/index.php:17
[29-Nov-2022 13:25:43 UTC] PHP   3. require_once() /home/raphael/Documentos/GitHub/Projetos/10-WordPress/handel/app/public/wp-blog-header.php:19
[29-Nov-2022 13:25:43 UTC] PHP   4. include() /home/raphael/Documentos/GitHub/Projetos/10-WordPress/handel/app/public/wp-includes/template-loader.php:106
[29-Nov-2022 13:26:07 UTC] PHP Fatal error:  Cannot use [] for reading in /home/raphael/Documentos/GitHub/Projetos/10-WordPress/handel/app/public/wp-content/themes/handel/index.php on line 24
[29-Nov-2022 13:26:07 UTC] PHP Stack trace:
[29-Nov-2022 13:26:07 UTC] PHP   1. {main}() /home/raphael/Documentos/GitHub/Projetos/10-WordPress/handel/app/public/index.php:0
[29-Nov-2022 13:26:07 UTC] PHP   2. require() /home/raphael/Documentos/GitHub/Projetos/10-WordPress/handel/app/public/index.php:17
[29-Nov-2022 13:26:07 UTC] PHP   3. require_once() /home/raphael/Documentos/GitHub/Projetos/10-WordPress/handel/app/public/wp-blog-header.php:19
[29-Nov-2022 13:26:10 UTC] PHP Warning:  Array to string conversion in /home/raphael/Documentos/GitHub/Projetos/10-WordPress/handel/app/public/wp-content/themes/handel/index.php on line 24
[29-Nov-2022 13:26:10 UTC] PHP Stack trace:
[29-Nov-2022 13:26:10 UTC] PHP   1. {main}() /home/raphael/Documentos/GitHub/Projetos/10-WordPress/handel/app/public/index.php:0
[29-Nov-2022 13:26:10 UTC] PHP   2. require() /home/raphael/Documentos/GitHub/Projetos/10-WordPress/handel/app/public/index.php:17
[29-Nov-2022 13:26:10 UTC] PHP   3. require_once() /home/raphael/Documentos/GitHub/Projetos/10-WordPress/handel/app/public/wp-blog-header.php:19
[29-Nov-2022 13:26:10 UTC] PHP   4. include() /home/raphael/Documentos/GitHub/Projetos/10-WordPress/handel/app/public/wp-includes/template-loader.php:106
[29-Nov-2022 13:26:12 UTC] PHP Warning:  Array to string conversion in /home/raphael/Documentos/GitHub/Projetos/10-WordPress/handel/app/public/wp-content/themes/handel/index.php on line 24
[29-Nov-2022 13:26:12 UTC] PHP Stack trace:
[29-Nov-2022 13:26:12 UTC] PHP   1. {main}() /home/raphael/Documentos/GitHub/Projetos/10-WordPress/handel/app/public/index.php:0
[29-Nov-2022 13:26:12 UTC] PHP   2. require() /home/raphael/Documentos/GitHub/Projetos/10-WordPress/handel/app/public/index.php:17
[29-Nov-2022 13:26:12 UTC] PHP   3. require_once() /home/raphael/Documentos/GitHub/Projetos/10-WordPress/handel/app/public/wp-blog-header.php:19
[29-Nov-2022 13:26:12 UTC] PHP   4. include() /home/raphael/Documentos/GitHub/Projetos/10-WordPress/handel/app/public/wp-includes/template-loader.php:106
[29-Nov-2022 13:26:29 UTC] PHP Warning:  Array to string conversion in /home/raphael/Documentos/GitHub/Projetos/10-WordPress/handel/app/public/wp-content/themes/handel/index.php on line 24
[29-Nov-2022 13:26:29 UTC] PHP Stack trace:
[29-Nov-2022 13:26:29 UTC] PHP   1. {main}() /home/raphael/Documentos/GitHub/Projetos/10-WordPress/handel/app/public/index.php:0
[29-Nov-2022 13:26:29 UTC] PHP   2. require() /home/raphael/Documentos/GitHub/Projetos/10-WordPress/handel/app/public/index.php:17
[29-Nov-2022 13:26:29 UTC] PHP   3. require_once() /home/raphael/Documentos/GitHub/Projetos/10-WordPress/handel/app/public/wp-blog-header.php:19
[29-Nov-2022 13:26:29 UTC] PHP   4. include() /home/raphael/Documentos/GitHub/Projetos/10-WordPress/handel/app/public/wp-includes/template-loader.php:106
[29-Nov-2022 13:27:17 UTC] PHP Parse error:  syntax error, unexpected token ";" in /home/raphael/Documentos/GitHub/Projetos/10-WordPress/handel/app/public/wp-content/themes/handel/index.php on line 24
[29-Nov-2022 13:27:18 UTC] PHP Parse error:  syntax error, unexpected token ";" in /home/raphael/Documentos/GitHub/Projetos/10-WordPress/handel/app/public/wp-content/themes/handel/index.php on line 24
[29-Nov-2022 13:27:19 UTC] PHP Fatal error:  Uncaught Error: Undefined constant "printt" in /home/raphael/Documentos/GitHub/Projetos/10-WordPress/handel/app/public/wp-content/themes/handel/index.php:24
Stack trace:
#0 /home/raphael/Documentos/GitHub/Projetos/10-WordPress/handel/app/public/wp-includes/template-loader.php(106): include()
#1 /home/raphael/Documentos/GitHub/Projetos/10-WordPress/handel/app/public/wp-blog-header.php(19): require_once('/home/raphael/D...')
#2 /home/raphael/Documentos/GitHub/Projetos/10-WordPress/handel/app/public/index.php(17): require('/home/raphael/D...')
#3 {main}
  thrown in /home/raphael/Documentos/GitHub/Projetos/10-WordPress/handel/app/public/wp-content/themes/handel/index.php on line 24
[29-Nov-2022 13:27:21 UTC] PHP Parse error:  syntax error, unexpected token ";" in /home/raphael/Documentos/GitHub/Projetos/10-WordPress/handel/app/public/wp-content/themes/handel/index.php on line 24
[29-Nov-2022 13:27:23 UTC] PHP Fatal error:  Uncaught ArgumentCountError: print_r() expects at least 1 argument, 0 given in /home/raphael/Documentos/GitHub/Projetos/10-WordPress/handel/app/public/wp-content/themes/handel/index.php:24
Stack trace:
#0 /home/raphael/Documentos/GitHub/Projetos/10-WordPress/handel/app/public/wp-content/themes/handel/index.php(24): print_r()
#1 /home/raphael/Documentos/GitHub/Projetos/10-WordPress/handel/app/public/wp-includes/template-loader.php(106): include('/home/raphael/D...')
#2 /home/raphael/Documentos/GitHub/Projetos/10-WordPress/handel/app/public/wp-blog-header.php(19): require_once('/home/raphael/D...')
#3 /home/raphael/Documentos/GitHub/Projetos/10-WordPress/handel/app/public/index.php(17): require('/home/raphael/D...')
#4 {main}
  thrown in /home/raphael/Documentos/GitHub/Projetos/10-WordPress/handel/app/public/wp-content/themes/handel/index.php on line 24
[29-Nov-2022 13:27:56 UTC] PHP Parse error:  syntax error, unexpected token "var" in /home/raphael/Documentos/GitHub/Projetos/10-WordPress/handel/app/public/wp-content/themes/handel/index.php on line 25
[29-Nov-2022 13:29:04 UTC] PHP Parse error:  syntax error, unexpected token "<", expecting end of file in /home/raphael/Documentos/GitHub/Projetos/10-WordPress/handel/app/public/wp-content/themes/handel/index.php on line 28
[29-Nov-2022 13:29:38 UTC] PHP Parse error:  syntax error, unexpected token "]" in /home/raphael/Documentos/GitHub/Projetos/10-WordPress/handel/app/public/wp-content/themes/handel/index.php on line 30
[29-Nov-2022 13:30:39 UTC] PHP Parse error:  syntax error, unexpected token "]" in /home/raphael/Documentos/GitHub/Projetos/10-WordPress/handel/app/public/wp-content/themes/handel/index.php on line 32
[29-Nov-2022 13:32:37 UTC] PHP Warning:  Undefined array key "noem" in /home/raphael/Documentos/GitHub/Projetos/10-WordPress/handel/app/public/wp-content/themes/handel/index.php on line 36
[29-Nov-2022 13:32:37 UTC] PHP Stack trace:
[29-Nov-2022 13:32:37 UTC] PHP   1. {main}() /home/raphael/Documentos/GitHub/Projetos/10-WordPress/handel/app/public/index.php:0
[29-Nov-2022 13:32:37 UTC] PHP   2. require() /home/raphael/Documentos/GitHub/Projetos/10-WordPress/handel/app/public/index.php:17
[29-Nov-2022 13:32:37 UTC] PHP   3. require_once() /home/raphael/Documentos/GitHub/Projetos/10-WordPress/handel/app/public/wp-blog-header.php:19
[29-Nov-2022 13:32:37 UTC] PHP   4. include() /home/raphael/Documentos/GitHub/Projetos/10-WordPress/handel/app/public/wp-includes/template-loader.php:106
[29-Nov-2022 13:32:57 UTC] PHP Warning:  Undefined array key "" in /home/raphael/Documentos/GitHub/Projetos/10-WordPress/handel/app/public/wp-content/themes/handel/index.php on line 37
[29-Nov-2022 13:32:57 UTC] PHP Stack trace:
[29-Nov-2022 13:32:57 UTC] PHP   1. {main}() /home/raphael/Documentos/GitHub/Projetos/10-WordPress/handel/app/public/index.php:0
[29-Nov-2022 13:32:57 UTC] PHP   2. require() /home/raphael/Documentos/GitHub/Projetos/10-WordPress/handel/app/public/index.php:17
[29-Nov-2022 13:32:57 UTC] PHP   3. require_once() /home/raphael/Documentos/GitHub/Projetos/10-WordPress/handel/app/public/wp-blog-header.php:19
[29-Nov-2022 13:32:57 UTC] PHP   4. include() /home/raphael/Documentos/GitHub/Projetos/10-WordPress/handel/app/public/wp-includes/template-loader.php:106
[29-Nov-2022 13:33:24 UTC] PHP Parse error:  syntax error, unexpected token "<", expecting end of file in /home/raphael/Documentos/GitHub/Projetos/10-WordPress/handel/app/public/wp-content/themes/handel/index.php on line 38
[29-Nov-2022 13:33:26 UTC] PHP Parse error:  syntax error, unexpected token ";" in /home/raphael/Documentos/GitHub/Projetos/10-WordPress/handel/app/public/wp-content/themes/handel/index.php on line 38
[29-Nov-2022 13:33:28 UTC] PHP Parse error:  syntax error, unexpected token ";" in /home/raphael/Documentos/GitHub/Projetos/10-WordPress/handel/app/public/wp-content/themes/handel/index.php on line 38
[29-Nov-2022 13:33:45 UTC] PHP Warning:  Array to string conversion in /home/raphael/Documentos/GitHub/Projetos/10-WordPress/handel/app/public/wp-content/themes/handel/index.php on line 38
[29-Nov-2022 13:33:45 UTC] PHP Stack trace:
[29-Nov-2022 13:33:45 UTC] PHP   1. {main}() /home/raphael/Documentos/GitHub/Projetos/10-WordPress/handel/app/public/index.php:0
[29-Nov-2022 13:33:45 UTC] PHP   2. require() /home/raphael/Documentos/GitHub/Projetos/10-WordPress/handel/app/public/index.php:17
[29-Nov-2022 13:33:45 UTC] PHP   3. require_once() /home/raphael/Documentos/GitHub/Projetos/10-WordPress/handel/app/public/wp-blog-header.php:19
[29-Nov-2022 13:33:45 UTC] PHP   4. include() /home/raphael/Documentos/GitHub/Projetos/10-WordPress/handel/app/public/wp-includes/template-loader.php:106
[29-Nov-2022 13:34:46 UTC] PHP Parse error:  syntax error, unexpected token ";" in /home/raphael/Documentos/GitHub/Projetos/10-WordPress/handel/app/public/wp-content/themes/handel/index.php on line 40
[29-Nov-2022 13:34:47 UTC] PHP Parse error:  syntax error, unexpected token ";" in /home/raphael/Documentos/GitHub/Projetos/10-WordPress/handel/app/public/wp-content/themes/handel/index.php on line 40
[29-Nov-2022 13:34:51 UTC] PHP Parse error:  syntax error, unexpected token ";", expecting variable or "{" or "$" in /home/raphael/Documentos/GitHub/Projetos/10-WordPress/handel/app/public/wp-content/themes/handel/index.php on line 40
[29-Nov-2022 13:34:54 UTC] PHP Warning:  Undefined variable $pro in /home/raphael/Documentos/GitHub/Projetos/10-WordPress/handel/app/public/wp-content/themes/handel/index.php on line 40
[29-Nov-2022 13:34:54 UTC] PHP Stack trace:
[29-Nov-2022 13:34:54 UTC] PHP   1. {main}() /home/raphael/Documentos/GitHub/Projetos/10-WordPress/handel/app/public/index.php:0
[29-Nov-2022 13:34:54 UTC] PHP   2. require() /home/raphael/Documentos/GitHub/Projetos/10-WordPress/handel/app/public/index.php:17
[29-Nov-2022 13:34:54 UTC] PHP   3. require_once() /home/raphael/Documentos/GitHub/Projetos/10-WordPress/handel/app/public/wp-blog-header.php:19
[29-Nov-2022 13:34:54 UTC] PHP   4. include() /home/raphael/Documentos/GitHub/Projetos/10-WordPress/handel/app/public/wp-includes/template-loader.php:106
[29-Nov-2022 13:34:54 UTC] PHP Warning:  Undefined variable $pro in /home/raphael/Documentos/GitHub/Projetos/10-WordPress/handel/app/public/wp-content/themes/handel/index.php on line 40
[29-Nov-2022 13:34:54 UTC] PHP Stack trace:
[29-Nov-2022 13:34:54 UTC] PHP   1. {main}() /home/raphael/Documentos/GitHub/Projetos/10-WordPress/handel/app/public/index.php:0
[29-Nov-2022 13:34:54 UTC] PHP   2. require() /home/raphael/Documentos/GitHub/Projetos/10-WordPress/handel/app/public/index.php:17
[29-Nov-2022 13:34:54 UTC] PHP   3. require_once() /home/raphael/Documentos/GitHub/Projetos/10-WordPress/handel/app/public/wp-blog-header.php:19
[29-Nov-2022 13:34:54 UTC] PHP   4. include() /home/raphael/Documentos/GitHub/Projetos/10-WordPress/handel/app/public/wp-includes/template-loader.php:106
[29-Nov-2022 13:34:56 UTC] PHP Warning:  Array to string conversion in /home/raphael/Documentos/GitHub/Projetos/10-WordPress/handel/app/public/wp-content/themes/handel/index.php on line 40
[29-Nov-2022 13:34:56 UTC] PHP Stack trace:
[29-Nov-2022 13:34:56 UTC] PHP   1. {main}() /home/raphael/Documentos/GitHub/Projetos/10-WordPress/handel/app/public/index.php:0
[29-Nov-2022 13:34:56 UTC] PHP   2. require() /home/raphael/Documentos/GitHub/Projetos/10-WordPress/handel/app/public/index.php:17
[29-Nov-2022 13:34:56 UTC] PHP   3. require_once() /home/raphael/Documentos/GitHub/Projetos/10-WordPress/handel/app/public/wp-blog-header.php:19
[29-Nov-2022 13:34:56 UTC] PHP   4. include() /home/raphael/Documentos/GitHub/Projetos/10-WordPress/handel/app/public/wp-includes/template-loader.php:106
[29-Nov-2022 13:34:57 UTC] PHP Warning:  Array to string conversion in /home/raphael/Documentos/GitHub/Projetos/10-WordPress/handel/app/public/wp-content/themes/handel/index.php on line 40
[29-Nov-2022 13:34:57 UTC] PHP Stack trace:
[29-Nov-2022 13:34:57 UTC] PHP   1. {main}() /home/raphael/Documentos/GitHub/Projetos/10-WordPress/handel/app/public/index.php:0
[29-Nov-2022 13:34:57 UTC] PHP   2. require() /home/raphael/Documentos/GitHub/Projetos/10-WordPress/handel/app/public/index.php:17
[29-Nov-2022 13:34:57 UTC] PHP   3. require_once() /home/raphael/Documentos/GitHub/Projetos/10-WordPress/handel/app/public/wp-blog-header.php:19
[29-Nov-2022 13:34:57 UTC] PHP   4. include() /home/raphael/Documentos/GitHub/Projetos/10-WordPress/handel/app/public/wp-includes/template-loader.php:106
[29-Nov-2022 13:34:58 UTC] PHP Warning:  Array to string conversion in /home/raphael/Documentos/GitHub/Projetos/10-WordPress/handel/app/public/wp-content/themes/handel/index.php on line 40
[29-Nov-2022 13:34:58 UTC] PHP Stack trace:
[29-Nov-2022 13:34:58 UTC] PHP   1. {main}() /home/raphael/Documentos/GitHub/Projetos/10-WordPress/handel/app/public/index.php:0
[29-Nov-2022 13:34:58 UTC] PHP   2. require() /home/raphael/Documentos/GitHub/Projetos/10-WordPress/handel/app/public/index.php:17
[29-Nov-2022 13:34:58 UTC] PHP   3. require_once() /home/raphael/Documentos/GitHub/Projetos/10-WordPress/handel/app/public/wp-blog-header.php:19
[29-Nov-2022 13:34:58 UTC] PHP   4. include() /home/raphael/Documentos/GitHub/Projetos/10-WordPress/handel/app/public/wp-includes/template-loader.php:106
[29-Nov-2022 13:34:59 UTC] PHP Warning:  Array to string conversion in /home/raphael/Documentos/GitHub/Projetos/10-WordPress/handel/app/public/wp-content/themes/handel/index.php on line 40
[29-Nov-2022 13:34:59 UTC] PHP Stack trace:
[29-Nov-2022 13:34:59 UTC] PHP   1. {main}() /home/raphael/Documentos/GitHub/Projetos/10-WordPress/handel/app/public/index.php:0
[29-Nov-2022 13:34:59 UTC] PHP   2. require() /home/raphael/Documentos/GitHub/Projetos/10-WordPress/handel/app/public/index.php:17
[29-Nov-2022 13:34:59 UTC] PHP   3. require_once() /home/raphael/Documentos/GitHub/Projetos/10-WordPress/handel/app/public/wp-blog-header.php:19
[29-Nov-2022 13:34:59 UTC] PHP   4. include() /home/raphael/Documentos/GitHub/Projetos/10-WordPress/handel/app/public/wp-includes/template-loader.php:106
[29-Nov-2022 13:35:01 UTC] PHP Warning:  Array to string conversion in /home/raphael/Documentos/GitHub/Projetos/10-WordPress/handel/app/public/wp-content/themes/handel/index.php on line 40
[29-Nov-2022 13:35:01 UTC] PHP Stack trace:
[29-Nov-2022 13:35:01 UTC] PHP   1. {main}() /home/raphael/Documentos/GitHub/Projetos/10-WordPress/handel/app/public/index.php:0
[29-Nov-2022 13:35:01 UTC] PHP   2. require() /home/raphael/Documentos/GitHub/Projetos/10-WordPress/handel/app/public/index.php:17
[29-Nov-2022 13:35:01 UTC] PHP   3. require_once() /home/raphael/Documentos/GitHub/Projetos/10-WordPress/handel/app/public/wp-blog-header.php:19
[29-Nov-2022 13:35:01 UTC] PHP   4. include() /home/raphael/Documentos/GitHub/Projetos/10-WordPress/handel/app/public/wp-includes/template-loader.php:106
[29-Nov-2022 13:35:01 UTC] PHP Warning:  Array to string conversion in /home/raphael/Documentos/GitHub/Projetos/10-WordPress/handel/app/public/wp-content/themes/handel/index.php on line 40
[29-Nov-2022 13:35:01 UTC] PHP Stack trace:
[29-Nov-2022 13:35:01 UTC] PHP   1. {main}() /home/raphael/Documentos/GitHub/Projetos/10-WordPress/handel/app/public/index.php:0
[29-Nov-2022 13:35:01 UTC] PHP   2. require() /home/raphael/Documentos/GitHub/Projetos/10-WordPress/handel/app/public/index.php:17
[29-Nov-2022 13:35:01 UTC] PHP   3. require_once() /home/raphael/Documentos/GitHub/Projetos/10-WordPress/handel/app/public/wp-blog-header.php:19
[29-Nov-2022 13:35:01 UTC] PHP   4. include() /home/raphael/Documentos/GitHub/Projetos/10-WordPress/handel/app/public/wp-includes/template-loader.php:106
[29-Nov-2022 13:37:21 UTC] PHP Parse error:  syntax error, unexpected token "<", expecting end of file in /home/raphael/Documentos/GitHub/Projetos/10-WordPress/handel/app/public/wp-content/themes/handel/index.php on line 43
[29-Nov-2022 13:37:25 UTC] PHP Parse error:  syntax error, unexpected token "/" in /home/raphael/Documentos/GitHub/Projetos/10-WordPress/handel/app/public/wp-content/themes/handel/index.php on line 43
[29-Nov-2022 13:37:27 UTC] PHP Parse error:  syntax error, unexpected token "<", expecting end of file in /home/raphael/Documentos/GitHub/Projetos/10-WordPress/handel/app/public/wp-content/themes/handel/index.php on line 43
[29-Nov-2022 13:37:42 UTC] PHP Parse error:  syntax error, unexpected token ";" in /home/raphael/Documentos/GitHub/Projetos/10-WordPress/handel/app/public/wp-content/themes/handel/index.php on line 44
[29-Nov-2022 13:38:30 UTC] PHP Parse error:  syntax error, unexpected variable "$categorias" in /home/raphael/Documentos/GitHub/Projetos/10-WordPress/handel/app/public/wp-content/themes/handel/index.php on line 45
[29-Nov-2022 13:39:08 UTC] PHP Parse error:  syntax error, unexpected token "<", expecting end of file in /home/raphael/Documentos/GitHub/Projetos/10-WordPress/handel/app/public/wp-content/themes/handel/index.php on line 47
[29-Nov-2022 13:39:11 UTC] PHP Parse error:  syntax error, unexpected token "<", expecting end of file in /home/raphael/Documentos/GitHub/Projetos/10-WordPress/handel/app/public/wp-content/themes/handel/index.php on line 47
[29-Nov-2022 13:39:13 UTC] PHP Fatal error:  Uncaught Error: Undefined constant "php" in /home/raphael/Documentos/GitHub/Projetos/10-WordPress/handel/app/public/wp-content/themes/handel/index.php:46
Stack trace:
#0 /home/raphael/Documentos/GitHub/Projetos/10-WordPress/handel/app/public/wp-includes/template-loader.php(106): include()
#1 /home/raphael/Documentos/GitHub/Projetos/10-WordPress/handel/app/public/wp-blog-header.php(19): require_once('/home/raphael/D...')
#2 /home/raphael/Documentos/GitHub/Projetos/10-WordPress/handel/app/public/index.php(17): require('/home/raphael/D...')
#3 {main}
  thrown in /home/raphael/Documentos/GitHub/Projetos/10-WordPress/handel/app/public/wp-content/themes/handel/index.php on line 46
[29-Nov-2022 13:39:13 UTC] PHP Fatal error:  Uncaught Error: Undefined constant "php" in /home/raphael/Documentos/GitHub/Projetos/10-WordPress/handel/app/public/wp-content/themes/handel/index.php:46
Stack trace:
#0 /home/raphael/Documentos/GitHub/Projetos/10-WordPress/handel/app/public/wp-includes/template-loader.php(106): include()
#1 /home/raphael/Documentos/GitHub/Projetos/10-WordPress/handel/app/public/wp-blog-header.php(19): require_once('/home/raphael/D...')
#2 /home/raphael/Documentos/GitHub/Projetos/10-WordPress/handel/app/public/index.php(17): require('/home/raphael/D...')
#3 {main}
  thrown in /home/raphael/Documentos/GitHub/Projetos/10-WordPress/handel/app/public/wp-content/themes/handel/index.php on line 46
[29-Nov-2022 13:40:55 UTC] PHP Parse error:  syntax error, unexpected token ";", expecting variable or "{" or "$" in /home/raphael/Documentos/GitHub/Projetos/10-WordPress/handel/app/public/wp-content/themes/handel/index.php on line 52
[29-Nov-2022 13:41:03 UTC] PHP Warning:  Undefined array key "estoque" in /home/raphael/Documentos/GitHub/Projetos/10-WordPress/handel/app/public/wp-content/themes/handel/index.php on line 51
[29-Nov-2022 13:41:03 UTC] PHP Stack trace:
[29-Nov-2022 13:41:03 UTC] PHP   1. {main}() /home/raphael/Documentos/GitHub/Projetos/10-WordPress/handel/app/public/index.php:0
[29-Nov-2022 13:41:03 UTC] PHP   2. require() /home/raphael/Documentos/GitHub/Projetos/10-WordPress/handel/app/public/index.php:17
[29-Nov-2022 13:41:03 UTC] PHP   3. require_once() /home/raphael/Documentos/GitHub/Projetos/10-WordPress/handel/app/public/wp-blog-header.php:19
[29-Nov-2022 13:41:03 UTC] PHP   4. include() /home/raphael/Documentos/GitHub/Projetos/10-WordPress/handel/app/public/wp-includes/template-loader.php:106
[29-Nov-2022 13:41:04 UTC] PHP Warning:  Undefined array key "estoque" in /home/raphael/Documentos/GitHub/Projetos/10-WordPress/handel/app/public/wp-content/themes/handel/index.php on line 51
[29-Nov-2022 13:41:04 UTC] PHP Stack trace:
[29-Nov-2022 13:41:04 UTC] PHP   1. {main}() /home/raphael/Documentos/GitHub/Projetos/10-WordPress/handel/app/public/index.php:0
[29-Nov-2022 13:41:04 UTC] PHP   2. require() /home/raphael/Documentos/GitHub/Projetos/10-WordPress/handel/app/public/index.php:17
[29-Nov-2022 13:41:04 UTC] PHP   3. require_once() /home/raphael/Documentos/GitHub/Projetos/10-WordPress/handel/app/public/wp-blog-header.php:19
[29-Nov-2022 13:41:04 UTC] PHP   4. include() /home/raphael/Documentos/GitHub/Projetos/10-WordPress/handel/app/public/wp-includes/template-loader.php:106
[29-Nov-2022 13:41:25 UTC] PHP Warning:  Undefined variable $pro in /home/raphael/Documentos/GitHub/Projetos/10-WordPress/handel/app/public/wp-content/themes/handel/index.php on line 52
[29-Nov-2022 13:41:25 UTC] PHP Stack trace:
[29-Nov-2022 13:41:25 UTC] PHP   1. {main}() /home/raphael/Documentos/GitHub/Projetos/10-WordPress/handel/app/public/index.php:0
[29-Nov-2022 13:41:25 UTC] PHP   2. require() /home/raphael/Documentos/GitHub/Projetos/10-WordPress/handel/app/public/index.php:17
[29-Nov-2022 13:41:25 UTC] PHP   3. require_once() /home/raphael/Documentos/GitHub/Projetos/10-WordPress/handel/app/public/wp-blog-header.php:19
[29-Nov-2022 13:41:25 UTC] PHP   4. include() /home/raphael/Documentos/GitHub/Projetos/10-WordPress/handel/app/public/wp-includes/template-loader.php:106
[29-Nov-2022 13:41:26 UTC] PHP Warning:  Undefined variable $pro in /home/raphael/Documentos/GitHub/Projetos/10-WordPress/handel/app/public/wp-content/themes/handel/index.php on line 52
[29-Nov-2022 13:41:26 UTC] PHP Stack trace:
[29-Nov-2022 13:41:26 UTC] PHP   1. {main}() /home/raphael/Documentos/GitHub/Projetos/10-WordPress/handel/app/public/index.php:0
[29-Nov-2022 13:41:26 UTC] PHP   2. require() /home/raphael/Documentos/GitHub/Projetos/10-WordPress/handel/app/public/index.php:17
[29-Nov-2022 13:41:26 UTC] PHP   3. require_once() /home/raphael/Documentos/GitHub/Projetos/10-WordPress/handel/app/public/wp-blog-header.php:19
[29-Nov-2022 13:41:26 UTC] PHP   4. include() /home/raphael/Documentos/GitHub/Projetos/10-WordPress/handel/app/public/wp-includes/template-loader.php:106
[29-Nov-2022 13:42:48 UTC] PHP Parse error:  syntax error, unexpected token ")", expecting variable or "{" or "$" in /home/raphael/Documentos/GitHub/Projetos/10-WordPress/handel/app/public/wp-content/themes/handel/index.php on line 53
[29-Nov-2022 13:44:12 UTC] PHP Warning:  Undefined variable $produto in /home/raphael/Documentos/GitHub/Projetos/10-WordPress/handel/app/public/wp-content/themes/handel/index.php on line 53
[29-Nov-2022 13:44:12 UTC] PHP Stack trace:
[29-Nov-2022 13:44:12 UTC] PHP   1. {main}() /home/raphael/Documentos/GitHub/Projetos/10-WordPress/handel/app/public/index.php:0
[29-Nov-2022 13:44:12 UTC] PHP   2. require() /home/raphael/Documentos/GitHub/Projetos/10-WordPress/handel/app/public/index.php:17
[29-Nov-2022 13:44:12 UTC] PHP   3. require_once() /home/raphael/Documentos/GitHub/Projetos/10-WordPress/handel/app/public/wp-blog-header.php:19
[29-Nov-2022 13:44:12 UTC] PHP   4. include() /home/raphael/Documentos/GitHub/Projetos/10-WordPress/handel/app/public/wp-includes/template-loader.php:106
[29-Nov-2022 13:44:13 UTC] PHP Warning:  Undefined variable $produto in /home/raphael/Documentos/GitHub/Projetos/10-WordPress/handel/app/public/wp-content/themes/handel/index.php on line 53
[29-Nov-2022 13:44:13 UTC] PHP Stack trace:
[29-Nov-2022 13:44:13 UTC] PHP   1. {main}() /home/raphael/Documentos/GitHub/Projetos/10-WordPress/handel/app/public/index.php:0
[29-Nov-2022 13:44:13 UTC] PHP   2. require() /home/raphael/Documentos/GitHub/Projetos/10-WordPress/handel/app/public/index.php:17
[29-Nov-2022 13:44:13 UTC] PHP   3. require_once() /home/raphael/Documentos/GitHub/Projetos/10-WordPress/handel/app/public/wp-blog-header.php:19
[29-Nov-2022 13:44:13 UTC] PHP   4. include() /home/raphael/Documentos/GitHub/Projetos/10-WordPress/handel/app/public/wp-includes/template-loader.php:106
[29-Nov-2022 13:47:43 UTC] PHP Fatal error:  Uncaught ArgumentCountError: count() expects at least 1 argument, 0 given in /home/raphael/Documentos/GitHub/Projetos/10-WordPress/handel/app/public/wp-content/themes/handel/index.php:54
Stack trace:
#0 /home/raphael/Documentos/GitHub/Projetos/10-WordPress/handel/app/public/wp-content/themes/handel/index.php(54): count()
#1 /home/raphael/Documentos/GitHub/Projetos/10-WordPress/handel/app/public/wp-includes/template-loader.php(106): include('/home/raphael/D...')
#2 /home/raphael/Documentos/GitHub/Projetos/10-WordPress/handel/app/public/wp-blog-header.php(19): require_once('/home/raphael/D...')
#3 /home/raphael/Documentos/GitHub/Projetos/10-WordPress/handel/app/public/index.php(17): require('/home/raphael/D...')
#4 {main}
  thrown in /home/raphael/Documentos/GitHub/Projetos/10-WordPress/handel/app/public/wp-content/themes/handel/index.php on line 54
[29-Nov-2022 13:47:43 UTC] PHP Fatal error:  Uncaught ArgumentCountError: count() expects at least 1 argument, 0 given in /home/raphael/Documentos/GitHub/Projetos/10-WordPress/handel/app/public/wp-content/themes/handel/index.php:54
Stack trace:
#0 /home/raphael/Documentos/GitHub/Projetos/10-WordPress/handel/app/public/wp-content/themes/handel/index.php(54): count()
#1 /home/raphael/Documentos/GitHub/Projetos/10-WordPress/handel/app/public/wp-includes/template-loader.php(106): include('/home/raphael/D...')
#2 /home/raphael/Documentos/GitHub/Projetos/10-WordPress/handel/app/public/wp-blog-header.php(19): require_once('/home/raphael/D...')
#3 /home/raphael/Documentos/GitHub/Projetos/10-WordPress/handel/app/public/index.php(17): require('/home/raphael/D...')
#4 {main}
  thrown in /home/raphael/Documentos/GitHub/Projetos/10-WordPress/handel/app/public/wp-content/themes/handel/index.php on line 54
[29-Nov-2022 13:47:46 UTC] PHP Warning:  Undefined variable $pro in /home/raphael/Documentos/GitHub/Projetos/10-WordPress/handel/app/public/wp-content/themes/handel/index.php on line 54
[29-Nov-2022 13:47:46 UTC] PHP Stack trace:
[29-Nov-2022 13:47:46 UTC] PHP   1. {main}() /home/raphael/Documentos/GitHub/Projetos/10-WordPress/handel/app/public/index.php:0
[29-Nov-2022 13:47:46 UTC] PHP   2. require() /home/raphael/Documentos/GitHub/Projetos/10-WordPress/handel/app/public/index.php:17
[29-Nov-2022 13:47:46 UTC] PHP   3. require_once() /home/raphael/Documentos/GitHub/Projetos/10-WordPress/handel/app/public/wp-blog-header.php:19
[29-Nov-2022 13:47:46 UTC] PHP   4. include() /home/raphael/Documentos/GitHub/Projetos/10-WordPress/handel/app/public/wp-includes/template-loader.php:106
[29-Nov-2022 13:47:46 UTC] PHP Fatal error:  Uncaught TypeError: count(): Argument #1 ($value) must be of type Countable|array, null given in /home/raphael/Documentos/GitHub/Projetos/10-WordPress/handel/app/public/wp-content/themes/handel/index.php:54
Stack trace:
#0 /home/raphael/Documentos/GitHub/Projetos/10-WordPress/handel/app/public/wp-includes/template-loader.php(106): include()
#1 /home/raphael/Documentos/GitHub/Projetos/10-WordPress/handel/app/public/wp-blog-header.php(19): require_once('/home/raphael/D...')
#2 /home/raphael/Documentos/GitHub/Projetos/10-WordPress/handel/app/public/index.php(17): require('/home/raphael/D...')
#3 {main}
  thrown in /home/raphael/Documentos/GitHub/Projetos/10-WordPress/handel/app/public/wp-content/themes/handel/index.php on line 54
[29-Nov-2022 13:48:27 UTC] PHP Fatal error:  Uncaught Error: Call to undefined function ecount() in /home/raphael/Documentos/GitHub/Projetos/10-WordPress/handel/app/public/wp-content/themes/handel/index.php:54
Stack trace:
#0 /home/raphael/Documentos/GitHub/Projetos/10-WordPress/handel/app/public/wp-includes/template-loader.php(106): include()
#1 /home/raphael/Documentos/GitHub/Projetos/10-WordPress/handel/app/public/wp-blog-header.php(19): require_once('/home/raphael/D...')
#2 /home/raphael/Documentos/GitHub/Projetos/10-WordPress/handel/app/public/index.php(17): require('/home/raphael/D...')
#3 {main}
  thrown in /home/raphael/Documentos/GitHub/Projetos/10-WordPress/handel/app/public/wp-content/themes/handel/index.php on line 54
[29-Nov-2022 13:48:27 UTC] PHP Fatal error:  Uncaught Error: Call to undefined function ecount() in /home/raphael/Documentos/GitHub/Projetos/10-WordPress/handel/app/public/wp-content/themes/handel/index.php:54
Stack trace:
#0 /home/raphael/Documentos/GitHub/Projetos/10-WordPress/handel/app/public/wp-includes/template-loader.php(106): include()
#1 /home/raphael/Documentos/GitHub/Projetos/10-WordPress/handel/app/public/wp-blog-header.php(19): require_once('/home/raphael/D...')
#2 /home/raphael/Documentos/GitHub/Projetos/10-WordPress/handel/app/public/index.php(17): require('/home/raphael/D...')
#3 {main}
  thrown in /home/raphael/Documentos/GitHub/Projetos/10-WordPress/handel/app/public/wp-content/themes/handel/index.php on line 54
[29-Nov-2022 13:49:34 UTC] PHP Fatal error:  Uncaught Error: Undefined constant "arrays" in /home/raphael/Documentos/GitHub/Projetos/10-WordPress/handel/app/public/wp-content/themes/handel/index.php:55
Stack trace:
#0 /home/raphael/Documentos/GitHub/Projetos/10-WordPress/handel/app/public/wp-includes/template-loader.php(106): include()
#1 /home/raphael/Documentos/GitHub/Projetos/10-WordPress/handel/app/public/wp-blog-header.php(19): require_once('/home/raphael/D...')
#2 /home/raphael/Documentos/GitHub/Projetos/10-WordPress/handel/app/public/index.php(17): require('/home/raphael/D...')
#3 {main}
  thrown in /home/raphael/Documentos/GitHub/Projetos/10-WordPress/handel/app/public/wp-content/themes/handel/index.php on line 55
[29-Nov-2022 13:49:35 UTC] PHP Fatal error:  Uncaught Error: Undefined constant "arrays" in /home/raphael/Documentos/GitHub/Projetos/10-WordPress/handel/app/public/wp-content/themes/handel/index.php:55
Stack trace:
#0 /home/raphael/Documentos/GitHub/Projetos/10-WordPress/handel/app/public/wp-includes/template-loader.php(106): include()
#1 /home/raphael/Documentos/GitHub/Projetos/10-WordPress/handel/app/public/wp-blog-header.php(19): require_once('/home/raphael/D...')
#2 /home/raphael/Documentos/GitHub/Projetos/10-WordPress/handel/app/public/index.php(17): require('/home/raphael/D...')
#3 {main}
  thrown in /home/raphael/Documentos/GitHub/Projetos/10-WordPress/handel/app/public/wp-content/themes/handel/index.php on line 55
[29-Nov-2022 13:49:36 UTC] PHP Fatal error:  Uncaught Error: Undefined constant "arrays" in /home/raphael/Documentos/GitHub/Projetos/10-WordPress/handel/app/public/wp-content/themes/handel/index.php:55
Stack trace:
#0 /home/raphael/Documentos/GitHub/Projetos/10-WordPress/handel/app/public/wp-includes/template-loader.php(106): include()
#1 /home/raphael/Documentos/GitHub/Projetos/10-WordPress/handel/app/public/wp-blog-header.php(19): require_once('/home/raphael/D...')
#2 /home/raphael/Documentos/GitHub/Projetos/10-WordPress/handel/app/public/index.php(17): require('/home/raphael/D...')
#3 {main}
  thrown in /home/raphael/Documentos/GitHub/Projetos/10-WordPress/handel/app/public/wp-content/themes/handel/index.php on line 55
[29-Nov-2022 13:49:37 UTC] PHP Fatal error:  Uncaught Error: Undefined constant "arrays" in /home/raphael/Documentos/GitHub/Projetos/10-WordPress/handel/app/public/wp-content/themes/handel/index.php:55
Stack trace:
#0 /home/raphael/Documentos/GitHub/Projetos/10-WordPress/handel/app/public/wp-includes/template-loader.php(106): include()
#1 /home/raphael/Documentos/GitHub/Projetos/10-WordPress/handel/app/public/wp-blog-header.php(19): require_once('/home/raphael/D...')
#2 /home/raphael/Documentos/GitHub/Projetos/10-WordPress/handel/app/public/index.php(17): require('/home/raphael/D...')
#3 {main}
  thrown in /home/raphael/Documentos/GitHub/Projetos/10-WordPress/handel/app/public/wp-content/themes/handel/index.php on line 55
[29-Nov-2022 13:49:38 UTC] PHP Fatal error:  Uncaught Error: Undefined constant "arrayke" in /home/raphael/Documentos/GitHub/Projetos/10-WordPress/handel/app/public/wp-content/themes/handel/index.php:55
Stack trace:
#0 /home/raphael/Documentos/GitHub/Projetos/10-WordPress/handel/app/public/wp-includes/template-loader.php(106): include()
#1 /home/raphael/Documentos/GitHub/Projetos/10-WordPress/handel/app/public/wp-blog-header.php(19): require_once('/home/raphael/D...')
#2 /home/raphael/Documentos/GitHub/Projetos/10-WordPress/handel/app/public/index.php(17): require('/home/raphael/D...')
#3 {main}
  thrown in /home/raphael/Documentos/GitHub/Projetos/10-WordPress/handel/app/public/wp-content/themes/handel/index.php on line 55
[29-Nov-2022 13:49:39 UTC] PHP Fatal error:  Uncaught Error: Undefined constant "arrayke" in /home/raphael/Documentos/GitHub/Projetos/10-WordPress/handel/app/public/wp-content/themes/handel/index.php:55
Stack trace:
#0 /home/raphael/Documentos/GitHub/Projetos/10-WordPress/handel/app/public/wp-includes/template-loader.php(106): include()
#1 /home/raphael/Documentos/GitHub/Projetos/10-WordPress/handel/app/public/wp-blog-header.php(19): require_once('/home/raphael/D...')
#2 /home/raphael/Documentos/GitHub/Projetos/10-WordPress/handel/app/public/index.php(17): require('/home/raphael/D...')
#3 {main}
  thrown in /home/raphael/Documentos/GitHub/Projetos/10-WordPress/handel/app/public/wp-content/themes/handel/index.php on line 55
[29-Nov-2022 13:49:43 UTC] PHP Parse error:  syntax error, unexpected token ";", expecting "(" in /home/raphael/Documentos/GitHub/Projetos/10-WordPress/handel/app/public/wp-content/themes/handel/index.php on line 56
[29-Nov-2022 13:49:44 UTC] PHP Fatal error:  Uncaught Error: Undefined constant "array_" in /home/raphael/Documentos/GitHub/Projetos/10-WordPress/handel/app/public/wp-content/themes/handel/index.php:55
Stack trace:
#0 /home/raphael/Documentos/GitHub/Projetos/10-WordPress/handel/app/public/wp-includes/template-loader.php(106): include()
#1 /home/raphael/Documentos/GitHub/Projetos/10-WordPress/handel/app/public/wp-blog-header.php(19): require_once('/home/raphael/D...')
#2 /home/raphael/Documentos/GitHub/Projetos/10-WordPress/handel/app/public/index.php(17): require('/home/raphael/D...')
#3 {main}
  thrown in /home/raphael/Documentos/GitHub/Projetos/10-WordPress/handel/app/public/wp-content/themes/handel/index.php on line 55
[29-Nov-2022 13:49:45 UTC] PHP Fatal error:  Uncaught Error: Undefined constant "array_" in /home/raphael/Documentos/GitHub/Projetos/10-WordPress/handel/app/public/wp-content/themes/handel/index.php:55
Stack trace:
#0 /home/raphael/Documentos/GitHub/Projetos/10-WordPress/handel/app/public/wp-includes/template-loader.php(106): include()
#1 /home/raphael/Documentos/GitHub/Projetos/10-WordPress/handel/app/public/wp-blog-header.php(19): require_once('/home/raphael/D...')
#2 /home/raphael/Documentos/GitHub/Projetos/10-WordPress/handel/app/public/index.php(17): require('/home/raphael/D...')
#3 {main}
  thrown in /home/raphael/Documentos/GitHub/Projetos/10-WordPress/handel/app/public/wp-content/themes/handel/index.php on line 55
[29-Nov-2022 13:49:46 UTC] PHP Fatal error:  Uncaught ArgumentCountError: array_keys() expects at least 1 argument, 0 given in /home/raphael/Documentos/GitHub/Projetos/10-WordPress/handel/app/public/wp-content/themes/handel/index.php:55
Stack trace:
#0 /home/raphael/Documentos/GitHub/Projetos/10-WordPress/handel/app/public/wp-content/themes/handel/index.php(55): array_keys()
#1 /home/raphael/Documentos/GitHub/Projetos/10-WordPress/handel/app/public/wp-includes/template-loader.php(106): include('/home/raphael/D...')
#2 /home/raphael/Documentos/GitHub/Projetos/10-WordPress/handel/app/public/wp-blog-header.php(19): require_once('/home/raphael/D...')
#3 /home/raphael/Documentos/GitHub/Projetos/10-WordPress/handel/app/public/index.php(17): require('/home/raphael/D...')
#4 {main}
  thrown in /home/raphael/Documentos/GitHub/Projetos/10-WordPress/handel/app/public/wp-content/themes/handel/index.php on line 55
[29-Nov-2022 13:49:47 UTC] PHP Fatal error:  Uncaught ArgumentCountError: array_keys() expects at least 1 argument, 0 given in /home/raphael/Documentos/GitHub/Projetos/10-WordPress/handel/app/public/wp-content/themes/handel/index.php:55
Stack trace:
#0 /home/raphael/Documentos/GitHub/Projetos/10-WordPress/handel/app/public/wp-content/themes/handel/index.php(55): array_keys()
#1 /home/raphael/Documentos/GitHub/Projetos/10-WordPress/handel/app/public/wp-includes/template-loader.php(106): include('/home/raphael/D...')
#2 /home/raphael/Documentos/GitHub/Projetos/10-WordPress/handel/app/public/wp-blog-header.php(19): require_once('/home/raphael/D...')
#3 /home/raphael/Documentos/GitHub/Projetos/10-WordPress/handel/app/public/index.php(17): require('/home/raphael/D...')
#4 {main}
  thrown in /home/raphael/Documentos/GitHub/Projetos/10-WordPress/handel/app/public/wp-content/themes/handel/index.php on line 55
[29-Nov-2022 13:49:49 UTC] PHP Parse error:  syntax error, unexpected token ")", expecting variable or "{" or "$" in /home/raphael/Documentos/GitHub/Projetos/10-WordPress/handel/app/public/wp-content/themes/handel/index.php on line 55
[29-Nov-2022 13:49:52 UTC] PHP Warning:  Array to string conversion in /home/raphael/Documentos/GitHub/Projetos/10-WordPress/handel/app/public/wp-content/themes/handel/index.php on line 55
[29-Nov-2022 13:49:52 UTC] PHP Stack trace:
[29-Nov-2022 13:49:52 UTC] PHP   1. {main}() /home/raphael/Documentos/GitHub/Projetos/10-WordPress/handel/app/public/index.php:0
[29-Nov-2022 13:49:52 UTC] PHP   2. require() /home/raphael/Documentos/GitHub/Projetos/10-WordPress/handel/app/public/index.php:17
[29-Nov-2022 13:49:52 UTC] PHP   3. require_once() /home/raphael/Documentos/GitHub/Projetos/10-WordPress/handel/app/public/wp-blog-header.php:19
[29-Nov-2022 13:49:52 UTC] PHP   4. include() /home/raphael/Documentos/GitHub/Projetos/10-WordPress/handel/app/public/wp-includes/template-loader.php:106
[29-Nov-2022 13:49:52 UTC] PHP Warning:  Array to string conversion in /home/raphael/Documentos/GitHub/Projetos/10-WordPress/handel/app/public/wp-content/themes/handel/index.php on line 55
[29-Nov-2022 13:49:52 UTC] PHP Stack trace:
[29-Nov-2022 13:49:52 UTC] PHP   1. {main}() /home/raphael/Documentos/GitHub/Projetos/10-WordPress/handel/app/public/index.php:0
[29-Nov-2022 13:49:52 UTC] PHP   2. require() /home/raphael/Documentos/GitHub/Projetos/10-WordPress/handel/app/public/index.php:17
[29-Nov-2022 13:49:52 UTC] PHP   3. require_once() /home/raphael/Documentos/GitHub/Projetos/10-WordPress/handel/app/public/wp-blog-header.php:19
[29-Nov-2022 13:49:52 UTC] PHP   4. include() /home/raphael/Documentos/GitHub/Projetos/10-WordPress/handel/app/public/wp-includes/template-loader.php:106
[29-Nov-2022 13:49:55 UTC] PHP Warning:  Array to string conversion in /home/raphael/Documentos/GitHub/Projetos/10-WordPress/handel/app/public/wp-content/themes/handel/index.php on line 55
[29-Nov-2022 13:49:55 UTC] PHP Stack trace:
[29-Nov-2022 13:49:55 UTC] PHP   1. {main}() /home/raphael/Documentos/GitHub/Projetos/10-WordPress/handel/app/public/index.php:0
[29-Nov-2022 13:49:55 UTC] PHP   2. require() /home/raphael/Documentos/GitHub/Projetos/10-WordPress/handel/app/public/index.php:17
[29-Nov-2022 13:49:55 UTC] PHP   3. require_once() /home/raphael/Documentos/GitHub/Projetos/10-WordPress/handel/app/public/wp-blog-header.php:19
[29-Nov-2022 13:49:55 UTC] PHP   4. include() /home/raphael/Documentos/GitHub/Projetos/10-WordPress/handel/app/public/wp-includes/template-loader.php:106
[29-Nov-2022 13:49:55 UTC] PHP Warning:  Array to string conversion in /home/raphael/Documentos/GitHub/Projetos/10-WordPress/handel/app/public/wp-content/themes/handel/index.php on line 55
[29-Nov-2022 13:49:55 UTC] PHP Stack trace:
[29-Nov-2022 13:49:55 UTC] PHP   1. {main}() /home/raphael/Documentos/GitHub/Projetos/10-WordPress/handel/app/public/index.php:0
[29-Nov-2022 13:49:55 UTC] PHP   2. require() /home/raphael/Documentos/GitHub/Projetos/10-WordPress/handel/app/public/index.php:17
[29-Nov-2022 13:49:55 UTC] PHP   3. require_once() /home/raphael/Documentos/GitHub/Projetos/10-WordPress/handel/app/public/wp-blog-header.php:19
[29-Nov-2022 13:49:55 UTC] PHP   4. include() /home/raphael/Documentos/GitHub/Projetos/10-WordPress/handel/app/public/wp-includes/template-loader.php:106
[29-Nov-2022 13:50:17 UTC] PHP Warning:  Undefined variable $array_keys in /home/raphael/Documentos/GitHub/Projetos/10-WordPress/handel/app/public/wp-content/themes/handel/index.php on line 55
[29-Nov-2022 13:50:17 UTC] PHP Stack trace:
[29-Nov-2022 13:50:17 UTC] PHP   1. {main}() /home/raphael/Documentos/GitHub/Projetos/10-WordPress/handel/app/public/index.php:0
[29-Nov-2022 13:50:17 UTC] PHP   2. require() /home/raphael/Documentos/GitHub/Projetos/10-WordPress/handel/app/public/index.php:17
[29-Nov-2022 13:50:17 UTC] PHP   3. require_once() /home/raphael/Documentos/GitHub/Projetos/10-WordPress/handel/app/public/wp-blog-header.php:19
[29-Nov-2022 13:50:17 UTC] PHP   4. include() /home/raphael/Documentos/GitHub/Projetos/10-WordPress/handel/app/public/wp-includes/template-loader.php:106
[29-Nov-2022 13:50:17 UTC] PHP Fatal error:  Uncaught Error: Value of type null is not callable in /home/raphael/Documentos/GitHub/Projetos/10-WordPress/handel/app/public/wp-content/themes/handel/index.php:55
Stack trace:
#0 /home/raphael/Documentos/GitHub/Projetos/10-WordPress/handel/app/public/wp-includes/template-loader.php(106): include()
#1 /home/raphael/Documentos/GitHub/Projetos/10-WordPress/handel/app/public/wp-blog-header.php(19): require_once('/home/raphael/D...')
#2 /home/raphael/Documentos/GitHub/Projetos/10-WordPress/handel/app/public/index.php(17): require('/home/raphael/D...')
#3 {main}
  thrown in /home/raphael/Documentos/GitHub/Projetos/10-WordPress/handel/app/public/wp-content/themes/handel/index.php on line 55
[29-Nov-2022 13:50:17 UTC] PHP Warning:  Undefined variable $array_keys in /home/raphael/Documentos/GitHub/Projetos/10-WordPress/handel/app/public/wp-content/themes/handel/index.php on line 55
[29-Nov-2022 13:50:17 UTC] PHP Stack trace:
[29-Nov-2022 13:50:17 UTC] PHP   1. {main}() /home/raphael/Documentos/GitHub/Projetos/10-WordPress/handel/app/public/index.php:0
[29-Nov-2022 13:50:17 UTC] PHP   2. require() /home/raphael/Documentos/GitHub/Projetos/10-WordPress/handel/app/public/index.php:17
[29-Nov-2022 13:50:17 UTC] PHP   3. require_once() /home/raphael/Documentos/GitHub/Projetos/10-WordPress/handel/app/public/wp-blog-header.php:19
[29-Nov-2022 13:50:17 UTC] PHP   4. include() /home/raphael/Documentos/GitHub/Projetos/10-WordPress/handel/app/public/wp-includes/template-loader.php:106
[29-Nov-2022 13:50:17 UTC] PHP Fatal error:  Uncaught Error: Value of type null is not callable in /home/raphael/Documentos/GitHub/Projetos/10-WordPress/handel/app/public/wp-content/themes/handel/index.php:55
Stack trace:
#0 /home/raphael/Documentos/GitHub/Projetos/10-WordPress/handel/app/public/wp-includes/template-loader.php(106): include()
#1 /home/raphael/Documentos/GitHub/Projetos/10-WordPress/handel/app/public/wp-blog-header.php(19): require_once('/home/raphael/D...')
#2 /home/raphael/Documentos/GitHub/Projetos/10-WordPress/handel/app/public/index.php(17): require('/home/raphael/D...')
#3 {main}
  thrown in /home/raphael/Documentos/GitHub/Projetos/10-WordPress/handel/app/public/wp-content/themes/handel/index.php on line 55
[29-Nov-2022 13:50:26 UTC] PHP Parse error:  syntax error, unexpected token ";" in /home/raphael/Documentos/GitHub/Projetos/10-WordPress/handel/app/public/wp-content/themes/handel/index.php on line 57
[29-Nov-2022 13:50:29 UTC] PHP Warning:  Undefined variable $pro in /home/raphael/Documentos/GitHub/Projetos/10-WordPress/handel/app/public/wp-content/themes/handel/index.php on line 56
[29-Nov-2022 13:50:29 UTC] PHP Stack trace:
[29-Nov-2022 13:50:29 UTC] PHP   1. {main}() /home/raphael/Documentos/GitHub/Projetos/10-WordPress/handel/app/public/index.php:0
[29-Nov-2022 13:50:29 UTC] PHP   2. require() /home/raphael/Documentos/GitHub/Projetos/10-WordPress/handel/app/public/index.php:17
[29-Nov-2022 13:50:29 UTC] PHP   3. require_once() /home/raphael/Documentos/GitHub/Projetos/10-WordPress/handel/app/public/wp-blog-header.php:19
[29-Nov-2022 13:50:29 UTC] PHP   4. include() /home/raphael/Documentos/GitHub/Projetos/10-WordPress/handel/app/public/wp-includes/template-loader.php:106
[29-Nov-2022 13:50:29 UTC] PHP Warning:  Undefined variable $pro in /home/raphael/Documentos/GitHub/Projetos/10-WordPress/handel/app/public/wp-content/themes/handel/index.php on line 56
[29-Nov-2022 13:50:29 UTC] PHP Stack trace:
[29-Nov-2022 13:50:29 UTC] PHP   1. {main}() /home/raphael/Documentos/GitHub/Projetos/10-WordPress/handel/app/public/index.php:0
[29-Nov-2022 13:50:29 UTC] PHP   2. require() /home/raphael/Documentos/GitHub/Projetos/10-WordPress/handel/app/public/index.php:17
[29-Nov-2022 13:50:29 UTC] PHP   3. require_once() /home/raphael/Documentos/GitHub/Projetos/10-WordPress/handel/app/public/wp-blog-header.php:19
[29-Nov-2022 13:50:29 UTC] PHP   4. include() /home/raphael/Documentos/GitHub/Projetos/10-WordPress/handel/app/public/wp-includes/template-loader.php:106
[29-Nov-2022 13:50:30 UTC] PHP Warning:  Array to string conversion in /home/raphael/Documentos/GitHub/Projetos/10-WordPress/handel/app/public/wp-content/themes/handel/index.php on line 56
[29-Nov-2022 13:50:30 UTC] PHP Stack trace:
[29-Nov-2022 13:50:30 UTC] PHP   1. {main}() /home/raphael/Documentos/GitHub/Projetos/10-WordPress/handel/app/public/index.php:0
[29-Nov-2022 13:50:30 UTC] PHP   2. require() /home/raphael/Documentos/GitHub/Projetos/10-WordPress/handel/app/public/index.php:17
[29-Nov-2022 13:50:30 UTC] PHP   3. require_once() /home/raphael/Documentos/GitHub/Projetos/10-WordPress/handel/app/public/wp-blog-header.php:19
[29-Nov-2022 13:50:30 UTC] PHP   4. include() /home/raphael/Documentos/GitHub/Projetos/10-WordPress/handel/app/public/wp-includes/template-loader.php:106
[29-Nov-2022 13:50:31 UTC] PHP Warning:  Array to string conversion in /home/raphael/Documentos/GitHub/Projetos/10-WordPress/handel/app/public/wp-content/themes/handel/index.php on line 56
[29-Nov-2022 13:50:31 UTC] PHP Stack trace:
[29-Nov-2022 13:50:31 UTC] PHP   1. {main}() /home/raphael/Documentos/GitHub/Projetos/10-WordPress/handel/app/public/index.php:0
[29-Nov-2022 13:50:31 UTC] PHP   2. require() /home/raphael/Documentos/GitHub/Projetos/10-WordPress/handel/app/public/index.php:17
[29-Nov-2022 13:50:31 UTC] PHP   3. require_once() /home/raphael/Documentos/GitHub/Projetos/10-WordPress/handel/app/public/wp-blog-header.php:19
[29-Nov-2022 13:50:31 UTC] PHP   4. include() /home/raphael/Documentos/GitHub/Projetos/10-WordPress/handel/app/public/wp-includes/template-loader.php:106
[29-Nov-2022 13:50:32 UTC] PHP Warning:  Array to string conversion in /home/raphael/Documentos/GitHub/Projetos/10-WordPress/handel/app/public/wp-content/themes/handel/index.php on line 56
[29-Nov-2022 13:50:32 UTC] PHP Stack trace:
[29-Nov-2022 13:50:32 UTC] PHP   1. {main}() /home/raphael/Documentos/GitHub/Projetos/10-WordPress/handel/app/public/index.php:0
[29-Nov-2022 13:50:32 UTC] PHP   2. require() /home/raphael/Documentos/GitHub/Projetos/10-WordPress/handel/app/public/index.php:17
[29-Nov-2022 13:50:32 UTC] PHP   3. require_once() /home/raphael/Documentos/GitHub/Projetos/10-WordPress/handel/app/public/wp-blog-header.php:19
[29-Nov-2022 13:50:32 UTC] PHP   4. include() /home/raphael/Documentos/GitHub/Projetos/10-WordPress/handel/app/public/wp-includes/template-loader.php:106
[29-Nov-2022 13:50:32 UTC] PHP Warning:  Array to string conversion in /home/raphael/Documentos/GitHub/Projetos/10-WordPress/handel/app/public/wp-content/themes/handel/index.php on line 56
[29-Nov-2022 13:50:32 UTC] PHP Stack trace:
[29-Nov-2022 13:50:32 UTC] PHP   1. {main}() /home/raphael/Documentos/GitHub/Projetos/10-WordPress/handel/app/public/index.php:0
[29-Nov-2022 13:50:32 UTC] PHP   2. require() /home/raphael/Documentos/GitHub/Projetos/10-WordPress/handel/app/public/index.php:17
[29-Nov-2022 13:50:32 UTC] PHP   3. require_once() /home/raphael/Documentos/GitHub/Projetos/10-WordPress/handel/app/public/wp-blog-header.php:19
[29-Nov-2022 13:50:32 UTC] PHP   4. include() /home/raphael/Documentos/GitHub/Projetos/10-WordPress/handel/app/public/wp-includes/template-loader.php:106
[29-Nov-2022 13:50:47 UTC] PHP Warning:  Array to string conversion in /home/raphael/Documentos/GitHub/Projetos/10-WordPress/handel/app/public/wp-content/themes/handel/index.php on line 56
[29-Nov-2022 13:50:47 UTC] PHP Stack trace:
[29-Nov-2022 13:50:47 UTC] PHP   1. {main}() /home/raphael/Documentos/GitHub/Projetos/10-WordPress/handel/app/public/index.php:0
[29-Nov-2022 13:50:47 UTC] PHP   2. require() /home/raphael/Documentos/GitHub/Projetos/10-WordPress/handel/app/public/index.php:17
[29-Nov-2022 13:50:47 UTC] PHP   3. require_once() /home/raphael/Documentos/GitHub/Projetos/10-WordPress/handel/app/public/wp-blog-header.php:19
[29-Nov-2022 13:50:47 UTC] PHP   4. include() /home/raphael/Documentos/GitHub/Projetos/10-WordPress/handel/app/public/wp-includes/template-loader.php:106
[29-Nov-2022 13:50:48 UTC] PHP Warning:  Array to string conversion in /home/raphael/Documentos/GitHub/Projetos/10-WordPress/handel/app/public/wp-content/themes/handel/index.php on line 56
[29-Nov-2022 13:50:48 UTC] PHP Stack trace:
[29-Nov-2022 13:50:48 UTC] PHP   1. {main}() /home/raphael/Documentos/GitHub/Projetos/10-WordPress/handel/app/public/index.php:0
[29-Nov-2022 13:50:48 UTC] PHP   2. require() /home/raphael/Documentos/GitHub/Projetos/10-WordPress/handel/app/public/index.php:17
[29-Nov-2022 13:50:48 UTC] PHP   3. require_once() /home/raphael/Documentos/GitHub/Projetos/10-WordPress/handel/app/public/wp-blog-header.php:19
[29-Nov-2022 13:50:48 UTC] PHP   4. include() /home/raphael/Documentos/GitHub/Projetos/10-WordPress/handel/app/public/wp-includes/template-loader.php:106
[29-Nov-2022 13:51:07 UTC] PHP Fatal error:  Uncaught Error: Undefined constant "print_r" in /home/raphael/Documentos/GitHub/Projetos/10-WordPress/handel/app/public/wp-content/themes/handel/index.php:56
Stack trace:
#0 /home/raphael/Documentos/GitHub/Projetos/10-WordPress/handel/app/public/wp-includes/template-loader.php(106): include()
#1 /home/raphael/Documentos/GitHub/Projetos/10-WordPress/handel/app/public/wp-blog-header.php(19): require_once('/home/raphael/D...')
#2 /home/raphael/Documentos/GitHub/Projetos/10-WordPress/handel/app/public/index.php(17): require('/home/raphael/D...')
#3 {main}
  thrown in /home/raphael/Documentos/GitHub/Projetos/10-WordPress/handel/app/public/wp-content/themes/handel/index.php on line 56
[29-Nov-2022 13:51:08 UTC] PHP Fatal error:  Uncaught Error: Undefined constant "print_r" in /home/raphael/Documentos/GitHub/Projetos/10-WordPress/handel/app/public/wp-content/themes/handel/index.php:56
Stack trace:
#0 /home/raphael/Documentos/GitHub/Projetos/10-WordPress/handel/app/public/wp-includes/template-loader.php(106): include()
#1 /home/raphael/Documentos/GitHub/Projetos/10-WordPress/handel/app/public/wp-blog-header.php(19): require_once('/home/raphael/D...')
#2 /home/raphael/Documentos/GitHub/Projetos/10-WordPress/handel/app/public/index.php(17): require('/home/raphael/D...')
#3 {main}
  thrown in /home/raphael/Documentos/GitHub/Projetos/10-WordPress/handel/app/public/wp-content/themes/handel/index.php on line 56
