[19-Nov-2022 18:56:23] NOTICE: fpm is running, pid 112394
[19-Nov-2022 18:56:23] NOTICE: ready to handle connections
[19-Nov-2022 20:52:40] NOTICE: Terminating ...
[19-Nov-2022 20:52:40] NOTICE: Terminating ...
[19-Nov-2022 20:52:40] NOTICE: exiting, bye-bye!
[21-Nov-2022 08:04:04] NOTICE: fpm is running, pid 152252
[21-Nov-2022 08:04:04] NOTICE: ready to handle connections
[21-Nov-2022 15:29:55] WARNING: [pool www] child 152262 said into stderr: "sh: 1: --help: not found"
[21-Nov-2022 15:29:55] WARNING: [pool www] child 152262 said into stderr: "sh: 1: mysqldump: not found"
[21-Nov-2022 15:29:55] WARNING: [pool www] child 152262 said into stderr: "sh: 1: /usr/local/bin/mysqldump: not found"
[21-Nov-2022 15:29:55] WARNING: [pool www] child 152262 said into stderr: "sh: 1: /usr/local/mysql/bin/mysqldump: not found"
[21-Nov-2022 15:29:55] WARNING: [pool www] child 152262 said into stderr: "sh: 1: /usr/mysql/bin/mysqldump: not found"
[21-Nov-2022 15:29:55] WARNING: [pool www] child 152262 said into stderr: "sh: 1: /usr/bin/mysqldump: not found"
[21-Nov-2022 15:29:55] WARNING: [pool www] child 152262 said into stderr: "sh: 1: /opt/local/lib/mysql6/bin/mysqldump: not found"
[21-Nov-2022 15:29:55] WARNING: [pool www] child 152262 said into stderr: "sh: 1: /opt/local/lib/mysql5/bin/mysqldump: not found"
[21-Nov-2022 15:29:55] WARNING: [pool www] child 152262 said into stderr: "sh: 1: /usr/bin/mysqldump: not found"
[21-Nov-2022 15:30:05] WARNING: [pool www] child 152261 said into stderr: "sh: 1: --help: not found"
[21-Nov-2022 15:30:05] WARNING: [pool www] child 152261 said into stderr: "sh: 1: mysqldump: not found"
[21-Nov-2022 15:30:05] WARNING: [pool www] child 152261 said into stderr: "sh: 1: /usr/local/bin/mysqldump: not found"
[21-Nov-2022 15:30:05] WARNING: [pool www] child 152261 said into stderr: "sh: 1: /usr/local/mysql/bin/mysqldump: not found"
[21-Nov-2022 15:30:05] WARNING: [pool www] child 152261 said into stderr: "sh: 1: /usr/mysql/bin/mysqldump: not found"
[21-Nov-2022 15:30:05] WARNING: [pool www] child 152261 said into stderr: "sh: 1: /usr/bin/mysqldump: not found"
[21-Nov-2022 15:30:05] WARNING: [pool www] child 152261 said into stderr: "sh: 1: /opt/local/lib/mysql6/bin/mysqldump: not found"
[21-Nov-2022 15:30:05] WARNING: [pool www] child 152261 said into stderr: "sh: 1: /opt/local/lib/mysql5/bin/mysqldump: not found"
[21-Nov-2022 15:30:05] WARNING: [pool www] child 152261 said into stderr: "sh: 1: /usr/bin/mysqldump: not found"
[21-Nov-2022 15:30:34] WARNING: [pool www] child 152262 said into stderr: "sh: 1: --help: not found"
[21-Nov-2022 15:30:34] WARNING: [pool www] child 152262 said into stderr: "sh: 1: mysqldump: not found"
[21-Nov-2022 15:30:34] WARNING: [pool www] child 152262 said into stderr: "sh: 1: /usr/local/bin/mysqldump: not found"
[21-Nov-2022 15:30:34] WARNING: [pool www] child 152262 said into stderr: "sh: 1: /usr/local/mysql/bin/mysqldump: not found"
[21-Nov-2022 15:30:34] WARNING: [pool www] child 152262 said into stderr: "sh: 1: /usr/mysql/bin/mysqldump: not found"
[21-Nov-2022 15:30:34] WARNING: [pool www] child 152262 said into stderr: "sh: 1: /usr/bin/mysqldump: not found"
[21-Nov-2022 15:30:34] WARNING: [pool www] child 152262 said into stderr: "sh: 1: /opt/local/lib/mysql6/bin/mysqldump: not found"
[21-Nov-2022 15:30:34] WARNING: [pool www] child 152262 said into stderr: "sh: 1: /opt/local/lib/mysql5/bin/mysqldump: not found"
[21-Nov-2022 15:30:34] WARNING: [pool www] child 152262 said into stderr: "sh: 1: /usr/bin/mysqldump: not found"
[21-Nov-2022 15:30:46] WARNING: [pool www] child 152261 said into stderr: "sh: 1: --help: not found"
[21-Nov-2022 15:30:46] WARNING: [pool www] child 152261 said into stderr: "sh: 1: mysqldump: not found"
[21-Nov-2022 15:30:46] WARNING: [pool www] child 152261 said into stderr: "sh: 1: /usr/local/bin/mysqldump: not found"
[21-Nov-2022 15:30:46] WARNING: [pool www] child 152261 said into stderr: "sh: 1: /usr/local/mysql/bin/mysqldump: not found"
[21-Nov-2022 15:30:46] WARNING: [pool www] child 152261 said into stderr: "sh: 1: /usr/mysql/bin/mysqldump: not found"
[21-Nov-2022 15:30:46] WARNING: [pool www] child 152261 said into stderr: "sh: 1: /usr/bin/mysqldump: not found"
[21-Nov-2022 15:30:46] WARNING: [pool www] child 152261 said into stderr: "sh: 1: /opt/local/lib/mysql6/bin/mysqldump: not found"
[21-Nov-2022 15:30:46] WARNING: [pool www] child 152261 said into stderr: "sh: 1: /opt/local/lib/mysql5/bin/mysqldump: not found"
[21-Nov-2022 15:30:46] WARNING: [pool www] child 152261 said into stderr: "sh: 1: /usr/bin/mysqldump: not found"
[21-Nov-2022 15:30:49] WARNING: [pool www] child 152262 said into stderr: "sh: 1: --help: not found"
[21-Nov-2022 15:30:49] WARNING: [pool www] child 152262 said into stderr: "sh: 1: mysqldump: not found"
[21-Nov-2022 15:30:49] WARNING: [pool www] child 152262 said into stderr: "sh: 1: /usr/local/bin/mysqldump: not found"
[21-Nov-2022 15:30:49] WARNING: [pool www] child 152262 said into stderr: "sh: 1: /usr/local/mysql/bin/mysqldump: not found"
[21-Nov-2022 15:30:49] WARNING: [pool www] child 152262 said into stderr: "sh: 1: /usr/mysql/bin/mysqldump: not found"
[21-Nov-2022 15:30:49] WARNING: [pool www] child 152262 said into stderr: "sh: 1: /usr/bin/mysqldump: not found"
[21-Nov-2022 15:30:49] WARNING: [pool www] child 152262 said into stderr: "sh: 1: /opt/local/lib/mysql6/bin/mysqldump: not found"
[21-Nov-2022 15:30:49] WARNING: [pool www] child 152262 said into stderr: "sh: 1: /opt/local/lib/mysql5/bin/mysqldump: not found"
[21-Nov-2022 15:30:49] WARNING: [pool www] child 152262 said into stderr: "sh: 1: /usr/bin/mysqldump: not found"
[21-Nov-2022 15:30:58] WARNING: [pool www] child 152262 said into stderr: "sh: 1: --help: not found"
[21-Nov-2022 15:30:58] WARNING: [pool www] child 152262 said into stderr: "sh: 1: mysqldump: not found"
[21-Nov-2022 15:30:58] WARNING: [pool www] child 152262 said into stderr: "sh: 1: /usr/local/bin/mysqldump: not found"
[21-Nov-2022 15:30:58] WARNING: [pool www] child 152262 said into stderr: "sh: 1: /usr/local/mysql/bin/mysqldump: not found"
[21-Nov-2022 15:30:58] WARNING: [pool www] child 152262 said into stderr: "sh: 1: /usr/mysql/bin/mysqldump: not found"
[21-Nov-2022 15:30:58] WARNING: [pool www] child 152262 said into stderr: "sh: 1: /usr/bin/mysqldump: not found"
[21-Nov-2022 15:30:58] WARNING: [pool www] child 152262 said into stderr: "sh: 1: /opt/local/lib/mysql6/bin/mysqldump: not found"
[21-Nov-2022 15:30:58] WARNING: [pool www] child 152262 said into stderr: "sh: 1: /opt/local/lib/mysql5/bin/mysqldump: not found"
[21-Nov-2022 15:30:58] WARNING: [pool www] child 152262 said into stderr: "sh: 1: /usr/bin/mysqldump: not found"
[21-Nov-2022 15:30:58] WARNING: [pool www] child 152262 said into stderr: "sh: 1: --help: not found"
[21-Nov-2022 15:30:58] WARNING: [pool www] child 152262 said into stderr: "sh: 1: mysqldump: not found"
[21-Nov-2022 15:30:58] WARNING: [pool www] child 152262 said into stderr: "sh: 1: /usr/local/bin/mysqldump: not found"
[21-Nov-2022 15:30:58] WARNING: [pool www] child 152262 said into stderr: "sh: 1: /usr/local/mysql/bin/mysqldump: not found"
[21-Nov-2022 15:30:58] WARNING: [pool www] child 152262 said into stderr: "sh: 1: /usr/mysql/bin/mysqldump: not found"
[21-Nov-2022 15:30:58] WARNING: [pool www] child 152262 said into stderr: "sh: 1: /usr/bin/mysqldump: not found"
[21-Nov-2022 15:30:58] WARNING: [pool www] child 152262 said into stderr: "sh: 1: /opt/local/lib/mysql6/bin/mysqldump: not found"
[21-Nov-2022 15:30:58] WARNING: [pool www] child 152262 said into stderr: "sh: 1: /opt/local/lib/mysql5/bin/mysqldump: not found"
[21-Nov-2022 15:30:58] WARNING: [pool www] child 152262 said into stderr: "sh: 1: /usr/bin/mysqldump: not found"
[21-Nov-2022 15:31:14] WARNING: [pool www] child 152262 said into stderr: "sh: 1: --help: not found"
[21-Nov-2022 15:31:14] WARNING: [pool www] child 152262 said into stderr: "sh: 1: mysqldump: not found"
[21-Nov-2022 15:31:14] WARNING: [pool www] child 152262 said into stderr: "sh: 1: /usr/local/bin/mysqldump: not found"
[21-Nov-2022 15:31:14] WARNING: [pool www] child 152262 said into stderr: "sh: 1: /usr/local/mysql/bin/mysqldump: not found"
[21-Nov-2022 15:31:14] WARNING: [pool www] child 152262 said into stderr: "sh: 1: /usr/mysql/bin/mysqldump: not found"
[21-Nov-2022 15:31:14] WARNING: [pool www] child 152262 said into stderr: "sh: 1: /usr/bin/mysqldump: not found"
[21-Nov-2022 15:31:14] WARNING: [pool www] child 152262 said into stderr: "sh: 1: /opt/local/lib/mysql6/bin/mysqldump: not found"
[21-Nov-2022 15:31:14] WARNING: [pool www] child 152262 said into stderr: "sh: 1: /opt/local/lib/mysql5/bin/mysqldump: not found"
[21-Nov-2022 15:31:14] WARNING: [pool www] child 152262 said into stderr: "sh: 1: /usr/bin/mysqldump: not found"
[21-Nov-2022 19:02:50] NOTICE: Terminating ...
[21-Nov-2022 19:02:50] NOTICE: Terminating ...
[21-Nov-2022 19:02:50] NOTICE: exiting, bye-bye!
[22-Nov-2022 20:05:41] NOTICE: fpm is running, pid 12148
[22-Nov-2022 20:05:41] NOTICE: ready to handle connections
[22-Nov-2022 20:08:20] NOTICE: Terminating ...
[22-Nov-2022 20:08:20] NOTICE: Terminating ...
[22-Nov-2022 20:08:20] NOTICE: exiting, bye-bye!
[22-Nov-2022 20:12:00] NOTICE: fpm is running, pid 3466
[22-Nov-2022 20:12:00] NOTICE: ready to handle connections
[23-Nov-2022 07:09:29] NOTICE: Terminating ...
[23-Nov-2022 07:09:29] NOTICE: Terminating ...
[23-Nov-2022 07:09:29] NOTICE: exiting, bye-bye!
[23-Nov-2022 19:02:36] NOTICE: fpm is running, pid 41375
[23-Nov-2022 19:02:36] NOTICE: ready to handle connections
