2022-11-29T13:14:56+00:00 CRITICAL syntax error, unexpected token ";" in /home/raphael/Documentos/GitHub/Projetos/10-WordPress/handel/app/public/wp-content/themes/handel/index.php on line 11

2022-11-29T13:14:59+00:00 CRITICAL Uncaught Error: Undefined constant "get_the" in /home/raphael/Documentos/GitHub/Projetos/10-WordPress/handel/app/public/wp-content/themes/handel/index.php:11
Stack trace:
#0 /home/raphael/Documentos/GitHub/Projetos/10-WordPress/handel/app/public/wp-includes/template-loader.php(106): include()
#1 /home/raphael/Documentos/GitHub/Projetos/10-WordPress/handel/app/public/wp-blog-header.php(19): require_once('/home/raphael/D...')
#2 /home/raphael/Documentos/GitHub/Projetos/10-WordPress/handel/app/public/index.php(17): require('/home/raphael/D...')
#3 {main}
  thrown in /home/raphael/Documentos/GitHub/Projetos/10-WordPress/handel/app/public/wp-content/themes/handel/index.php on line 11

2022-11-29T13:15:49+00:00 CRITICAL syntax error, unexpected token "echo", expecting variable or "{" or "$" in /home/raphael/Documentos/GitHub/Projetos/10-WordPress/handel/app/public/wp-content/themes/handel/index.php on line 12

2022-11-29T13:15:51+00:00 CRITICAL syntax error, unexpected token "echo" in /home/raphael/Documentos/GitHub/Projetos/10-WordPress/handel/app/public/wp-content/themes/handel/index.php on line 12

2022-11-29T13:15:53+00:00 CRITICAL syntax error, unexpected token "echo" in /home/raphael/Documentos/GitHub/Projetos/10-WordPress/handel/app/public/wp-content/themes/handel/index.php on line 12

2022-11-29T13:15:55+00:00 CRITICAL syntax error, unexpected token "echo" in /home/raphael/Documentos/GitHub/Projetos/10-WordPress/handel/app/public/wp-content/themes/handel/index.php on line 12

2022-11-29T13:15:58+00:00 CRITICAL syntax error, unexpected token "echo" in /home/raphael/Documentos/GitHub/Projetos/10-WordPress/handel/app/public/wp-content/themes/handel/index.php on line 12

2022-11-29T13:16:00+00:00 CRITICAL syntax error, unexpected token "echo" in /home/raphael/Documentos/GitHub/Projetos/10-WordPress/handel/app/public/wp-content/themes/handel/index.php on line 12

2022-11-29T13:16:08+00:00 CRITICAL syntax error, unexpected token ";" in /home/raphael/Documentos/GitHub/Projetos/10-WordPress/handel/app/public/wp-content/themes/handel/index.php on line 12

2022-11-29T13:16:09+00:00 CRITICAL syntax error, unexpected token ";", expecting variable or "{" or "$" in /home/raphael/Documentos/GitHub/Projetos/10-WordPress/handel/app/public/wp-content/themes/handel/index.php on line 12

2022-11-29T13:16:18+00:00 CRITICAL syntax error, unexpected variable "$nome", expecting "," or ";" in /home/raphael/Documentos/GitHub/Projetos/10-WordPress/handel/app/public/wp-content/themes/handel/index.php on line 12

2022-11-29T13:16:44+00:00 CRITICAL Uncaught Error: Undefined constant "h1" in /home/raphael/Documentos/GitHub/Projetos/10-WordPress/handel/app/public/wp-content/themes/handel/index.php:13
Stack trace:
#0 /home/raphael/Documentos/GitHub/Projetos/10-WordPress/handel/app/public/wp-includes/template-loader.php(106): include()
#1 /home/raphael/Documentos/GitHub/Projetos/10-WordPress/handel/app/public/wp-blog-header.php(19): require_once('/home/raphael/D...')
#2 /home/raphael/Documentos/GitHub/Projetos/10-WordPress/handel/app/public/index.php(17): require('/home/raphael/D...')
#3 {main}
  thrown in /home/raphael/Documentos/GitHub/Projetos/10-WordPress/handel/app/public/wp-content/themes/handel/index.php on line 13

2022-11-29T13:16:46+00:00 CRITICAL syntax error, unexpected token "<", expecting end of file in /home/raphael/Documentos/GitHub/Projetos/10-WordPress/handel/app/public/wp-content/themes/handel/index.php on line 13

2022-11-29T13:16:50+00:00 CRITICAL syntax error, unexpected token "<", expecting end of file in /home/raphael/Documentos/GitHub/Projetos/10-WordPress/handel/app/public/wp-content/themes/handel/index.php on line 13

2022-11-29T13:16:51+00:00 CRITICAL syntax error, unexpected token "<", expecting end of file in /home/raphael/Documentos/GitHub/Projetos/10-WordPress/handel/app/public/wp-content/themes/handel/index.php on line 13

2022-11-29T13:17:07+00:00 CRITICAL syntax error, unexpected token "<", expecting end of file in /home/raphael/Documentos/GitHub/Projetos/10-WordPress/handel/app/public/wp-content/themes/handel/index.php on line 14

2022-11-29T13:17:08+00:00 CRITICAL syntax error, unexpected token "/" in /home/raphael/Documentos/GitHub/Projetos/10-WordPress/handel/app/public/wp-content/themes/handel/index.php on line 14

2022-11-29T13:17:10+00:00 CRITICAL syntax error, unexpected token "." in /home/raphael/Documentos/GitHub/Projetos/10-WordPress/handel/app/public/wp-content/themes/handel/index.php on line 14

2022-11-29T13:17:11+00:00 CRITICAL syntax error, unexpected token "/" in /home/raphael/Documentos/GitHub/Projetos/10-WordPress/handel/app/public/wp-content/themes/handel/index.php on line 14

2022-11-29T13:17:15+00:00 CRITICAL Uncaught Error: Undefined constant "php" in /home/raphael/Documentos/GitHub/Projetos/10-WordPress/handel/app/public/wp-content/themes/handel/index.php:14
Stack trace:
#0 /home/raphael/Documentos/GitHub/Projetos/10-WordPress/handel/app/public/wp-includes/template-loader.php(106): include()
#1 /home/raphael/Documentos/GitHub/Projetos/10-WordPress/handel/app/public/wp-blog-header.php(19): require_once('/home/raphael/D...')
#2 /home/raphael/Documentos/GitHub/Projetos/10-WordPress/handel/app/public/index.php(17): require('/home/raphael/D...')
#3 {main}
  thrown in /home/raphael/Documentos/GitHub/Projetos/10-WordPress/handel/app/public/wp-content/themes/handel/index.php on line 14

2022-11-29T13:17:18+00:00 CRITICAL syntax error, unexpected token ";" in /home/raphael/Documentos/GitHub/Projetos/10-WordPress/handel/app/public/wp-content/themes/handel/index.php on line 14

2022-11-29T13:17:58+00:00 CRITICAL syntax error, unexpected token "echo" in /home/raphael/Documentos/GitHub/Projetos/10-WordPress/handel/app/public/wp-content/themes/handel/index.php on line 15

2022-11-29T13:18:05+00:00 CRITICAL syntax error, unexpected token "echo" in /home/raphael/Documentos/GitHub/Projetos/10-WordPress/handel/app/public/wp-content/themes/handel/index.php on line 15

2022-11-29T13:18:08+00:00 CRITICAL syntax error, unexpected token "echo" in /home/raphael/Documentos/GitHub/Projetos/10-WordPress/handel/app/public/wp-content/themes/handel/index.php on line 15

2022-11-29T13:20:01+00:00 CRITICAL syntax error, unexpected token "<", expecting end of file in /home/raphael/Documentos/GitHub/Projetos/10-WordPress/handel/app/public/wp-content/themes/handel/index.php on line 18

2022-11-29T13:20:16+00:00 CRITICAL syntax error, unexpected token ";" in /home/raphael/Documentos/GitHub/Projetos/10-WordPress/handel/app/public/wp-content/themes/handel/index.php on line 19

2022-11-29T13:22:02+00:00 CRITICAL syntax error, unexpected token "<", expecting end of file in /home/raphael/Documentos/GitHub/Projetos/10-WordPress/handel/app/public/wp-content/themes/handel/index.php on line 19

2022-11-29T13:22:05+00:00 CRITICAL syntax error, unexpected token "<", expecting end of file in /home/raphael/Documentos/GitHub/Projetos/10-WordPress/handel/app/public/wp-content/themes/handel/index.php on line 19

2022-11-29T13:22:07+00:00 CRITICAL syntax error, unexpected token "<", expecting end of file in /home/raphael/Documentos/GitHub/Projetos/10-WordPress/handel/app/public/wp-content/themes/handel/index.php on line 19

2022-11-29T13:23:28+00:00 CRITICAL syntax error, unexpected token ";" in /home/raphael/Documentos/GitHub/Projetos/10-WordPress/handel/app/public/wp-content/themes/handel/index.php on line 21

2022-11-29T13:23:32+00:00 CRITICAL Uncaught ArgumentCountError: print_r() expects at least 1 argument, 0 given in /home/raphael/Documentos/GitHub/Projetos/10-WordPress/handel/app/public/wp-content/themes/handel/index.php:20
Stack trace:
#0 /home/raphael/Documentos/GitHub/Projetos/10-WordPress/handel/app/public/wp-content/themes/handel/index.php(20): print_r()
#1 /home/raphael/Documentos/GitHub/Projetos/10-WordPress/handel/app/public/wp-includes/template-loader.php(106): include('/home/raphael/D...')
#2 /home/raphael/Documentos/GitHub/Projetos/10-WordPress/handel/app/public/wp-blog-header.php(19): require_once('/home/raphael/D...')
#3 /home/raphael/Documentos/GitHub/Projetos/10-WordPress/handel/app/public/index.php(17): require('/home/raphael/D...')
#4 {main}
  thrown in /home/raphael/Documentos/GitHub/Projetos/10-WordPress/handel/app/public/wp-content/themes/handel/index.php on line 20

2022-11-29T13:23:35+00:00 CRITICAL Uncaught Error: Undefined constant "pro" in /home/raphael/Documentos/GitHub/Projetos/10-WordPress/handel/app/public/wp-content/themes/handel/index.php:20
Stack trace:
#0 /home/raphael/Documentos/GitHub/Projetos/10-WordPress/handel/app/public/wp-includes/template-loader.php(106): include()
#1 /home/raphael/Documentos/GitHub/Projetos/10-WordPress/handel/app/public/wp-blog-header.php(19): require_once('/home/raphael/D...')
#2 /home/raphael/Documentos/GitHub/Projetos/10-WordPress/handel/app/public/index.php(17): require('/home/raphael/D...')
#3 {main}
  thrown in /home/raphael/Documentos/GitHub/Projetos/10-WordPress/handel/app/public/wp-content/themes/handel/index.php on line 20

2022-11-29T13:23:36+00:00 CRITICAL Uncaught ArgumentCountError: print_r() expects at least 1 argument, 0 given in /home/raphael/Documentos/GitHub/Projetos/10-WordPress/handel/app/public/wp-content/themes/handel/index.php:20
Stack trace:
#0 /home/raphael/Documentos/GitHub/Projetos/10-WordPress/handel/app/public/wp-content/themes/handel/index.php(20): print_r()
#1 /home/raphael/Documentos/GitHub/Projetos/10-WordPress/handel/app/public/wp-includes/template-loader.php(106): include('/home/raphael/D...')
#2 /home/raphael/Documentos/GitHub/Projetos/10-WordPress/handel/app/public/wp-blog-header.php(19): require_once('/home/raphael/D...')
#3 /home/raphael/Documentos/GitHub/Projetos/10-WordPress/handel/app/public/index.php(17): require('/home/raphael/D...')
#4 {main}
  thrown in /home/raphael/Documentos/GitHub/Projetos/10-WordPress/handel/app/public/wp-content/themes/handel/index.php on line 20

2022-11-29T13:23:56+00:00 CRITICAL syntax error, unexpected token "var", expecting end of file in /home/raphael/Documentos/GitHub/Projetos/10-WordPress/handel/app/public/wp-content/themes/handel/index.php on line 21

2022-11-29T13:23:59+00:00 CRITICAL Uncaught ArgumentCountError: Wrong parameter count for var_dump() in /home/raphael/Documentos/GitHub/Projetos/10-WordPress/handel/app/public/wp-content/themes/handel/index.php:21
Stack trace:
#0 /home/raphael/Documentos/GitHub/Projetos/10-WordPress/handel/app/public/wp-content/themes/handel/index.php(21): var_dump()
#1 /home/raphael/Documentos/GitHub/Projetos/10-WordPress/handel/app/public/wp-includes/template-loader.php(106): include('/home/raphael/D...')
#2 /home/raphael/Documentos/GitHub/Projetos/10-WordPress/handel/app/public/wp-blog-header.php(19): require_once('/home/raphael/D...')
#3 /home/raphael/Documentos/GitHub/Projetos/10-WordPress/handel/app/public/index.php(17): require('/home/raphael/D...')
#4 {main}
  thrown in /home/raphael/Documentos/GitHub/Projetos/10-WordPress/handel/app/public/wp-content/themes/handel/index.php on line 21

2022-11-29T13:25:05+00:00 CRITICAL Uncaught Error: Undefined constant "pre" in /home/raphael/Documentos/GitHub/Projetos/10-WordPress/handel/app/public/wp-content/themes/handel/index.php:22
Stack trace:
#0 /home/raphael/Documentos/GitHub/Projetos/10-WordPress/handel/app/public/wp-includes/template-loader.php(106): include()
#1 /home/raphael/Documentos/GitHub/Projetos/10-WordPress/handel/app/public/wp-blog-header.php(19): require_once('/home/raphael/D...')
#2 /home/raphael/Documentos/GitHub/Projetos/10-WordPress/handel/app/public/index.php(17): require('/home/raphael/D...')
#3 {main}
  thrown in /home/raphael/Documentos/GitHub/Projetos/10-WordPress/handel/app/public/wp-content/themes/handel/index.php on line 22

2022-11-29T13:25:08+00:00 CRITICAL syntax error, unexpected token "<", expecting end of file in /home/raphael/Documentos/GitHub/Projetos/10-WordPress/handel/app/public/wp-content/themes/handel/index.php on line 22

2022-11-29T13:25:36+00:00 CRITICAL syntax error, unexpected token ";" in /home/raphael/Documentos/GitHub/Projetos/10-WordPress/handel/app/public/wp-content/themes/handel/index.php on line 24

2022-11-29T13:26:07+00:00 CRITICAL Cannot use [] for reading in /home/raphael/Documentos/GitHub/Projetos/10-WordPress/handel/app/public/wp-content/themes/handel/index.php on line 24

2022-11-29T13:27:17+00:00 CRITICAL syntax error, unexpected token ";" in /home/raphael/Documentos/GitHub/Projetos/10-WordPress/handel/app/public/wp-content/themes/handel/index.php on line 24

2022-11-29T13:27:18+00:00 CRITICAL syntax error, unexpected token ";" in /home/raphael/Documentos/GitHub/Projetos/10-WordPress/handel/app/public/wp-content/themes/handel/index.php on line 24

2022-11-29T13:27:19+00:00 CRITICAL Uncaught Error: Undefined constant "printt" in /home/raphael/Documentos/GitHub/Projetos/10-WordPress/handel/app/public/wp-content/themes/handel/index.php:24
Stack trace:
#0 /home/raphael/Documentos/GitHub/Projetos/10-WordPress/handel/app/public/wp-includes/template-loader.php(106): include()
#1 /home/raphael/Documentos/GitHub/Projetos/10-WordPress/handel/app/public/wp-blog-header.php(19): require_once('/home/raphael/D...')
#2 /home/raphael/Documentos/GitHub/Projetos/10-WordPress/handel/app/public/index.php(17): require('/home/raphael/D...')
#3 {main}
  thrown in /home/raphael/Documentos/GitHub/Projetos/10-WordPress/handel/app/public/wp-content/themes/handel/index.php on line 24

2022-11-29T13:27:21+00:00 CRITICAL syntax error, unexpected token ";" in /home/raphael/Documentos/GitHub/Projetos/10-WordPress/handel/app/public/wp-content/themes/handel/index.php on line 24

2022-11-29T13:27:23+00:00 CRITICAL Uncaught ArgumentCountError: print_r() expects at least 1 argument, 0 given in /home/raphael/Documentos/GitHub/Projetos/10-WordPress/handel/app/public/wp-content/themes/handel/index.php:24
Stack trace:
#0 /home/raphael/Documentos/GitHub/Projetos/10-WordPress/handel/app/public/wp-content/themes/handel/index.php(24): print_r()
#1 /home/raphael/Documentos/GitHub/Projetos/10-WordPress/handel/app/public/wp-includes/template-loader.php(106): include('/home/raphael/D...')
#2 /home/raphael/Documentos/GitHub/Projetos/10-WordPress/handel/app/public/wp-blog-header.php(19): require_once('/home/raphael/D...')
#3 /home/raphael/Documentos/GitHub/Projetos/10-WordPress/handel/app/public/index.php(17): require('/home/raphael/D...')
#4 {main}
  thrown in /home/raphael/Documentos/GitHub/Projetos/10-WordPress/handel/app/public/wp-content/themes/handel/index.php on line 24

2022-11-29T13:27:56+00:00 CRITICAL syntax error, unexpected token "var" in /home/raphael/Documentos/GitHub/Projetos/10-WordPress/handel/app/public/wp-content/themes/handel/index.php on line 25

2022-11-29T13:29:04+00:00 CRITICAL syntax error, unexpected token "<", expecting end of file in /home/raphael/Documentos/GitHub/Projetos/10-WordPress/handel/app/public/wp-content/themes/handel/index.php on line 28

2022-11-29T13:29:38+00:00 CRITICAL syntax error, unexpected token "]" in /home/raphael/Documentos/GitHub/Projetos/10-WordPress/handel/app/public/wp-content/themes/handel/index.php on line 30

2022-11-29T13:30:39+00:00 CRITICAL syntax error, unexpected token "]" in /home/raphael/Documentos/GitHub/Projetos/10-WordPress/handel/app/public/wp-content/themes/handel/index.php on line 32

2022-11-29T13:33:24+00:00 CRITICAL syntax error, unexpected token "<", expecting end of file in /home/raphael/Documentos/GitHub/Projetos/10-WordPress/handel/app/public/wp-content/themes/handel/index.php on line 38

2022-11-29T13:33:26+00:00 CRITICAL syntax error, unexpected token ";" in /home/raphael/Documentos/GitHub/Projetos/10-WordPress/handel/app/public/wp-content/themes/handel/index.php on line 38

2022-11-29T13:33:28+00:00 CRITICAL syntax error, unexpected token ";" in /home/raphael/Documentos/GitHub/Projetos/10-WordPress/handel/app/public/wp-content/themes/handel/index.php on line 38

2022-11-29T13:34:46+00:00 CRITICAL syntax error, unexpected token ";" in /home/raphael/Documentos/GitHub/Projetos/10-WordPress/handel/app/public/wp-content/themes/handel/index.php on line 40

2022-11-29T13:34:47+00:00 CRITICAL syntax error, unexpected token ";" in /home/raphael/Documentos/GitHub/Projetos/10-WordPress/handel/app/public/wp-content/themes/handel/index.php on line 40

2022-11-29T13:34:51+00:00 CRITICAL syntax error, unexpected token ";", expecting variable or "{" or "$" in /home/raphael/Documentos/GitHub/Projetos/10-WordPress/handel/app/public/wp-content/themes/handel/index.php on line 40

2022-11-29T13:37:21+00:00 CRITICAL syntax error, unexpected token "<", expecting end of file in /home/raphael/Documentos/GitHub/Projetos/10-WordPress/handel/app/public/wp-content/themes/handel/index.php on line 43

2022-11-29T13:37:25+00:00 CRITICAL syntax error, unexpected token "/" in /home/raphael/Documentos/GitHub/Projetos/10-WordPress/handel/app/public/wp-content/themes/handel/index.php on line 43

2022-11-29T13:37:27+00:00 CRITICAL syntax error, unexpected token "<", expecting end of file in /home/raphael/Documentos/GitHub/Projetos/10-WordPress/handel/app/public/wp-content/themes/handel/index.php on line 43

2022-11-29T13:37:42+00:00 CRITICAL syntax error, unexpected token ";" in /home/raphael/Documentos/GitHub/Projetos/10-WordPress/handel/app/public/wp-content/themes/handel/index.php on line 44

2022-11-29T13:38:30+00:00 CRITICAL syntax error, unexpected variable "$categorias" in /home/raphael/Documentos/GitHub/Projetos/10-WordPress/handel/app/public/wp-content/themes/handel/index.php on line 45

2022-11-29T13:39:08+00:00 CRITICAL syntax error, unexpected token "<", expecting end of file in /home/raphael/Documentos/GitHub/Projetos/10-WordPress/handel/app/public/wp-content/themes/handel/index.php on line 47

2022-11-29T13:39:11+00:00 CRITICAL syntax error, unexpected token "<", expecting end of file in /home/raphael/Documentos/GitHub/Projetos/10-WordPress/handel/app/public/wp-content/themes/handel/index.php on line 47

2022-11-29T13:39:13+00:00 CRITICAL Uncaught Error: Undefined constant "php" in /home/raphael/Documentos/GitHub/Projetos/10-WordPress/handel/app/public/wp-content/themes/handel/index.php:46
Stack trace:
#0 /home/raphael/Documentos/GitHub/Projetos/10-WordPress/handel/app/public/wp-includes/template-loader.php(106): include()
#1 /home/raphael/Documentos/GitHub/Projetos/10-WordPress/handel/app/public/wp-blog-header.php(19): require_once('/home/raphael/D...')
#2 /home/raphael/Documentos/GitHub/Projetos/10-WordPress/handel/app/public/index.php(17): require('/home/raphael/D...')
#3 {main}
  thrown in /home/raphael/Documentos/GitHub/Projetos/10-WordPress/handel/app/public/wp-content/themes/handel/index.php on line 46

2022-11-29T13:39:13+00:00 CRITICAL Uncaught Error: Undefined constant "php" in /home/raphael/Documentos/GitHub/Projetos/10-WordPress/handel/app/public/wp-content/themes/handel/index.php:46
Stack trace:
#0 /home/raphael/Documentos/GitHub/Projetos/10-WordPress/handel/app/public/wp-includes/template-loader.php(106): include()
#1 /home/raphael/Documentos/GitHub/Projetos/10-WordPress/handel/app/public/wp-blog-header.php(19): require_once('/home/raphael/D...')
#2 /home/raphael/Documentos/GitHub/Projetos/10-WordPress/handel/app/public/index.php(17): require('/home/raphael/D...')
#3 {main}
  thrown in /home/raphael/Documentos/GitHub/Projetos/10-WordPress/handel/app/public/wp-content/themes/handel/index.php on line 46

2022-11-29T13:40:55+00:00 CRITICAL syntax error, unexpected token ";", expecting variable or "{" or "$" in /home/raphael/Documentos/GitHub/Projetos/10-WordPress/handel/app/public/wp-content/themes/handel/index.php on line 52

2022-11-29T13:42:48+00:00 CRITICAL syntax error, unexpected token ")", expecting variable or "{" or "$" in /home/raphael/Documentos/GitHub/Projetos/10-WordPress/handel/app/public/wp-content/themes/handel/index.php on line 53

2022-11-29T13:47:43+00:00 CRITICAL Uncaught ArgumentCountError: count() expects at least 1 argument, 0 given in /home/raphael/Documentos/GitHub/Projetos/10-WordPress/handel/app/public/wp-content/themes/handel/index.php:54
Stack trace:
#0 /home/raphael/Documentos/GitHub/Projetos/10-WordPress/handel/app/public/wp-content/themes/handel/index.php(54): count()
#1 /home/raphael/Documentos/GitHub/Projetos/10-WordPress/handel/app/public/wp-includes/template-loader.php(106): include('/home/raphael/D...')
#2 /home/raphael/Documentos/GitHub/Projetos/10-WordPress/handel/app/public/wp-blog-header.php(19): require_once('/home/raphael/D...')
#3 /home/raphael/Documentos/GitHub/Projetos/10-WordPress/handel/app/public/index.php(17): require('/home/raphael/D...')
#4 {main}
  thrown in /home/raphael/Documentos/GitHub/Projetos/10-WordPress/handel/app/public/wp-content/themes/handel/index.php on line 54

2022-11-29T13:47:43+00:00 CRITICAL Uncaught ArgumentCountError: count() expects at least 1 argument, 0 given in /home/raphael/Documentos/GitHub/Projetos/10-WordPress/handel/app/public/wp-content/themes/handel/index.php:54
Stack trace:
#0 /home/raphael/Documentos/GitHub/Projetos/10-WordPress/handel/app/public/wp-content/themes/handel/index.php(54): count()
#1 /home/raphael/Documentos/GitHub/Projetos/10-WordPress/handel/app/public/wp-includes/template-loader.php(106): include('/home/raphael/D...')
#2 /home/raphael/Documentos/GitHub/Projetos/10-WordPress/handel/app/public/wp-blog-header.php(19): require_once('/home/raphael/D...')
#3 /home/raphael/Documentos/GitHub/Projetos/10-WordPress/handel/app/public/index.php(17): require('/home/raphael/D...')
#4 {main}
  thrown in /home/raphael/Documentos/GitHub/Projetos/10-WordPress/handel/app/public/wp-content/themes/handel/index.php on line 54

2022-11-29T13:47:46+00:00 CRITICAL Uncaught TypeError: count(): Argument #1 ($value) must be of type Countable|array, null given in /home/raphael/Documentos/GitHub/Projetos/10-WordPress/handel/app/public/wp-content/themes/handel/index.php:54
Stack trace:
#0 /home/raphael/Documentos/GitHub/Projetos/10-WordPress/handel/app/public/wp-includes/template-loader.php(106): include()
#1 /home/raphael/Documentos/GitHub/Projetos/10-WordPress/handel/app/public/wp-blog-header.php(19): require_once('/home/raphael/D...')
#2 /home/raphael/Documentos/GitHub/Projetos/10-WordPress/handel/app/public/index.php(17): require('/home/raphael/D...')
#3 {main}
  thrown in /home/raphael/Documentos/GitHub/Projetos/10-WordPress/handel/app/public/wp-content/themes/handel/index.php on line 54

2022-11-29T13:48:27+00:00 CRITICAL Uncaught Error: Call to undefined function ecount() in /home/raphael/Documentos/GitHub/Projetos/10-WordPress/handel/app/public/wp-content/themes/handel/index.php:54
Stack trace:
#0 /home/raphael/Documentos/GitHub/Projetos/10-WordPress/handel/app/public/wp-includes/template-loader.php(106): include()
#1 /home/raphael/Documentos/GitHub/Projetos/10-WordPress/handel/app/public/wp-blog-header.php(19): require_once('/home/raphael/D...')
#2 /home/raphael/Documentos/GitHub/Projetos/10-WordPress/handel/app/public/index.php(17): require('/home/raphael/D...')
#3 {main}
  thrown in /home/raphael/Documentos/GitHub/Projetos/10-WordPress/handel/app/public/wp-content/themes/handel/index.php on line 54

2022-11-29T13:48:27+00:00 CRITICAL Uncaught Error: Call to undefined function ecount() in /home/raphael/Documentos/GitHub/Projetos/10-WordPress/handel/app/public/wp-content/themes/handel/index.php:54
Stack trace:
#0 /home/raphael/Documentos/GitHub/Projetos/10-WordPress/handel/app/public/wp-includes/template-loader.php(106): include()
#1 /home/raphael/Documentos/GitHub/Projetos/10-WordPress/handel/app/public/wp-blog-header.php(19): require_once('/home/raphael/D...')
#2 /home/raphael/Documentos/GitHub/Projetos/10-WordPress/handel/app/public/index.php(17): require('/home/raphael/D...')
#3 {main}
  thrown in /home/raphael/Documentos/GitHub/Projetos/10-WordPress/handel/app/public/wp-content/themes/handel/index.php on line 54

2022-11-29T13:49:34+00:00 CRITICAL Uncaught Error: Undefined constant "arrays" in /home/raphael/Documentos/GitHub/Projetos/10-WordPress/handel/app/public/wp-content/themes/handel/index.php:55
Stack trace:
#0 /home/raphael/Documentos/GitHub/Projetos/10-WordPress/handel/app/public/wp-includes/template-loader.php(106): include()
#1 /home/raphael/Documentos/GitHub/Projetos/10-WordPress/handel/app/public/wp-blog-header.php(19): require_once('/home/raphael/D...')
#2 /home/raphael/Documentos/GitHub/Projetos/10-WordPress/handel/app/public/index.php(17): require('/home/raphael/D...')
#3 {main}
  thrown in /home/raphael/Documentos/GitHub/Projetos/10-WordPress/handel/app/public/wp-content/themes/handel/index.php on line 55

2022-11-29T13:49:35+00:00 CRITICAL Uncaught Error: Undefined constant "arrays" in /home/raphael/Documentos/GitHub/Projetos/10-WordPress/handel/app/public/wp-content/themes/handel/index.php:55
Stack trace:
#0 /home/raphael/Documentos/GitHub/Projetos/10-WordPress/handel/app/public/wp-includes/template-loader.php(106): include()
#1 /home/raphael/Documentos/GitHub/Projetos/10-WordPress/handel/app/public/wp-blog-header.php(19): require_once('/home/raphael/D...')
#2 /home/raphael/Documentos/GitHub/Projetos/10-WordPress/handel/app/public/index.php(17): require('/home/raphael/D...')
#3 {main}
  thrown in /home/raphael/Documentos/GitHub/Projetos/10-WordPress/handel/app/public/wp-content/themes/handel/index.php on line 55

2022-11-29T13:49:36+00:00 CRITICAL Uncaught Error: Undefined constant "arrays" in /home/raphael/Documentos/GitHub/Projetos/10-WordPress/handel/app/public/wp-content/themes/handel/index.php:55
Stack trace:
#0 /home/raphael/Documentos/GitHub/Projetos/10-WordPress/handel/app/public/wp-includes/template-loader.php(106): include()
#1 /home/raphael/Documentos/GitHub/Projetos/10-WordPress/handel/app/public/wp-blog-header.php(19): require_once('/home/raphael/D...')
#2 /home/raphael/Documentos/GitHub/Projetos/10-WordPress/handel/app/public/index.php(17): require('/home/raphael/D...')
#3 {main}
  thrown in /home/raphael/Documentos/GitHub/Projetos/10-WordPress/handel/app/public/wp-content/themes/handel/index.php on line 55

2022-11-29T13:49:37+00:00 CRITICAL Uncaught Error: Undefined constant "arrays" in /home/raphael/Documentos/GitHub/Projetos/10-WordPress/handel/app/public/wp-content/themes/handel/index.php:55
Stack trace:
#0 /home/raphael/Documentos/GitHub/Projetos/10-WordPress/handel/app/public/wp-includes/template-loader.php(106): include()
#1 /home/raphael/Documentos/GitHub/Projetos/10-WordPress/handel/app/public/wp-blog-header.php(19): require_once('/home/raphael/D...')
#2 /home/raphael/Documentos/GitHub/Projetos/10-WordPress/handel/app/public/index.php(17): require('/home/raphael/D...')
#3 {main}
  thrown in /home/raphael/Documentos/GitHub/Projetos/10-WordPress/handel/app/public/wp-content/themes/handel/index.php on line 55

2022-11-29T13:49:38+00:00 CRITICAL Uncaught Error: Undefined constant "arrayke" in /home/raphael/Documentos/GitHub/Projetos/10-WordPress/handel/app/public/wp-content/themes/handel/index.php:55
Stack trace:
#0 /home/raphael/Documentos/GitHub/Projetos/10-WordPress/handel/app/public/wp-includes/template-loader.php(106): include()
#1 /home/raphael/Documentos/GitHub/Projetos/10-WordPress/handel/app/public/wp-blog-header.php(19): require_once('/home/raphael/D...')
#2 /home/raphael/Documentos/GitHub/Projetos/10-WordPress/handel/app/public/index.php(17): require('/home/raphael/D...')
#3 {main}
  thrown in /home/raphael/Documentos/GitHub/Projetos/10-WordPress/handel/app/public/wp-content/themes/handel/index.php on line 55

2022-11-29T13:49:39+00:00 CRITICAL Uncaught Error: Undefined constant "arrayke" in /home/raphael/Documentos/GitHub/Projetos/10-WordPress/handel/app/public/wp-content/themes/handel/index.php:55
Stack trace:
#0 /home/raphael/Documentos/GitHub/Projetos/10-WordPress/handel/app/public/wp-includes/template-loader.php(106): include()
#1 /home/raphael/Documentos/GitHub/Projetos/10-WordPress/handel/app/public/wp-blog-header.php(19): require_once('/home/raphael/D...')
#2 /home/raphael/Documentos/GitHub/Projetos/10-WordPress/handel/app/public/index.php(17): require('/home/raphael/D...')
#3 {main}
  thrown in /home/raphael/Documentos/GitHub/Projetos/10-WordPress/handel/app/public/wp-content/themes/handel/index.php on line 55

2022-11-29T13:49:43+00:00 CRITICAL syntax error, unexpected token ";", expecting "(" in /home/raphael/Documentos/GitHub/Projetos/10-WordPress/handel/app/public/wp-content/themes/handel/index.php on line 56

2022-11-29T13:49:44+00:00 CRITICAL Uncaught Error: Undefined constant "array_" in /home/raphael/Documentos/GitHub/Projetos/10-WordPress/handel/app/public/wp-content/themes/handel/index.php:55
Stack trace:
#0 /home/raphael/Documentos/GitHub/Projetos/10-WordPress/handel/app/public/wp-includes/template-loader.php(106): include()
#1 /home/raphael/Documentos/GitHub/Projetos/10-WordPress/handel/app/public/wp-blog-header.php(19): require_once('/home/raphael/D...')
#2 /home/raphael/Documentos/GitHub/Projetos/10-WordPress/handel/app/public/index.php(17): require('/home/raphael/D...')
#3 {main}
  thrown in /home/raphael/Documentos/GitHub/Projetos/10-WordPress/handel/app/public/wp-content/themes/handel/index.php on line 55

2022-11-29T13:49:45+00:00 CRITICAL Uncaught Error: Undefined constant "array_" in /home/raphael/Documentos/GitHub/Projetos/10-WordPress/handel/app/public/wp-content/themes/handel/index.php:55
Stack trace:
#0 /home/raphael/Documentos/GitHub/Projetos/10-WordPress/handel/app/public/wp-includes/template-loader.php(106): include()
#1 /home/raphael/Documentos/GitHub/Projetos/10-WordPress/handel/app/public/wp-blog-header.php(19): require_once('/home/raphael/D...')
#2 /home/raphael/Documentos/GitHub/Projetos/10-WordPress/handel/app/public/index.php(17): require('/home/raphael/D...')
#3 {main}
  thrown in /home/raphael/Documentos/GitHub/Projetos/10-WordPress/handel/app/public/wp-content/themes/handel/index.php on line 55

2022-11-29T13:49:46+00:00 CRITICAL Uncaught ArgumentCountError: array_keys() expects at least 1 argument, 0 given in /home/raphael/Documentos/GitHub/Projetos/10-WordPress/handel/app/public/wp-content/themes/handel/index.php:55
Stack trace:
#0 /home/raphael/Documentos/GitHub/Projetos/10-WordPress/handel/app/public/wp-content/themes/handel/index.php(55): array_keys()
#1 /home/raphael/Documentos/GitHub/Projetos/10-WordPress/handel/app/public/wp-includes/template-loader.php(106): include('/home/raphael/D...')
#2 /home/raphael/Documentos/GitHub/Projetos/10-WordPress/handel/app/public/wp-blog-header.php(19): require_once('/home/raphael/D...')
#3 /home/raphael/Documentos/GitHub/Projetos/10-WordPress/handel/app/public/index.php(17): require('/home/raphael/D...')
#4 {main}
  thrown in /home/raphael/Documentos/GitHub/Projetos/10-WordPress/handel/app/public/wp-content/themes/handel/index.php on line 55

2022-11-29T13:49:47+00:00 CRITICAL Uncaught ArgumentCountError: array_keys() expects at least 1 argument, 0 given in /home/raphael/Documentos/GitHub/Projetos/10-WordPress/handel/app/public/wp-content/themes/handel/index.php:55
Stack trace:
#0 /home/raphael/Documentos/GitHub/Projetos/10-WordPress/handel/app/public/wp-content/themes/handel/index.php(55): array_keys()
#1 /home/raphael/Documentos/GitHub/Projetos/10-WordPress/handel/app/public/wp-includes/template-loader.php(106): include('/home/raphael/D...')
#2 /home/raphael/Documentos/GitHub/Projetos/10-WordPress/handel/app/public/wp-blog-header.php(19): require_once('/home/raphael/D...')
#3 /home/raphael/Documentos/GitHub/Projetos/10-WordPress/handel/app/public/index.php(17): require('/home/raphael/D...')
#4 {main}
  thrown in /home/raphael/Documentos/GitHub/Projetos/10-WordPress/handel/app/public/wp-content/themes/handel/index.php on line 55

2022-11-29T13:49:49+00:00 CRITICAL syntax error, unexpected token ")", expecting variable or "{" or "$" in /home/raphael/Documentos/GitHub/Projetos/10-WordPress/handel/app/public/wp-content/themes/handel/index.php on line 55

2022-11-29T13:50:17+00:00 CRITICAL Uncaught Error: Value of type null is not callable in /home/raphael/Documentos/GitHub/Projetos/10-WordPress/handel/app/public/wp-content/themes/handel/index.php:55
Stack trace:
#0 /home/raphael/Documentos/GitHub/Projetos/10-WordPress/handel/app/public/wp-includes/template-loader.php(106): include()
#1 /home/raphael/Documentos/GitHub/Projetos/10-WordPress/handel/app/public/wp-blog-header.php(19): require_once('/home/raphael/D...')
#2 /home/raphael/Documentos/GitHub/Projetos/10-WordPress/handel/app/public/index.php(17): require('/home/raphael/D...')
#3 {main}
  thrown in /home/raphael/Documentos/GitHub/Projetos/10-WordPress/handel/app/public/wp-content/themes/handel/index.php on line 55

2022-11-29T13:50:17+00:00 CRITICAL Uncaught Error: Value of type null is not callable in /home/raphael/Documentos/GitHub/Projetos/10-WordPress/handel/app/public/wp-content/themes/handel/index.php:55
Stack trace:
#0 /home/raphael/Documentos/GitHub/Projetos/10-WordPress/handel/app/public/wp-includes/template-loader.php(106): include()
#1 /home/raphael/Documentos/GitHub/Projetos/10-WordPress/handel/app/public/wp-blog-header.php(19): require_once('/home/raphael/D...')
#2 /home/raphael/Documentos/GitHub/Projetos/10-WordPress/handel/app/public/index.php(17): require('/home/raphael/D...')
#3 {main}
  thrown in /home/raphael/Documentos/GitHub/Projetos/10-WordPress/handel/app/public/wp-content/themes/handel/index.php on line 55

2022-11-29T13:50:26+00:00 CRITICAL syntax error, unexpected token ";" in /home/raphael/Documentos/GitHub/Projetos/10-WordPress/handel/app/public/wp-content/themes/handel/index.php on line 57

2022-11-29T13:51:07+00:00 CRITICAL Uncaught Error: Undefined constant "print_r" in /home/raphael/Documentos/GitHub/Projetos/10-WordPress/handel/app/public/wp-content/themes/handel/index.php:56
Stack trace:
#0 /home/raphael/Documentos/GitHub/Projetos/10-WordPress/handel/app/public/wp-includes/template-loader.php(106): include()
#1 /home/raphael/Documentos/GitHub/Projetos/10-WordPress/handel/app/public/wp-blog-header.php(19): require_once('/home/raphael/D...')
#2 /home/raphael/Documentos/GitHub/Projetos/10-WordPress/handel/app/public/index.php(17): require('/home/raphael/D...')
#3 {main}
  thrown in /home/raphael/Documentos/GitHub/Projetos/10-WordPress/handel/app/public/wp-content/themes/handel/index.php on line 56

2022-11-29T13:51:08+00:00 CRITICAL Uncaught Error: Undefined constant "print_r" in /home/raphael/Documentos/GitHub/Projetos/10-WordPress/handel/app/public/wp-content/themes/handel/index.php:56
Stack trace:
#0 /home/raphael/Documentos/GitHub/Projetos/10-WordPress/handel/app/public/wp-includes/template-loader.php(106): include()
#1 /home/raphael/Documentos/GitHub/Projetos/10-WordPress/handel/app/public/wp-blog-header.php(19): require_once('/home/raphael/D...')
#2 /home/raphael/Documentos/GitHub/Projetos/10-WordPress/handel/app/public/index.php(17): require('/home/raphael/D...')
#3 {main}
  thrown in /home/raphael/Documentos/GitHub/Projetos/10-WordPress/handel/app/public/wp-content/themes/handel/index.php on line 56

