2022-11-21T18:10:47+00:00 CRITICAL syntax error, unexpected token "<", expecting end of file, em /home/raphael/Documentos/GitHub/Projetos/10-WordPress/handel/app/public/wp-content/themes/handel/header.php, na linha 9

2022-11-21T18:10:54+00:00 CRITICAL Uncaught Error: Undefined constant "wp_head" in /home/raphael/Documentos/GitHub/Projetos/10-WordPress/handel/app/public/wp-content/themes/handel/header.php:8
Stack trace:
#0 /home/raphael/Documentos/GitHub/Projetos/10-WordPress/handel/app/public/wp-includes/template.php(783): require_once()
#1 /home/raphael/Documentos/GitHub/Projetos/10-WordPress/handel/app/public/wp-includes/template.php(718): load_template('/home/raphael/D...', true, Array)
#2 /home/raphael/Documentos/GitHub/Projetos/10-WordPress/handel/app/public/wp-includes/general-template.php(48): locate_template(Array, true, true, Array)
#3 /home/raphael/Documentos/GitHub/Projetos/10-WordPress/handel/app/public/wp-content/themes/handel/index.php(1): get_header()
#4 /home/raphael/Documentos/GitHub/Projetos/10-WordPress/handel/app/public/wp-includes/template-loader.php(106): include('/home/raphael/D...')
#5 /home/raphael/Documentos/GitHub/Projetos/10-WordPress/handel/app/public/wp-blog-header.php(19): require_once('/home/raphael/D...')
#6 /home/raphael/Documentos/GitHub/Projetos/10-WordPress/handel/app/public/index.php(17): require('/home/raphael/D...')
#7 {main}
  thrown, em /home/raphael/Documentos/GitHub/Projetos/10-WordPress/handel/app/public/wp-content/themes/handel/header.php, na linha 8

2022-11-21T18:11:24+00:00 CRITICAL Uncaught Error: Undefined constant "wp_footer" in /home/raphael/Documentos/GitHub/Projetos/10-WordPress/handel/app/public/wp-content/themes/handel/footer.php:1
Stack trace:
#0 /home/raphael/Documentos/GitHub/Projetos/10-WordPress/handel/app/public/wp-includes/template.php(783): require_once()
#1 /home/raphael/Documentos/GitHub/Projetos/10-WordPress/handel/app/public/wp-includes/template.php(718): load_template('/home/raphael/D...', true, Array)
#2 /home/raphael/Documentos/GitHub/Projetos/10-WordPress/handel/app/public/wp-includes/general-template.php(92): locate_template(Array, true, true, Array)
#3 /home/raphael/Documentos/GitHub/Projetos/10-WordPress/handel/app/public/wp-content/themes/handel/index.php(5): get_footer()
#4 /home/raphael/Documentos/GitHub/Projetos/10-WordPress/handel/app/public/wp-includes/template-loader.php(106): include('/home/raphael/D...')
#5 /home/raphael/Documentos/GitHub/Projetos/10-WordPress/handel/app/public/wp-blog-header.php(19): require_once('/home/raphael/D...')
#6 /home/raphael/Documentos/GitHub/Projetos/10-WordPress/handel/app/public/index.php(17): require('/home/raphael/D...')
#7 {main}
  thrown, em /home/raphael/Documentos/GitHub/Projetos/10-WordPress/handel/app/public/wp-content/themes/handel/footer.php, na linha 1

2022-11-21T18:11:32+00:00 CRITICAL Uncaught Error: Call to undefined function wp_foot() in /home/raphael/Documentos/GitHub/Projetos/10-WordPress/handel/app/public/wp-content/themes/handel/footer.php:1
Stack trace:
#0 /home/raphael/Documentos/GitHub/Projetos/10-WordPress/handel/app/public/wp-includes/template.php(783): require_once()
#1 /home/raphael/Documentos/GitHub/Projetos/10-WordPress/handel/app/public/wp-includes/template.php(718): load_template('/home/raphael/D...', true, Array)
#2 /home/raphael/Documentos/GitHub/Projetos/10-WordPress/handel/app/public/wp-includes/general-template.php(92): locate_template(Array, true, true, Array)
#3 /home/raphael/Documentos/GitHub/Projetos/10-WordPress/handel/app/public/wp-content/themes/handel/index.php(5): get_footer()
#4 /home/raphael/Documentos/GitHub/Projetos/10-WordPress/handel/app/public/wp-includes/template-loader.php(106): include('/home/raphael/D...')
#5 /home/raphael/Documentos/GitHub/Projetos/10-WordPress/handel/app/public/wp-blog-header.php(19): require_once('/home/raphael/D...')
#6 /home/raphael/Documentos/GitHub/Projetos/10-WordPress/handel/app/public/index.php(17): require('/home/raphael/D...')
#7 {main}
  thrown, em /home/raphael/Documentos/GitHub/Projetos/10-WordPress/handel/app/public/wp-content/themes/handel/footer.php, na linha 1

2022-11-21T18:11:34+00:00 CRITICAL Unmatched ')', em /home/raphael/Documentos/GitHub/Projetos/10-WordPress/handel/app/public/wp-content/themes/handel/footer.php, na linha 1

2022-11-21T18:11:35+00:00 CRITICAL Uncaught Error: Undefined constant "wp_foot" in /home/raphael/Documentos/GitHub/Projetos/10-WordPress/handel/app/public/wp-content/themes/handel/footer.php:1
Stack trace:
#0 /home/raphael/Documentos/GitHub/Projetos/10-WordPress/handel/app/public/wp-includes/template.php(783): require_once()
#1 /home/raphael/Documentos/GitHub/Projetos/10-WordPress/handel/app/public/wp-includes/template.php(718): load_template('/home/raphael/D...', true, Array)
#2 /home/raphael/Documentos/GitHub/Projetos/10-WordPress/handel/app/public/wp-includes/general-template.php(92): locate_template(Array, true, true, Array)
#3 /home/raphael/Documentos/GitHub/Projetos/10-WordPress/handel/app/public/wp-content/themes/handel/index.php(5): get_footer()
#4 /home/raphael/Documentos/GitHub/Projetos/10-WordPress/handel/app/public/wp-includes/template-loader.php(106): include('/home/raphael/D...')
#5 /home/raphael/Documentos/GitHub/Projetos/10-WordPress/handel/app/public/wp-blog-header.php(19): require_once('/home/raphael/D...')
#6 /home/raphael/Documentos/GitHub/Projetos/10-WordPress/handel/app/public/index.php(17): require('/home/raphael/D...')
#7 {main}
  thrown, em /home/raphael/Documentos/GitHub/Projetos/10-WordPress/handel/app/public/wp-content/themes/handel/footer.php, na linha 1

2022-11-21T18:11:37+00:00 CRITICAL Uncaught Error: Undefined constant "wp_foot" in /home/raphael/Documentos/GitHub/Projetos/10-WordPress/handel/app/public/wp-content/themes/handel/footer.php:1
Stack trace:
#0 /home/raphael/Documentos/GitHub/Projetos/10-WordPress/handel/app/public/wp-includes/template.php(783): require_once()
#1 /home/raphael/Documentos/GitHub/Projetos/10-WordPress/handel/app/public/wp-includes/template.php(718): load_template('/home/raphael/D...', true, Array)
#2 /home/raphael/Documentos/GitHub/Projetos/10-WordPress/handel/app/public/wp-includes/general-template.php(92): locate_template(Array, true, true, Array)
#3 /home/raphael/Documentos/GitHub/Projetos/10-WordPress/handel/app/public/wp-content/themes/handel/index.php(5): get_footer()
#4 /home/raphael/Documentos/GitHub/Projetos/10-WordPress/handel/app/public/wp-includes/template-loader.php(106): include('/home/raphael/D...')
#5 /home/raphael/Documentos/GitHub/Projetos/10-WordPress/handel/app/public/wp-blog-header.php(19): require_once('/home/raphael/D...')
#6 /home/raphael/Documentos/GitHub/Projetos/10-WordPress/handel/app/public/index.php(17): require('/home/raphael/D...')
#7 {main}
  thrown, em /home/raphael/Documentos/GitHub/Projetos/10-WordPress/handel/app/public/wp-content/themes/handel/footer.php, na linha 1

2022-11-21T18:13:45+00:00 CRITICAL syntax error, unexpected token "<", expecting end of file, em /home/raphael/Documentos/GitHub/Projetos/10-WordPress/handel/app/public/wp-content/themes/handel/header.php, na linha 7

2022-11-21T18:14:15+00:00 CRITICAL syntax error, unexpected token "<", expecting end of file, em /home/raphael/Documentos/GitHub/Projetos/10-WordPress/handel/app/public/wp-content/themes/handel/header.php, na linha 7

2022-11-21T18:14:24+00:00 CRITICAL Uncaught Error: Undefined constant "blog" in /home/raphael/Documentos/GitHub/Projetos/10-WordPress/handel/app/public/wp-content/themes/handel/header.php:7
Stack trace:
#0 /home/raphael/Documentos/GitHub/Projetos/10-WordPress/handel/app/public/wp-includes/template.php(783): require_once()
#1 /home/raphael/Documentos/GitHub/Projetos/10-WordPress/handel/app/public/wp-includes/template.php(718): load_template('/home/raphael/D...', true, Array)
#2 /home/raphael/Documentos/GitHub/Projetos/10-WordPress/handel/app/public/wp-includes/general-template.php(48): locate_template(Array, true, true, Array)
#3 /home/raphael/Documentos/GitHub/Projetos/10-WordPress/handel/app/public/wp-content/themes/handel/index.php(1): get_header()
#4 /home/raphael/Documentos/GitHub/Projetos/10-WordPress/handel/app/public/wp-includes/template-loader.php(106): include('/home/raphael/D...')
#5 /home/raphael/Documentos/GitHub/Projetos/10-WordPress/handel/app/public/wp-blog-header.php(19): require_once('/home/raphael/D...')
#6 /home/raphael/Documentos/GitHub/Projetos/10-WordPress/handel/app/public/index.php(17): require('/home/raphael/D...')
#7 {main}
  thrown, em /home/raphael/Documentos/GitHub/Projetos/10-WordPress/handel/app/public/wp-content/themes/handel/header.php, na linha 7

2022-11-21T18:14:59+00:00 CRITICAL Uncaught Error: Undefined constant "the" in /home/raphael/Documentos/GitHub/Projetos/10-WordPress/handel/app/public/wp-content/themes/handel/header.php:7
Stack trace:
#0 /home/raphael/Documentos/GitHub/Projetos/10-WordPress/handel/app/public/wp-includes/template.php(783): require_once()
#1 /home/raphael/Documentos/GitHub/Projetos/10-WordPress/handel/app/public/wp-includes/template.php(718): load_template('/home/raphael/D...', true, Array)
#2 /home/raphael/Documentos/GitHub/Projetos/10-WordPress/handel/app/public/wp-includes/general-template.php(48): locate_template(Array, true, true, Array)
#3 /home/raphael/Documentos/GitHub/Projetos/10-WordPress/handel/app/public/wp-content/themes/handel/index.php(1): get_header()
#4 /home/raphael/Documentos/GitHub/Projetos/10-WordPress/handel/app/public/wp-includes/template-loader.php(106): include('/home/raphael/D...')
#5 /home/raphael/Documentos/GitHub/Projetos/10-WordPress/handel/app/public/wp-blog-header.php(19): require_once('/home/raphael/D...')
#6 /home/raphael/Documentos/GitHub/Projetos/10-WordPress/handel/app/public/index.php(17): require('/home/raphael/D...')
#7 {main}
  thrown, em /home/raphael/Documentos/GitHub/Projetos/10-WordPress/handel/app/public/wp-content/themes/handel/header.php, na linha 7

2022-11-21T18:15:55+00:00 CRITICAL syntax error, unexpected token ">", expecting end of file, em /home/raphael/Documentos/GitHub/Projetos/10-WordPress/handel/app/public/wp-content/themes/handel/header.php, na linha 10

2022-11-21T18:17:24+00:00 CRITICAL Uncaught Error: Undefined constant "php" in /home/raphael/Documentos/GitHub/Projetos/10-WordPress/handel/app/public/wp-content/themes/handel/index.php:2
Stack trace:
#0 /home/raphael/Documentos/GitHub/Projetos/10-WordPress/handel/app/public/wp-includes/template-loader.php(106): include()
#1 /home/raphael/Documentos/GitHub/Projetos/10-WordPress/handel/app/public/wp-blog-header.php(19): require_once('/home/raphael/D...')
#2 /home/raphael/Documentos/GitHub/Projetos/10-WordPress/handel/app/public/index.php(17): require('/home/raphael/D...')
#3 {main}
  thrown, em /home/raphael/Documentos/GitHub/Projetos/10-WordPress/handel/app/public/wp-content/themes/handel/index.php, na linha 2

2022-11-21T18:17:55+00:00 CRITICAL syntax error, unexpected token ";", expecting "(", em /home/raphael/Documentos/GitHub/Projetos/10-WordPress/handel/app/public/wp-content/themes/handel/index.php, na linha 2

2022-11-21T18:17:58+00:00 CRITICAL Uncaught Error: Undefined constant "have_" in /home/raphael/Documentos/GitHub/Projetos/10-WordPress/handel/app/public/wp-content/themes/handel/index.php:2
Stack trace:
#0 /home/raphael/Documentos/GitHub/Projetos/10-WordPress/handel/app/public/wp-includes/template-loader.php(106): include()
#1 /home/raphael/Documentos/GitHub/Projetos/10-WordPress/handel/app/public/wp-blog-header.php(19): require_once('/home/raphael/D...')
#2 /home/raphael/Documentos/GitHub/Projetos/10-WordPress/handel/app/public/index.php(17): require('/home/raphael/D...')
#3 {main}
  thrown, em /home/raphael/Documentos/GitHub/Projetos/10-WordPress/handel/app/public/wp-content/themes/handel/index.php, na linha 2

2022-11-21T18:18:00+00:00 CRITICAL Uncaught Error: Undefined constant "have_post" in /home/raphael/Documentos/GitHub/Projetos/10-WordPress/handel/app/public/wp-content/themes/handel/index.php:2
Stack trace:
#0 /home/raphael/Documentos/GitHub/Projetos/10-WordPress/handel/app/public/wp-includes/template-loader.php(106): include()
#1 /home/raphael/Documentos/GitHub/Projetos/10-WordPress/handel/app/public/wp-blog-header.php(19): require_once('/home/raphael/D...')
#2 /home/raphael/Documentos/GitHub/Projetos/10-WordPress/handel/app/public/index.php(17): require('/home/raphael/D...')
#3 {main}
  thrown, em /home/raphael/Documentos/GitHub/Projetos/10-WordPress/handel/app/public/wp-content/themes/handel/index.php, na linha 2

2022-11-21T18:18:02+00:00 CRITICAL Uncaught Error: Undefined constant "have_post" in /home/raphael/Documentos/GitHub/Projetos/10-WordPress/handel/app/public/wp-content/themes/handel/index.php:2
Stack trace:
#0 /home/raphael/Documentos/GitHub/Projetos/10-WordPress/handel/app/public/wp-includes/template-loader.php(106): include()
#1 /home/raphael/Documentos/GitHub/Projetos/10-WordPress/handel/app/public/wp-blog-header.php(19): require_once('/home/raphael/D...')
#2 /home/raphael/Documentos/GitHub/Projetos/10-WordPress/handel/app/public/index.php(17): require('/home/raphael/D...')
#3 {main}
  thrown, em /home/raphael/Documentos/GitHub/Projetos/10-WordPress/handel/app/public/wp-content/themes/handel/index.php, na linha 2

2022-11-21T18:18:13+00:00 CRITICAL syntax error, unexpected token "}", expecting "(", em /home/raphael/Documentos/GitHub/Projetos/10-WordPress/handel/app/public/wp-content/themes/handel/index.php, na linha 2

2022-11-21T18:18:16+00:00 CRITICAL syntax error, unexpected token ")", em /home/raphael/Documentos/GitHub/Projetos/10-WordPress/handel/app/public/wp-content/themes/handel/index.php, na linha 2

2022-11-21T18:18:19+00:00 CRITICAL syntax error, unexpected token "}", em /home/raphael/Documentos/GitHub/Projetos/10-WordPress/handel/app/public/wp-content/themes/handel/index.php, na linha 2

2022-11-21T18:18:22+00:00 CRITICAL syntax error, unexpected token "}", em /home/raphael/Documentos/GitHub/Projetos/10-WordPress/handel/app/public/wp-content/themes/handel/index.php, na linha 2

2022-11-21T18:18:30+00:00 CRITICAL syntax error, unexpected token "}", em /home/raphael/Documentos/GitHub/Projetos/10-WordPress/handel/app/public/wp-content/themes/handel/index.php, na linha 2

2022-11-21T18:18:33+00:00 CRITICAL syntax error, unexpected token "}", em /home/raphael/Documentos/GitHub/Projetos/10-WordPress/handel/app/public/wp-content/themes/handel/index.php, na linha 2

2022-11-21T18:18:36+00:00 CRITICAL syntax error, unexpected token "}", em /home/raphael/Documentos/GitHub/Projetos/10-WordPress/handel/app/public/wp-content/themes/handel/index.php, na linha 2

2022-11-21T18:18:42+00:00 CRITICAL syntax error, unexpected token "}", em /home/raphael/Documentos/GitHub/Projetos/10-WordPress/handel/app/public/wp-content/themes/handel/index.php, na linha 3

2022-11-21T18:18:51+00:00 CRITICAL syntax error, unexpected token "?", em /home/raphael/Documentos/GitHub/Projetos/10-WordPress/handel/app/public/wp-content/themes/handel/index.php, na linha 3

2022-11-21T18:19:25+00:00 CRITICAL syntax error, unexpected token "<", em /home/raphael/Documentos/GitHub/Projetos/10-WordPress/handel/app/public/wp-content/themes/handel/index.php, na linha 3

2022-11-21T18:19:27+00:00 CRITICAL syntax error, unexpected token "<", em /home/raphael/Documentos/GitHub/Projetos/10-WordPress/handel/app/public/wp-content/themes/handel/index.php, na linha 3

2022-11-21T18:21:15+00:00 CRITICAL syntax error, unexpected token "?", em /home/raphael/Documentos/GitHub/Projetos/10-WordPress/handel/app/public/wp-content/themes/handel/index.php, na linha 4

2022-11-21T18:21:16+00:00 CRITICAL syntax error, unexpected token "<", em /home/raphael/Documentos/GitHub/Projetos/10-WordPress/handel/app/public/wp-content/themes/handel/index.php, na linha 4

2022-11-21T18:21:26+00:00 CRITICAL Uncaught Error: Undefined constant "the_content" in /home/raphael/Documentos/GitHub/Projetos/10-WordPress/handel/app/public/wp-content/themes/handel/index.php:4
Stack trace:
#0 /home/raphael/Documentos/GitHub/Projetos/10-WordPress/handel/app/public/wp-includes/template-loader.php(106): include()
#1 /home/raphael/Documentos/GitHub/Projetos/10-WordPress/handel/app/public/wp-blog-header.php(19): require_once('/home/raphael/D...')
#2 /home/raphael/Documentos/GitHub/Projetos/10-WordPress/handel/app/public/index.php(17): require('/home/raphael/D...')
#3 {main}
  thrown, em /home/raphael/Documentos/GitHub/Projetos/10-WordPress/handel/app/public/wp-content/themes/handel/index.php, na linha 4

