2022-11-30T11:20:14+00:00 CRITICAL Uncaught Error: Undefined constant "get" in /home/raphael/Documentos/GitHub/Projetos/10-WordPress/handel/app/public/wp-content/themes/handel/index.php:11
Stack trace:
#0 /home/raphael/Documentos/GitHub/Projetos/10-WordPress/handel/app/public/wp-includes/template-loader.php(106): include()
#1 /home/raphael/Documentos/GitHub/Projetos/10-WordPress/handel/app/public/wp-blog-header.php(19): require_once('/home/raphael/D...')
#2 /home/raphael/Documentos/GitHub/Projetos/10-WordPress/handel/app/public/index.php(17): require('/home/raphael/D...')
#3 {main}
  thrown in /home/raphael/Documentos/GitHub/Projetos/10-WordPress/handel/app/public/wp-content/themes/handel/index.php on line 11

2022-11-30T11:20:17+00:00 CRITICAL Uncaught Error: Undefined constant "get_glob" in /home/raphael/Documentos/GitHub/Projetos/10-WordPress/handel/app/public/wp-content/themes/handel/index.php:11
Stack trace:
#0 /home/raphael/Documentos/GitHub/Projetos/10-WordPress/handel/app/public/wp-includes/template-loader.php(106): include()
#1 /home/raphael/Documentos/GitHub/Projetos/10-WordPress/handel/app/public/wp-blog-header.php(19): require_once('/home/raphael/D...')
#2 /home/raphael/Documentos/GitHub/Projetos/10-WordPress/handel/app/public/index.php(17): require('/home/raphael/D...')
#3 {main}
  thrown in /home/raphael/Documentos/GitHub/Projetos/10-WordPress/handel/app/public/wp-content/themes/handel/index.php on line 11

2022-11-30T11:20:20+00:00 CRITICAL Uncaught Error: Undefined constant "get_g" in /home/raphael/Documentos/GitHub/Projetos/10-WordPress/handel/app/public/wp-content/themes/handel/index.php:11
Stack trace:
#0 /home/raphael/Documentos/GitHub/Projetos/10-WordPress/handel/app/public/wp-includes/template-loader.php(106): include()
#1 /home/raphael/Documentos/GitHub/Projetos/10-WordPress/handel/app/public/wp-blog-header.php(19): require_once('/home/raphael/D...')
#2 /home/raphael/Documentos/GitHub/Projetos/10-WordPress/handel/app/public/index.php(17): require('/home/raphael/D...')
#3 {main}
  thrown in /home/raphael/Documentos/GitHub/Projetos/10-WordPress/handel/app/public/wp-content/themes/handel/index.php on line 11

2022-11-30T11:20:33+00:00 CRITICAL syntax error, unexpected token ";" in /home/raphael/Documentos/GitHub/Projetos/10-WordPress/handel/app/public/wp-content/themes/handel/index.php on line 13

2022-11-30T11:21:22+00:00 CRITICAL syntax error, unexpected token ";", expecting "(" in /home/raphael/Documentos/GitHub/Projetos/10-WordPress/handel/app/public/wp-content/themes/handel/index.php on line 15

2022-11-30T11:21:24+00:00 CRITICAL syntax error, unexpected token ";", expecting "(" in /home/raphael/Documentos/GitHub/Projetos/10-WordPress/handel/app/public/wp-content/themes/handel/index.php on line 15

2022-11-30T11:21:29+00:00 CRITICAL syntax error, unexpected token ";", expecting "{" in /home/raphael/Documentos/GitHub/Projetos/10-WordPress/handel/app/public/wp-content/themes/handel/index.php on line 15

2022-11-30T11:21:34+00:00 CRITICAL syntax error, unexpected token "}", expecting ";" in /home/raphael/Documentos/GitHub/Projetos/10-WordPress/handel/app/public/wp-content/themes/handel/index.php on line 16

2022-11-30T11:21:39+00:00 CRITICAL syntax error, unexpected token ",", expecting ";" in /home/raphael/Documentos/GitHub/Projetos/10-WordPress/handel/app/public/wp-content/themes/handel/index.php on line 15

2022-11-30T11:21:41+00:00 CRITICAL syntax error, unexpected token ",", expecting ";" in /home/raphael/Documentos/GitHub/Projetos/10-WordPress/handel/app/public/wp-content/themes/handel/index.php on line 15

2022-11-30T11:21:43+00:00 CRITICAL syntax error, unexpected token ",", expecting ";" in /home/raphael/Documentos/GitHub/Projetos/10-WordPress/handel/app/public/wp-content/themes/handel/index.php on line 15

2022-11-30T11:21:45+00:00 CRITICAL syntax error, unexpected token ",", expecting ";" in /home/raphael/Documentos/GitHub/Projetos/10-WordPress/handel/app/public/wp-content/themes/handel/index.php on line 15

2022-11-30T11:21:48+00:00 CRITICAL syntax error, unexpected token ",", expecting ";" in /home/raphael/Documentos/GitHub/Projetos/10-WordPress/handel/app/public/wp-content/themes/handel/index.php on line 15

2022-11-30T11:21:53+00:00 CRITICAL syntax error, unexpected token ",", expecting ";" in /home/raphael/Documentos/GitHub/Projetos/10-WordPress/handel/app/public/wp-content/themes/handel/index.php on line 15

2022-11-30T11:21:54+00:00 CRITICAL syntax error, unexpected token ",", expecting ";" in /home/raphael/Documentos/GitHub/Projetos/10-WordPress/handel/app/public/wp-content/themes/handel/index.php on line 15

2022-11-30T11:22:04+00:00 CRITICAL syntax error, unexpected token ",", expecting ";" in /home/raphael/Documentos/GitHub/Projetos/10-WordPress/handel/app/public/wp-content/themes/handel/index.php on line 15

2022-11-30T11:22:06+00:00 CRITICAL syntax error, unexpected token ",", expecting ";" in /home/raphael/Documentos/GitHub/Projetos/10-WordPress/handel/app/public/wp-content/themes/handel/index.php on line 15

2022-11-30T11:22:08+00:00 CRITICAL syntax error, unexpected token ",", expecting ";" in /home/raphael/Documentos/GitHub/Projetos/10-WordPress/handel/app/public/wp-content/themes/handel/index.php on line 15

2022-11-30T11:22:25+00:00 CRITICAL syntax error, unexpected variable "$b", expecting ";" in /home/raphael/Documentos/GitHub/Projetos/10-WordPress/handel/app/public/wp-content/themes/handel/index.php on line 15

2022-11-30T11:22:33+00:00 CRITICAL Uncaught ArgumentCountError: Too few arguments to function somar(), 1 passed in /home/raphael/Documentos/GitHub/Projetos/10-WordPress/handel/app/public/wp-content/themes/handel/index.php on line 18 and exactly 2 expected in /home/raphael/Documentos/GitHub/Projetos/10-WordPress/handel/app/public/wp-content/themes/handel/index.php:14
Stack trace:
#0 /home/raphael/Documentos/GitHub/Projetos/10-WordPress/handel/app/public/wp-content/themes/handel/index.php(18): somar(5)
#1 /home/raphael/Documentos/GitHub/Projetos/10-WordPress/handel/app/public/wp-includes/template-loader.php(106): include('/home/raphael/D...')
#2 /home/raphael/Documentos/GitHub/Projetos/10-WordPress/handel/app/public/wp-blog-header.php(19): require_once('/home/raphael/D...')
#3 /home/raphael/Documentos/GitHub/Projetos/10-WordPress/handel/app/public/index.php(17): require('/home/raphael/D...')
#4 {main}
  thrown in /home/raphael/Documentos/GitHub/Projetos/10-WordPress/handel/app/public/wp-content/themes/handel/index.php on line 14

2022-11-30T11:22:35+00:00 CRITICAL syntax error, unexpected token ")" in /home/raphael/Documentos/GitHub/Projetos/10-WordPress/handel/app/public/wp-content/themes/handel/index.php on line 18

2022-11-30T11:22:36+00:00 CRITICAL Uncaught ArgumentCountError: Too few arguments to function somar(), 1 passed in /home/raphael/Documentos/GitHub/Projetos/10-WordPress/handel/app/public/wp-content/themes/handel/index.php on line 18 and exactly 2 expected in /home/raphael/Documentos/GitHub/Projetos/10-WordPress/handel/app/public/wp-content/themes/handel/index.php:14
Stack trace:
#0 /home/raphael/Documentos/GitHub/Projetos/10-WordPress/handel/app/public/wp-content/themes/handel/index.php(18): somar(5)
#1 /home/raphael/Documentos/GitHub/Projetos/10-WordPress/handel/app/public/wp-includes/template-loader.php(106): include('/home/raphael/D...')
#2 /home/raphael/Documentos/GitHub/Projetos/10-WordPress/handel/app/public/wp-blog-header.php(19): require_once('/home/raphael/D...')
#3 /home/raphael/Documentos/GitHub/Projetos/10-WordPress/handel/app/public/index.php(17): require('/home/raphael/D...')
#4 {main}
  thrown in /home/raphael/Documentos/GitHub/Projetos/10-WordPress/handel/app/public/wp-content/themes/handel/index.php on line 14

2022-11-30T11:23:20+00:00 CRITICAL Cannot redeclare somar() (previously declared in /home/raphael/Documentos/GitHub/Projetos/10-WordPress/handel/app/public/wp-content/themes/handel/index.php:14) in /home/raphael/Documentos/GitHub/Projetos/10-WordPress/handel/app/public/wp-content/themes/handel/index.php on line 18

2022-11-30T11:23:22+00:00 CRITICAL Cannot redeclare somar() (previously declared in /home/raphael/Documentos/GitHub/Projetos/10-WordPress/handel/app/public/wp-content/themes/handel/index.php:14) in /home/raphael/Documentos/GitHub/Projetos/10-WordPress/handel/app/public/wp-content/themes/handel/index.php on line 19

2022-11-30T11:25:18+00:00 CRITICAL syntax error, unexpected token "<", expecting end of file in /home/raphael/Documentos/GitHub/Projetos/10-WordPress/handel/app/public/wp-content/themes/handel/index.php on line 24

2022-11-30T11:25:24+00:00 CRITICAL syntax error, unexpected token "<", expecting end of file in /home/raphael/Documentos/GitHub/Projetos/10-WordPress/handel/app/public/wp-content/themes/handel/index.php on line 24

2022-11-30T11:25:28+00:00 CRITICAL syntax error, unexpected token "<", expecting end of file in /home/raphael/Documentos/GitHub/Projetos/10-WordPress/handel/app/public/wp-content/themes/handel/index.php on line 24

2022-11-30T11:25:31+00:00 CRITICAL syntax error, unexpected token "<", expecting end of file in /home/raphael/Documentos/GitHub/Projetos/10-WordPress/handel/app/public/wp-content/themes/handel/index.php on line 24

2022-11-30T11:25:32+00:00 CRITICAL syntax error, unexpected token "<", expecting end of file in /home/raphael/Documentos/GitHub/Projetos/10-WordPress/handel/app/public/wp-content/themes/handel/index.php on line 24

2022-11-30T11:25:36+00:00 CRITICAL syntax error, unexpected token "<", expecting end of file in /home/raphael/Documentos/GitHub/Projetos/10-WordPress/handel/app/public/wp-content/themes/handel/index.php on line 24

2022-11-30T11:25:42+00:00 CRITICAL syntax error, unexpected token "<", expecting end of file in /home/raphael/Documentos/GitHub/Projetos/10-WordPress/handel/app/public/wp-content/themes/handel/index.php on line 24

2022-11-30T11:25:43+00:00 CRITICAL syntax error, unexpected token "<", expecting end of file in /home/raphael/Documentos/GitHub/Projetos/10-WordPress/handel/app/public/wp-content/themes/handel/index.php on line 24

2022-11-30T11:25:46+00:00 CRITICAL syntax error, unexpected token "<", expecting end of file in /home/raphael/Documentos/GitHub/Projetos/10-WordPress/handel/app/public/wp-content/themes/handel/index.php on line 24

2022-11-30T11:25:47+00:00 CRITICAL syntax error, unexpected token "<", expecting end of file in /home/raphael/Documentos/GitHub/Projetos/10-WordPress/handel/app/public/wp-content/themes/handel/index.php on line 24

2022-11-30T11:27:07+00:00 CRITICAL syntax error, unexpected token "<", expecting "(" in /home/raphael/Documentos/GitHub/Projetos/10-WordPress/handel/app/public/wp-content/themes/handel/index.php on line 33

2022-11-30T11:27:08+00:00 CRITICAL syntax error, unexpected token "/" in /home/raphael/Documentos/GitHub/Projetos/10-WordPress/handel/app/public/wp-content/themes/handel/index.php on line 33

2022-11-30T11:27:11+00:00 CRITICAL syntax error, unexpected token "/" in /home/raphael/Documentos/GitHub/Projetos/10-WordPress/handel/app/public/wp-content/themes/handel/index.php on line 33

2022-11-30T11:27:13+00:00 CRITICAL syntax error, unexpected token "?" in /home/raphael/Documentos/GitHub/Projetos/10-WordPress/handel/app/public/wp-content/themes/handel/index.php on line 32

2022-11-30T11:32:47+00:00 CRITICAL syntax error, unexpected token "<", expecting end of file in /home/raphael/Documentos/GitHub/Projetos/10-WordPress/handel/app/public/wp-content/themes/handel/index.php on line 35

2022-11-30T11:32:50+00:00 CRITICAL syntax error, unexpected token "<", expecting end of file in /home/raphael/Documentos/GitHub/Projetos/10-WordPress/handel/app/public/wp-content/themes/handel/index.php on line 35

2022-11-30T11:32:51+00:00 CRITICAL syntax error, unexpected token ":", expecting end of file in /home/raphael/Documentos/GitHub/Projetos/10-WordPress/handel/app/public/wp-content/themes/handel/index.php on line 34

2022-11-30T11:33:08+00:00 CRITICAL Uncaught Error: Undefined constant "get_sear" in /home/raphael/Documentos/GitHub/Projetos/10-WordPress/handel/app/public/wp-content/themes/handel/index.php:34
Stack trace:
#0 /home/raphael/Documentos/GitHub/Projetos/10-WordPress/handel/app/public/wp-includes/template-loader.php(106): include()
#1 /home/raphael/Documentos/GitHub/Projetos/10-WordPress/handel/app/public/wp-blog-header.php(19): require_once('/home/raphael/D...')
#2 /home/raphael/Documentos/GitHub/Projetos/10-WordPress/handel/app/public/index.php(17): require('/home/raphael/D...')
#3 {main}
  thrown in /home/raphael/Documentos/GitHub/Projetos/10-WordPress/handel/app/public/wp-content/themes/handel/index.php on line 34

2022-11-30T11:34:22+00:00 CRITICAL Uncaught Error: Undefined constant "get" in /home/raphael/Documentos/GitHub/Projetos/10-WordPress/handel/app/public/wp-content/themes/handel/index.php:36
Stack trace:
#0 /home/raphael/Documentos/GitHub/Projetos/10-WordPress/handel/app/public/wp-includes/template-loader.php(106): include()
#1 /home/raphael/Documentos/GitHub/Projetos/10-WordPress/handel/app/public/wp-blog-header.php(19): require_once('/home/raphael/D...')
#2 /home/raphael/Documentos/GitHub/Projetos/10-WordPress/handel/app/public/index.php(17): require('/home/raphael/D...')
#3 {main}
  thrown in /home/raphael/Documentos/GitHub/Projetos/10-WordPress/handel/app/public/wp-content/themes/handel/index.php on line 36

