2022-11-22T23:20:56+00:00 CRITICAL Uncaught Error: Undefined constant "add" in /home/raphael/Documentos/GitHub/Projetos/10-WordPress/handel/app/public/wp-content/themes/handel/functions.php:2
Stack trace:
#0 /home/raphael/Documentos/GitHub/Projetos/10-WordPress/handel/app/public/wp-settings.php(585): include()
#1 /home/raphael/Documentos/GitHub/Projetos/10-WordPress/handel/app/public/wp-config.php(91): require_once('/home/raphael/D...')
#2 /home/raphael/Documentos/GitHub/Projetos/10-WordPress/handel/app/public/wp-load.php(50): require_once('/home/raphael/D...')
#3 /home/raphael/Documentos/GitHub/Projetos/10-WordPress/handel/app/public/wp-blog-header.php(13): require_once('/home/raphael/D...')
#4 /home/raphael/Documentos/GitHub/Projetos/10-WordPress/handel/app/public/index.php(17): require('/home/raphael/D...')
#5 {main}
  thrown, em /home/raphael/Documentos/GitHub/Projetos/10-WordPress/handel/app/public/wp-content/themes/handel/functions.php, na linha 2

2022-11-22T23:20:58+00:00 CRITICAL Uncaught Error: Undefined constant "add_action" in /home/raphael/Documentos/GitHub/Projetos/10-WordPress/handel/app/public/wp-content/themes/handel/functions.php:2
Stack trace:
#0 /home/raphael/Documentos/GitHub/Projetos/10-WordPress/handel/app/public/wp-settings.php(585): include()
#1 /home/raphael/Documentos/GitHub/Projetos/10-WordPress/handel/app/public/wp-config.php(91): require_once('/home/raphael/D...')
#2 /home/raphael/Documentos/GitHub/Projetos/10-WordPress/handel/app/public/wp-load.php(50): require_once('/home/raphael/D...')
#3 /home/raphael/Documentos/GitHub/Projetos/10-WordPress/handel/app/public/wp-blog-header.php(13): require_once('/home/raphael/D...')
#4 /home/raphael/Documentos/GitHub/Projetos/10-WordPress/handel/app/public/index.php(17): require('/home/raphael/D...')
#5 {main}
  thrown, em /home/raphael/Documentos/GitHub/Projetos/10-WordPress/handel/app/public/wp-content/themes/handel/functions.php, na linha 2

2022-11-22T23:21:02+00:00 CRITICAL Uncaught ArgumentCountError: Too few arguments to function add_action(), 1 passed in /home/raphael/Documentos/GitHub/Projetos/10-WordPress/handel/app/public/wp-content/themes/handel/functions.php on line 2 and at least 2 expected in /home/raphael/Documentos/GitHub/Projetos/10-WordPress/handel/app/public/wp-includes/plugin.php:441
Stack trace:
#0 /home/raphael/Documentos/GitHub/Projetos/10-WordPress/handel/app/public/wp-content/themes/handel/functions.php(2): add_action('dentro')
#1 /home/raphael/Documentos/GitHub/Projetos/10-WordPress/handel/app/public/wp-settings.php(585): include('/home/raphael/D...')
#2 /home/raphael/Documentos/GitHub/Projetos/10-WordPress/handel/app/public/wp-config.php(91): require_once('/home/raphael/D...')
#3 /home/raphael/Documentos/GitHub/Projetos/10-WordPress/handel/app/public/wp-load.php(50): require_once('/home/raphael/D...')
#4 /home/raphael/Documentos/GitHub/Projetos/10-WordPress/handel/app/public/wp-blog-header.php(13): require_once('/home/raphael/D...')
#5 /home/raphael/Documentos/GitHub/Projetos/10-WordPress/handel/app/public/index.php(17): require('/home/raphael/D...')
#6 {main}
  thrown, em /home/raphael/Documentos/GitHub/Projetos/10-WordPress/handel/app/public/wp-includes/plugin.php, na linha 441

2022-11-22T23:21:03+00:00 CRITICAL Uncaught ArgumentCountError: Too few arguments to function add_action(), 1 passed in /home/raphael/Documentos/GitHub/Projetos/10-WordPress/handel/app/public/wp-content/themes/handel/functions.php on line 2 and at least 2 expected in /home/raphael/Documentos/GitHub/Projetos/10-WordPress/handel/app/public/wp-includes/plugin.php:441
Stack trace:
#0 /home/raphael/Documentos/GitHub/Projetos/10-WordPress/handel/app/public/wp-content/themes/handel/functions.php(2): add_action('dentro')
#1 /home/raphael/Documentos/GitHub/Projetos/10-WordPress/handel/app/public/wp-settings.php(585): include('/home/raphael/D...')
#2 /home/raphael/Documentos/GitHub/Projetos/10-WordPress/handel/app/public/wp-config.php(91): require_once('/home/raphael/D...')
#3 /home/raphael/Documentos/GitHub/Projetos/10-WordPress/handel/app/public/wp-load.php(50): require_once('/home/raphael/D...')
#4 /home/raphael/Documentos/GitHub/Projetos/10-WordPress/handel/app/public/wp-admin/admin-ajax.php(22): require_once('/home/raphael/D...')
#5 {main}
  thrown, em /home/raphael/Documentos/GitHub/Projetos/10-WordPress/handel/app/public/wp-includes/plugin.php, na linha 441

2022-11-22T23:21:06+00:00 CRITICAL Uncaught ArgumentCountError: Too few arguments to function add_action(), 1 passed in /home/raphael/Documentos/GitHub/Projetos/10-WordPress/handel/app/public/wp-content/themes/handel/functions.php on line 2 and at least 2 expected in /home/raphael/Documentos/GitHub/Projetos/10-WordPress/handel/app/public/wp-includes/plugin.php:441
Stack trace:
#0 /home/raphael/Documentos/GitHub/Projetos/10-WordPress/handel/app/public/wp-content/themes/handel/functions.php(2): add_action('dentro_da_home')
#1 /home/raphael/Documentos/GitHub/Projetos/10-WordPress/handel/app/public/wp-settings.php(585): include('/home/raphael/D...')
#2 /home/raphael/Documentos/GitHub/Projetos/10-WordPress/handel/app/public/wp-config.php(91): require_once('/home/raphael/D...')
#3 /home/raphael/Documentos/GitHub/Projetos/10-WordPress/handel/app/public/wp-load.php(50): require_once('/home/raphael/D...')
#4 /home/raphael/Documentos/GitHub/Projetos/10-WordPress/handel/app/public/wp-blog-header.php(13): require_once('/home/raphael/D...')
#5 /home/raphael/Documentos/GitHub/Projetos/10-WordPress/handel/app/public/index.php(17): require('/home/raphael/D...')
#6 {main}
  thrown, em /home/raphael/Documentos/GitHub/Projetos/10-WordPress/handel/app/public/wp-includes/plugin.php, na linha 441

2022-11-22T23:21:09+00:00 CRITICAL syntax error, unexpected token ")", expecting "(", em /home/raphael/Documentos/GitHub/Projetos/10-WordPress/handel/app/public/wp-content/themes/handel/functions.php, na linha 2

2022-11-22T23:21:12+00:00 CRITICAL syntax error, unexpected token ")", expecting "(", em /home/raphael/Documentos/GitHub/Projetos/10-WordPress/handel/app/public/wp-content/themes/handel/functions.php, na linha 2

2022-11-22T23:21:20+00:00 CRITICAL syntax error, unexpected token "}", expecting "," or ";", em /home/raphael/Documentos/GitHub/Projetos/10-WordPress/handel/app/public/wp-content/themes/handel/functions.php, na linha 4

2022-11-22T23:21:56+00:00 CRITICAL syntax error, unexpected single-quoted string "dentro_da_home", expecting variable, em /home/raphael/Documentos/GitHub/Projetos/10-WordPress/handel/app/public/wp-content/themes/handel/functions.php, na linha 4

2022-11-22T23:22:00+00:00 CRITICAL syntax error, unexpected identifier "add_action", expecting "(", em /home/raphael/Documentos/GitHub/Projetos/10-WordPress/handel/app/public/wp-content/themes/handel/functions.php, na linha 4

2022-11-22T23:22:25+00:00 CRITICAL Uncaught ArgumentCountError: Too few arguments to function add_action(), 1 passed in /home/raphael/Documentos/GitHub/Projetos/10-WordPress/handel/app/public/wp-content/themes/handel/functions.php on line 6 and at least 2 expected in /home/raphael/Documentos/GitHub/Projetos/10-WordPress/handel/app/public/wp-includes/plugin.php:441
Stack trace:
#0 /home/raphael/Documentos/GitHub/Projetos/10-WordPress/handel/app/public/wp-content/themes/handel/functions.php(6): add_action('dentro_da_home')
#1 /home/raphael/Documentos/GitHub/Projetos/10-WordPress/handel/app/public/wp-settings.php(585): include('/home/raphael/D...')
#2 /home/raphael/Documentos/GitHub/Projetos/10-WordPress/handel/app/public/wp-config.php(91): require_once('/home/raphael/D...')
#3 /home/raphael/Documentos/GitHub/Projetos/10-WordPress/handel/app/public/wp-load.php(50): require_once('/home/raphael/D...')
#4 /home/raphael/Documentos/GitHub/Projetos/10-WordPress/handel/app/public/wp-blog-header.php(13): require_once('/home/raphael/D...')
#5 /home/raphael/Documentos/GitHub/Projetos/10-WordPress/handel/app/public/index.php(17): require('/home/raphael/D...')
#6 {main}
  thrown, em /home/raphael/Documentos/GitHub/Projetos/10-WordPress/handel/app/public/wp-includes/plugin.php, na linha 441

2022-11-22T23:22:29+00:00 CRITICAL Uncaught TypeError: call_user_func_array(): Argument #1 ($callback) must be a valid callback, function "" not found or invalid function name in /home/raphael/Documentos/GitHub/Projetos/10-WordPress/handel/app/public/wp-includes/class-wp-hook.php:308
Stack trace:
#0 /home/raphael/Documentos/GitHub/Projetos/10-WordPress/handel/app/public/wp-includes/class-wp-hook.php(332): WP_Hook->apply_filters('', Array)
#1 /home/raphael/Documentos/GitHub/Projetos/10-WordPress/handel/app/public/wp-includes/plugin.php(517): WP_Hook->do_action(Array)
#2 /home/raphael/Documentos/GitHub/Projetos/10-WordPress/handel/app/public/wp-content/themes/handel/page-home.php(9): do_action('dentro_da_home')
#3 /home/raphael/Documentos/GitHub/Projetos/10-WordPress/handel/app/public/wp-includes/template-loader.php(106): include('/home/raphael/D...')
#4 /home/raphael/Documentos/GitHub/Projetos/10-WordPress/handel/app/public/wp-blog-header.php(19): require_once('/home/raphael/D...')
#5 /home/raphael/Documentos/GitHub/Projetos/10-WordPress/handel/app/public/index.php(17): require('/home/raphael/D...')
#6 {main}
  thrown, em /home/raphael/Documentos/GitHub/Projetos/10-WordPress/handel/app/public/wp-includes/class-wp-hook.php, na linha 308

2022-11-22T23:22:31+00:00 CRITICAL Uncaught TypeError: call_user_func_array(): Argument #1 ($callback) must be a valid callback, function "exe" not found or invalid function name in /home/raphael/Documentos/GitHub/Projetos/10-WordPress/handel/app/public/wp-includes/class-wp-hook.php:308
Stack trace:
#0 /home/raphael/Documentos/GitHub/Projetos/10-WordPress/handel/app/public/wp-includes/class-wp-hook.php(332): WP_Hook->apply_filters('', Array)
#1 /home/raphael/Documentos/GitHub/Projetos/10-WordPress/handel/app/public/wp-includes/plugin.php(517): WP_Hook->do_action(Array)
#2 /home/raphael/Documentos/GitHub/Projetos/10-WordPress/handel/app/public/wp-content/themes/handel/page-home.php(9): do_action('dentro_da_home')
#3 /home/raphael/Documentos/GitHub/Projetos/10-WordPress/handel/app/public/wp-includes/template-loader.php(106): include('/home/raphael/D...')
#4 /home/raphael/Documentos/GitHub/Projetos/10-WordPress/handel/app/public/wp-blog-header.php(19): require_once('/home/raphael/D...')
#5 /home/raphael/Documentos/GitHub/Projetos/10-WordPress/handel/app/public/index.php(17): require('/home/raphael/D...')
#6 {main}
  thrown, em /home/raphael/Documentos/GitHub/Projetos/10-WordPress/handel/app/public/wp-includes/class-wp-hook.php, na linha 308

2022-11-22T23:22:33+00:00 CRITICAL Uncaught TypeError: call_user_func_array(): Argument #1 ($callback) must be a valid callback, function "executar" not found or invalid function name in /home/raphael/Documentos/GitHub/Projetos/10-WordPress/handel/app/public/wp-includes/class-wp-hook.php:308
Stack trace:
#0 /home/raphael/Documentos/GitHub/Projetos/10-WordPress/handel/app/public/wp-includes/class-wp-hook.php(332): WP_Hook->apply_filters('', Array)
#1 /home/raphael/Documentos/GitHub/Projetos/10-WordPress/handel/app/public/wp-includes/plugin.php(517): WP_Hook->do_action(Array)
#2 /home/raphael/Documentos/GitHub/Projetos/10-WordPress/handel/app/public/wp-content/themes/handel/page-home.php(9): do_action('dentro_da_home')
#3 /home/raphael/Documentos/GitHub/Projetos/10-WordPress/handel/app/public/wp-includes/template-loader.php(106): include('/home/raphael/D...')
#4 /home/raphael/Documentos/GitHub/Projetos/10-WordPress/handel/app/public/wp-blog-header.php(19): require_once('/home/raphael/D...')
#5 /home/raphael/Documentos/GitHub/Projetos/10-WordPress/handel/app/public/index.php(17): require('/home/raphael/D...')
#6 {main}
  thrown, em /home/raphael/Documentos/GitHub/Projetos/10-WordPress/handel/app/public/wp-includes/class-wp-hook.php, na linha 308

2022-11-22T23:22:35+00:00 CRITICAL Uncaught TypeError: call_user_func_array(): Argument #1 ($callback) must be a valid callback, function "executar_na" not found or invalid function name in /home/raphael/Documentos/GitHub/Projetos/10-WordPress/handel/app/public/wp-includes/class-wp-hook.php:308
Stack trace:
#0 /home/raphael/Documentos/GitHub/Projetos/10-WordPress/handel/app/public/wp-includes/class-wp-hook.php(332): WP_Hook->apply_filters('', Array)
#1 /home/raphael/Documentos/GitHub/Projetos/10-WordPress/handel/app/public/wp-includes/plugin.php(517): WP_Hook->do_action(Array)
#2 /home/raphael/Documentos/GitHub/Projetos/10-WordPress/handel/app/public/wp-content/themes/handel/page-home.php(9): do_action('dentro_da_home')
#3 /home/raphael/Documentos/GitHub/Projetos/10-WordPress/handel/app/public/wp-includes/template-loader.php(106): include('/home/raphael/D...')
#4 /home/raphael/Documentos/GitHub/Projetos/10-WordPress/handel/app/public/wp-blog-header.php(19): require_once('/home/raphael/D...')
#5 /home/raphael/Documentos/GitHub/Projetos/10-WordPress/handel/app/public/index.php(17): require('/home/raphael/D...')
#6 {main}
  thrown, em /home/raphael/Documentos/GitHub/Projetos/10-WordPress/handel/app/public/wp-includes/class-wp-hook.php, na linha 308

2022-11-22T23:44:29+00:00 CRITICAL syntax error, unexpected token ";", expecting "(", em /home/raphael/Documentos/GitHub/Projetos/10-WordPress/handel/app/public/wp-content/themes/handel/functions.php, na linha 3

2022-11-22T23:44:31+00:00 CRITICAL syntax error, unexpected token ";", expecting "(", em /home/raphael/Documentos/GitHub/Projetos/10-WordPress/handel/app/public/wp-content/themes/handel/functions.php, na linha 3

2022-11-22T23:44:34+00:00 CRITICAL syntax error, unexpected token ";", expecting "(", em /home/raphael/Documentos/GitHub/Projetos/10-WordPress/handel/app/public/wp-content/themes/handel/functions.php, na linha 3

2022-11-22T23:44:35+00:00 CRITICAL syntax error, unexpected token ";", expecting "(", em /home/raphael/Documentos/GitHub/Projetos/10-WordPress/handel/app/public/wp-content/themes/handel/functions.php, na linha 3

2022-11-22T23:44:38+00:00 CRITICAL syntax error, unexpected token ";", expecting "(", em /home/raphael/Documentos/GitHub/Projetos/10-WordPress/handel/app/public/wp-content/themes/handel/functions.php, na linha 3

2022-11-22T23:44:39+00:00 CRITICAL syntax error, unexpected token ";", expecting "(", em /home/raphael/Documentos/GitHub/Projetos/10-WordPress/handel/app/public/wp-content/themes/handel/functions.php, na linha 3

2022-11-22T23:44:44+00:00 CRITICAL syntax error, unexpected token ";", expecting "(", em /home/raphael/Documentos/GitHub/Projetos/10-WordPress/handel/app/public/wp-content/themes/handel/functions.php, na linha 3

2022-11-22T23:44:50+00:00 CRITICAL syntax error, unexpected token ";", expecting "(", em /home/raphael/Documentos/GitHub/Projetos/10-WordPress/handel/app/public/wp-content/themes/handel/functions.php, na linha 3

2022-11-22T23:44:53+00:00 CRITICAL syntax error, unexpected token "}", em /home/raphael/Documentos/GitHub/Projetos/10-WordPress/handel/app/public/wp-content/themes/handel/functions.php, na linha 4

2022-11-22T23:44:56+00:00 CRITICAL syntax error, unexpected token "}", em /home/raphael/Documentos/GitHub/Projetos/10-WordPress/handel/app/public/wp-content/themes/handel/functions.php, na linha 4

2022-11-22T23:45:01+00:00 CRITICAL syntax error, unexpected token "}", em /home/raphael/Documentos/GitHub/Projetos/10-WordPress/handel/app/public/wp-content/themes/handel/functions.php, na linha 4

2022-11-22T23:45:04+00:00 CRITICAL syntax error, unexpected token "}", em /home/raphael/Documentos/GitHub/Projetos/10-WordPress/handel/app/public/wp-content/themes/handel/functions.php, na linha 4

2022-11-22T23:45:06+00:00 CRITICAL syntax error, unexpected token "}", em /home/raphael/Documentos/GitHub/Projetos/10-WordPress/handel/app/public/wp-content/themes/handel/functions.php, na linha 4

2022-11-22T23:45:08+00:00 CRITICAL syntax error, unexpected token "}", em /home/raphael/Documentos/GitHub/Projetos/10-WordPress/handel/app/public/wp-content/themes/handel/functions.php, na linha 4

2022-11-22T23:45:11+00:00 CRITICAL syntax error, unexpected token "}", em /home/raphael/Documentos/GitHub/Projetos/10-WordPress/handel/app/public/wp-content/themes/handel/functions.php, na linha 4

2022-11-22T23:45:15+00:00 CRITICAL syntax error, unexpected token "}", em /home/raphael/Documentos/GitHub/Projetos/10-WordPress/handel/app/public/wp-content/themes/handel/functions.php, na linha 4

2022-11-22T23:45:16+00:00 CRITICAL syntax error, unexpected token "}", em /home/raphael/Documentos/GitHub/Projetos/10-WordPress/handel/app/public/wp-content/themes/handel/functions.php, na linha 4

2022-11-22T23:45:23+00:00 CRITICAL Uncaught Error: Undefined constant "add" in /home/raphael/Documentos/GitHub/Projetos/10-WordPress/handel/app/public/wp-content/themes/handel/functions.php:5
Stack trace:
#0 /home/raphael/Documentos/GitHub/Projetos/10-WordPress/handel/app/public/wp-settings.php(585): include()
#1 /home/raphael/Documentos/GitHub/Projetos/10-WordPress/handel/app/public/wp-config.php(91): require_once('/home/raphael/D...')
#2 /home/raphael/Documentos/GitHub/Projetos/10-WordPress/handel/app/public/wp-load.php(50): require_once('/home/raphael/D...')
#3 /home/raphael/Documentos/GitHub/Projetos/10-WordPress/handel/app/public/wp-blog-header.php(13): require_once('/home/raphael/D...')
#4 /home/raphael/Documentos/GitHub/Projetos/10-WordPress/handel/app/public/index.php(17): require('/home/raphael/D...')
#5 {main}
  thrown, em /home/raphael/Documentos/GitHub/Projetos/10-WordPress/handel/app/public/wp-content/themes/handel/functions.php, na linha 5

2022-11-22T23:45:26+00:00 CRITICAL Uncaught Error: Undefined constant "add_action" in /home/raphael/Documentos/GitHub/Projetos/10-WordPress/handel/app/public/wp-content/themes/handel/functions.php:5
Stack trace:
#0 /home/raphael/Documentos/GitHub/Projetos/10-WordPress/handel/app/public/wp-settings.php(585): include()
#1 /home/raphael/Documentos/GitHub/Projetos/10-WordPress/handel/app/public/wp-config.php(91): require_once('/home/raphael/D...')
#2 /home/raphael/Documentos/GitHub/Projetos/10-WordPress/handel/app/public/wp-load.php(50): require_once('/home/raphael/D...')
#3 /home/raphael/Documentos/GitHub/Projetos/10-WordPress/handel/app/public/wp-blog-header.php(13): require_once('/home/raphael/D...')
#4 /home/raphael/Documentos/GitHub/Projetos/10-WordPress/handel/app/public/index.php(17): require('/home/raphael/D...')
#5 {main}
  thrown, em /home/raphael/Documentos/GitHub/Projetos/10-WordPress/handel/app/public/wp-content/themes/handel/functions.php, na linha 5

2022-11-22T23:45:30+00:00 CRITICAL Uncaught ArgumentCountError: Too few arguments to function add_action(), 1 passed in /home/raphael/Documentos/GitHub/Projetos/10-WordPress/handel/app/public/wp-content/themes/handel/functions.php on line 5 and at least 2 expected in /home/raphael/Documentos/GitHub/Projetos/10-WordPress/handel/app/public/wp-includes/plugin.php:441
Stack trace:
#0 /home/raphael/Documentos/GitHub/Projetos/10-WordPress/handel/app/public/wp-content/themes/handel/functions.php(5): add_action('af')
#1 /home/raphael/Documentos/GitHub/Projetos/10-WordPress/handel/app/public/wp-settings.php(585): include('/home/raphael/D...')
#2 /home/raphael/Documentos/GitHub/Projetos/10-WordPress/handel/app/public/wp-config.php(91): require_once('/home/raphael/D...')
#3 /home/raphael/Documentos/GitHub/Projetos/10-WordPress/handel/app/public/wp-load.php(50): require_once('/home/raphael/D...')
#4 /home/raphael/Documentos/GitHub/Projetos/10-WordPress/handel/app/public/wp-blog-header.php(13): require_once('/home/raphael/D...')
#5 /home/raphael/Documentos/GitHub/Projetos/10-WordPress/handel/app/public/index.php(17): require('/home/raphael/D...')
#6 {main}
  thrown, em /home/raphael/Documentos/GitHub/Projetos/10-WordPress/handel/app/public/wp-includes/plugin.php, na linha 441

2022-11-22T23:45:32+00:00 CRITICAL Uncaught ArgumentCountError: Too few arguments to function add_action(), 1 passed in /home/raphael/Documentos/GitHub/Projetos/10-WordPress/handel/app/public/wp-content/themes/handel/functions.php on line 5 and at least 2 expected in /home/raphael/Documentos/GitHub/Projetos/10-WordPress/handel/app/public/wp-includes/plugin.php:441
Stack trace:
#0 /home/raphael/Documentos/GitHub/Projetos/10-WordPress/handel/app/public/wp-content/themes/handel/functions.php(5): add_action('after')
#1 /home/raphael/Documentos/GitHub/Projetos/10-WordPress/handel/app/public/wp-settings.php(585): include('/home/raphael/D...')
#2 /home/raphael/Documentos/GitHub/Projetos/10-WordPress/handel/app/public/wp-config.php(91): require_once('/home/raphael/D...')
#3 /home/raphael/Documentos/GitHub/Projetos/10-WordPress/handel/app/public/wp-load.php(50): require_once('/home/raphael/D...')
#4 /home/raphael/Documentos/GitHub/Projetos/10-WordPress/handel/app/public/wp-blog-header.php(13): require_once('/home/raphael/D...')
#5 /home/raphael/Documentos/GitHub/Projetos/10-WordPress/handel/app/public/index.php(17): require('/home/raphael/D...')
#6 {main}
  thrown, em /home/raphael/Documentos/GitHub/Projetos/10-WordPress/handel/app/public/wp-includes/plugin.php, na linha 441

2022-11-22T23:45:35+00:00 CRITICAL Uncaught ArgumentCountError: Too few arguments to function add_action(), 1 passed in /home/raphael/Documentos/GitHub/Projetos/10-WordPress/handel/app/public/wp-content/themes/handel/functions.php on line 5 and at least 2 expected in /home/raphael/Documentos/GitHub/Projetos/10-WordPress/handel/app/public/wp-includes/plugin.php:441
Stack trace:
#0 /home/raphael/Documentos/GitHub/Projetos/10-WordPress/handel/app/public/wp-content/themes/handel/functions.php(5): add_action('after_setup')
#1 /home/raphael/Documentos/GitHub/Projetos/10-WordPress/handel/app/public/wp-settings.php(585): include('/home/raphael/D...')
#2 /home/raphael/Documentos/GitHub/Projetos/10-WordPress/handel/app/public/wp-config.php(91): require_once('/home/raphael/D...')
#3 /home/raphael/Documentos/GitHub/Projetos/10-WordPress/handel/app/public/wp-load.php(50): require_once('/home/raphael/D...')
#4 /home/raphael/Documentos/GitHub/Projetos/10-WordPress/handel/app/public/wp-blog-header.php(13): require_once('/home/raphael/D...')
#5 /home/raphael/Documentos/GitHub/Projetos/10-WordPress/handel/app/public/index.php(17): require('/home/raphael/D...')
#6 {main}
  thrown, em /home/raphael/Documentos/GitHub/Projetos/10-WordPress/handel/app/public/wp-includes/plugin.php, na linha 441

2022-11-22T23:45:38+00:00 CRITICAL Uncaught ArgumentCountError: Too few arguments to function add_action(), 1 passed in /home/raphael/Documentos/GitHub/Projetos/10-WordPress/handel/app/public/wp-content/themes/handel/functions.php on line 5 and at least 2 expected in /home/raphael/Documentos/GitHub/Projetos/10-WordPress/handel/app/public/wp-includes/plugin.php:441
Stack trace:
#0 /home/raphael/Documentos/GitHub/Projetos/10-WordPress/handel/app/public/wp-content/themes/handel/functions.php(5): add_action('after_setup_the...')
#1 /home/raphael/Documentos/GitHub/Projetos/10-WordPress/handel/app/public/wp-settings.php(585): include('/home/raphael/D...')
#2 /home/raphael/Documentos/GitHub/Projetos/10-WordPress/handel/app/public/wp-config.php(91): require_once('/home/raphael/D...')
#3 /home/raphael/Documentos/GitHub/Projetos/10-WordPress/handel/app/public/wp-load.php(50): require_once('/home/raphael/D...')
#4 /home/raphael/Documentos/GitHub/Projetos/10-WordPress/handel/app/public/wp-blog-header.php(13): require_once('/home/raphael/D...')
#5 /home/raphael/Documentos/GitHub/Projetos/10-WordPress/handel/app/public/index.php(17): require('/home/raphael/D...')
#6 {main}
  thrown, em /home/raphael/Documentos/GitHub/Projetos/10-WordPress/handel/app/public/wp-includes/plugin.php, na linha 441

2022-11-22T23:45:43+00:00 CRITICAL Uncaught TypeError: call_user_func_array(): Argument #1 ($callback) must be a valid callback, function "handel" not found or invalid function name in /home/raphael/Documentos/GitHub/Projetos/10-WordPress/handel/app/public/wp-includes/class-wp-hook.php:308
Stack trace:
#0 /home/raphael/Documentos/GitHub/Projetos/10-WordPress/handel/app/public/wp-includes/class-wp-hook.php(332): WP_Hook->apply_filters(NULL, Array)
#1 /home/raphael/Documentos/GitHub/Projetos/10-WordPress/handel/app/public/wp-includes/plugin.php(517): WP_Hook->do_action(Array)
#2 /home/raphael/Documentos/GitHub/Projetos/10-WordPress/handel/app/public/wp-settings.php(595): do_action('after_setup_the...')
#3 /home/raphael/Documentos/GitHub/Projetos/10-WordPress/handel/app/public/wp-config.php(91): require_once('/home/raphael/D...')
#4 /home/raphael/Documentos/GitHub/Projetos/10-WordPress/handel/app/public/wp-load.php(50): require_once('/home/raphael/D...')
#5 /home/raphael/Documentos/GitHub/Projetos/10-WordPress/handel/app/public/wp-blog-header.php(13): require_once('/home/raphael/D...')
#6 /home/raphael/Documentos/GitHub/Projetos/10-WordPress/handel/app/public/index.php(17): require('/home/raphael/D...')
#7 {main}
  thrown, em /home/raphael/Documentos/GitHub/Projetos/10-WordPress/handel/app/public/wp-includes/class-wp-hook.php, na linha 308

2022-11-22T23:45:45+00:00 CRITICAL Uncaught TypeError: call_user_func_array(): Argument #1 ($callback) must be a valid callback, function "handel_add" not found or invalid function name in /home/raphael/Documentos/GitHub/Projetos/10-WordPress/handel/app/public/wp-includes/class-wp-hook.php:308
Stack trace:
#0 /home/raphael/Documentos/GitHub/Projetos/10-WordPress/handel/app/public/wp-includes/class-wp-hook.php(332): WP_Hook->apply_filters(NULL, Array)
#1 /home/raphael/Documentos/GitHub/Projetos/10-WordPress/handel/app/public/wp-includes/plugin.php(517): WP_Hook->do_action(Array)
#2 /home/raphael/Documentos/GitHub/Projetos/10-WordPress/handel/app/public/wp-settings.php(595): do_action('after_setup_the...')
#3 /home/raphael/Documentos/GitHub/Projetos/10-WordPress/handel/app/public/wp-config.php(91): require_once('/home/raphael/D...')
#4 /home/raphael/Documentos/GitHub/Projetos/10-WordPress/handel/app/public/wp-load.php(50): require_once('/home/raphael/D...')
#5 /home/raphael/Documentos/GitHub/Projetos/10-WordPress/handel/app/public/wp-blog-header.php(13): require_once('/home/raphael/D...')
#6 /home/raphael/Documentos/GitHub/Projetos/10-WordPress/handel/app/public/index.php(17): require('/home/raphael/D...')
#7 {main}
  thrown, em /home/raphael/Documentos/GitHub/Projetos/10-WordPress/handel/app/public/wp-includes/class-wp-hook.php, na linha 308

2022-11-22T23:45:48+00:00 CRITICAL Uncaught TypeError: call_user_func_array(): Argument #1 ($callback) must be a valid callback, function "handel_add_woo" not found or invalid function name in /home/raphael/Documentos/GitHub/Projetos/10-WordPress/handel/app/public/wp-includes/class-wp-hook.php:308
Stack trace:
#0 /home/raphael/Documentos/GitHub/Projetos/10-WordPress/handel/app/public/wp-includes/class-wp-hook.php(332): WP_Hook->apply_filters(NULL, Array)
#1 /home/raphael/Documentos/GitHub/Projetos/10-WordPress/handel/app/public/wp-includes/plugin.php(517): WP_Hook->do_action(Array)
#2 /home/raphael/Documentos/GitHub/Projetos/10-WordPress/handel/app/public/wp-settings.php(595): do_action('after_setup_the...')
#3 /home/raphael/Documentos/GitHub/Projetos/10-WordPress/handel/app/public/wp-config.php(91): require_once('/home/raphael/D...')
#4 /home/raphael/Documentos/GitHub/Projetos/10-WordPress/handel/app/public/wp-load.php(50): require_once('/home/raphael/D...')
#5 /home/raphael/Documentos/GitHub/Projetos/10-WordPress/handel/app/public/wp-blog-header.php(13): require_once('/home/raphael/D...')
#6 /home/raphael/Documentos/GitHub/Projetos/10-WordPress/handel/app/public/index.php(17): require('/home/raphael/D...')
#7 {main}
  thrown, em /home/raphael/Documentos/GitHub/Projetos/10-WordPress/handel/app/public/wp-includes/class-wp-hook.php, na linha 308

2022-11-22T23:45:51+00:00 CRITICAL Uncaught TypeError: call_user_func_array(): Argument #1 ($callback) must be a valid callback, function "handel_add_woo" not found or invalid function name in /home/raphael/Documentos/GitHub/Projetos/10-WordPress/handel/app/public/wp-includes/class-wp-hook.php:308
Stack trace:
#0 /home/raphael/Documentos/GitHub/Projetos/10-WordPress/handel/app/public/wp-includes/class-wp-hook.php(332): WP_Hook->apply_filters(NULL, Array)
#1 /home/raphael/Documentos/GitHub/Projetos/10-WordPress/handel/app/public/wp-includes/plugin.php(517): WP_Hook->do_action(Array)
#2 /home/raphael/Documentos/GitHub/Projetos/10-WordPress/handel/app/public/wp-settings.php(595): do_action('after_setup_the...')
#3 /home/raphael/Documentos/GitHub/Projetos/10-WordPress/handel/app/public/wp-config.php(91): require_once('/home/raphael/D...')
#4 /home/raphael/Documentos/GitHub/Projetos/10-WordPress/handel/app/public/wp-load.php(50): require_once('/home/raphael/D...')
#5 /home/raphael/Documentos/GitHub/Projetos/10-WordPress/handel/app/public/wp-blog-header.php(13): require_once('/home/raphael/D...')
#6 /home/raphael/Documentos/GitHub/Projetos/10-WordPress/handel/app/public/index.php(17): require('/home/raphael/D...')
#7 {main}
  thrown, em /home/raphael/Documentos/GitHub/Projetos/10-WordPress/handel/app/public/wp-includes/class-wp-hook.php, na linha 308

2022-11-22T23:45:54+00:00 CRITICAL Uncaught TypeError: call_user_func_array(): Argument #1 ($callback) must be a valid callback, function "handel_add_wooco" not found or invalid function name in /home/raphael/Documentos/GitHub/Projetos/10-WordPress/handel/app/public/wp-includes/class-wp-hook.php:308
Stack trace:
#0 /home/raphael/Documentos/GitHub/Projetos/10-WordPress/handel/app/public/wp-includes/class-wp-hook.php(332): WP_Hook->apply_filters(NULL, Array)
#1 /home/raphael/Documentos/GitHub/Projetos/10-WordPress/handel/app/public/wp-includes/plugin.php(517): WP_Hook->do_action(Array)
#2 /home/raphael/Documentos/GitHub/Projetos/10-WordPress/handel/app/public/wp-settings.php(595): do_action('after_setup_the...')
#3 /home/raphael/Documentos/GitHub/Projetos/10-WordPress/handel/app/public/wp-config.php(91): require_once('/home/raphael/D...')
#4 /home/raphael/Documentos/GitHub/Projetos/10-WordPress/handel/app/public/wp-load.php(50): require_once('/home/raphael/D...')
#5 /home/raphael/Documentos/GitHub/Projetos/10-WordPress/handel/app/public/wp-blog-header.php(13): require_once('/home/raphael/D...')
#6 /home/raphael/Documentos/GitHub/Projetos/10-WordPress/handel/app/public/index.php(17): require('/home/raphael/D...')
#7 {main}
  thrown, em /home/raphael/Documentos/GitHub/Projetos/10-WordPress/handel/app/public/wp-includes/class-wp-hook.php, na linha 308

2022-11-22T23:45:59+00:00 CRITICAL Uncaught TypeError: call_user_func_array(): Argument #1 ($callback) must be a valid callback, function "handel_add_woocommerce" not found or invalid function name in /home/raphael/Documentos/GitHub/Projetos/10-WordPress/handel/app/public/wp-includes/class-wp-hook.php:308
Stack trace:
#0 /home/raphael/Documentos/GitHub/Projetos/10-WordPress/handel/app/public/wp-includes/class-wp-hook.php(332): WP_Hook->apply_filters(NULL, Array)
#1 /home/raphael/Documentos/GitHub/Projetos/10-WordPress/handel/app/public/wp-includes/plugin.php(517): WP_Hook->do_action(Array)
#2 /home/raphael/Documentos/GitHub/Projetos/10-WordPress/handel/app/public/wp-settings.php(595): do_action('after_setup_the...')
#3 /home/raphael/Documentos/GitHub/Projetos/10-WordPress/handel/app/public/wp-config.php(91): require_once('/home/raphael/D...')
#4 /home/raphael/Documentos/GitHub/Projetos/10-WordPress/handel/app/public/wp-load.php(50): require_once('/home/raphael/D...')
#5 /home/raphael/Documentos/GitHub/Projetos/10-WordPress/handel/app/public/wp-blog-header.php(13): require_once('/home/raphael/D...')
#6 /home/raphael/Documentos/GitHub/Projetos/10-WordPress/handel/app/public/index.php(17): require('/home/raphael/D...')
#7 {main}
  thrown, em /home/raphael/Documentos/GitHub/Projetos/10-WordPress/handel/app/public/wp-includes/class-wp-hook.php, na linha 308

2022-11-22T23:46:23+00:00 CRITICAL syntax error, unexpected token ";", expecting "(", em /home/raphael/Documentos/GitHub/Projetos/10-WordPress/handel/app/public/wp-content/themes/handel/functions.php, na linha 8

2022-11-22T23:46:26+00:00 CRITICAL syntax error, unexpected token ";", expecting "(", em /home/raphael/Documentos/GitHub/Projetos/10-WordPress/handel/app/public/wp-content/themes/handel/functions.php, na linha 8

2022-11-22T23:46:29+00:00 CRITICAL syntax error, unexpected token ";", expecting "(", em /home/raphael/Documentos/GitHub/Projetos/10-WordPress/handel/app/public/wp-content/themes/handel/functions.php, na linha 8

2022-11-22T23:46:32+00:00 CRITICAL syntax error, unexpected token ";", expecting "(", em /home/raphael/Documentos/GitHub/Projetos/10-WordPress/handel/app/public/wp-content/themes/handel/functions.php, na linha 8

2022-11-22T23:46:39+00:00 CRITICAL syntax error, unexpected token "}", em /home/raphael/Documentos/GitHub/Projetos/10-WordPress/handel/app/public/wp-content/themes/handel/functions.php, na linha 9

2022-11-22T23:46:42+00:00 CRITICAL syntax error, unexpected token "}", em /home/raphael/Documentos/GitHub/Projetos/10-WordPress/handel/app/public/wp-content/themes/handel/functions.php, na linha 9

2022-11-22T23:46:44+00:00 CRITICAL syntax error, unexpected token "}", em /home/raphael/Documentos/GitHub/Projetos/10-WordPress/handel/app/public/wp-content/themes/handel/functions.php, na linha 9

2022-11-22T23:46:49+00:00 CRITICAL syntax error, unexpected token "}", em /home/raphael/Documentos/GitHub/Projetos/10-WordPress/handel/app/public/wp-content/themes/handel/functions.php, na linha 9

2022-11-22T23:46:51+00:00 CRITICAL syntax error, unexpected token "}", em /home/raphael/Documentos/GitHub/Projetos/10-WordPress/handel/app/public/wp-content/themes/handel/functions.php, na linha 9

2022-11-22T23:46:53+00:00 CRITICAL syntax error, unexpected token "}", em /home/raphael/Documentos/GitHub/Projetos/10-WordPress/handel/app/public/wp-content/themes/handel/functions.php, na linha 9

2022-11-22T23:46:56+00:00 CRITICAL syntax error, unexpected token "}", em /home/raphael/Documentos/GitHub/Projetos/10-WordPress/handel/app/public/wp-content/themes/handel/functions.php, na linha 9

2022-11-22T23:47:05+00:00 CRITICAL syntax error, unexpected token "}", em /home/raphael/Documentos/GitHub/Projetos/10-WordPress/handel/app/public/wp-content/themes/handel/functions.php, na linha 9

2022-11-22T23:47:08+00:00 CRITICAL syntax error, unexpected token "}", em /home/raphael/Documentos/GitHub/Projetos/10-WordPress/handel/app/public/wp-content/themes/handel/functions.php, na linha 9

2022-11-22T23:47:13+00:00 CRITICAL syntax error, unexpected token "}", em /home/raphael/Documentos/GitHub/Projetos/10-WordPress/handel/app/public/wp-content/themes/handel/functions.php, na linha 9

2022-11-22T23:47:15+00:00 CRITICAL syntax error, unexpected token "}", em /home/raphael/Documentos/GitHub/Projetos/10-WordPress/handel/app/public/wp-content/themes/handel/functions.php, na linha 9

2022-11-22T23:47:17+00:00 CRITICAL syntax error, unexpected token "}", em /home/raphael/Documentos/GitHub/Projetos/10-WordPress/handel/app/public/wp-content/themes/handel/functions.php, na linha 9

2022-11-22T23:47:19+00:00 CRITICAL syntax error, unexpected token "}", em /home/raphael/Documentos/GitHub/Projetos/10-WordPress/handel/app/public/wp-content/themes/handel/functions.php, na linha 9

2022-11-22T23:47:21+00:00 CRITICAL syntax error, unexpected token "}", em /home/raphael/Documentos/GitHub/Projetos/10-WordPress/handel/app/public/wp-content/themes/handel/functions.php, na linha 9

2022-11-22T23:47:23+00:00 CRITICAL syntax error, unexpected token "}", em /home/raphael/Documentos/GitHub/Projetos/10-WordPress/handel/app/public/wp-content/themes/handel/functions.php, na linha 9

2022-11-22T23:47:27+00:00 CRITICAL syntax error, unexpected token ")", em /home/raphael/Documentos/GitHub/Projetos/10-WordPress/handel/app/public/wp-content/themes/handel/functions.php, na linha 8

2022-11-22T23:47:27+00:00 CRITICAL syntax error, unexpected token ")", em /home/raphael/Documentos/GitHub/Projetos/10-WordPress/handel/app/public/wp-content/themes/handel/functions.php, na linha 8

2022-11-22T23:47:29+00:00 CRITICAL syntax error, unexpected token "}", em /home/raphael/Documentos/GitHub/Projetos/10-WordPress/handel/app/public/wp-content/themes/handel/functions.php, na linha 9

2022-11-22T23:47:32+00:00 CRITICAL syntax error, unexpected token "}", em /home/raphael/Documentos/GitHub/Projetos/10-WordPress/handel/app/public/wp-content/themes/handel/functions.php, na linha 9

2022-11-22T23:47:35+00:00 CRITICAL syntax error, unexpected token "}", em /home/raphael/Documentos/GitHub/Projetos/10-WordPress/handel/app/public/wp-content/themes/handel/functions.php, na linha 9

2022-11-22T23:47:38+00:00 CRITICAL syntax error, unexpected token "}", em /home/raphael/Documentos/GitHub/Projetos/10-WordPress/handel/app/public/wp-content/themes/handel/functions.php, na linha 9

2022-11-22T23:47:41+00:00 CRITICAL syntax error, unexpected token "}", em /home/raphael/Documentos/GitHub/Projetos/10-WordPress/handel/app/public/wp-content/themes/handel/functions.php, na linha 9

2022-11-22T23:47:45+00:00 CRITICAL syntax error, unexpected token "}", em /home/raphael/Documentos/GitHub/Projetos/10-WordPress/handel/app/public/wp-content/themes/handel/functions.php, na linha 9

2022-11-22T23:47:48+00:00 CRITICAL syntax error, unexpected token "}", em /home/raphael/Documentos/GitHub/Projetos/10-WordPress/handel/app/public/wp-content/themes/handel/functions.php, na linha 9

2022-11-22T23:47:51+00:00 CRITICAL syntax error, unexpected token "}", em /home/raphael/Documentos/GitHub/Projetos/10-WordPress/handel/app/public/wp-content/themes/handel/functions.php, na linha 9

2022-11-22T23:47:57+00:00 CRITICAL syntax error, unexpected token "}", em /home/raphael/Documentos/GitHub/Projetos/10-WordPress/handel/app/public/wp-content/themes/handel/functions.php, na linha 10

2022-11-22T23:48:00+00:00 CRITICAL syntax error, unexpected token "}", em /home/raphael/Documentos/GitHub/Projetos/10-WordPress/handel/app/public/wp-content/themes/handel/functions.php, na linha 10

2022-11-22T23:48:03+00:00 CRITICAL syntax error, unexpected token "}", em /home/raphael/Documentos/GitHub/Projetos/10-WordPress/handel/app/public/wp-content/themes/handel/functions.php, na linha 10

2022-11-22T23:48:06+00:00 CRITICAL syntax error, unexpected token "}", em /home/raphael/Documentos/GitHub/Projetos/10-WordPress/handel/app/public/wp-content/themes/handel/functions.php, na linha 10

2022-11-22T23:48:09+00:00 CRITICAL syntax error, unexpected token "}", em /home/raphael/Documentos/GitHub/Projetos/10-WordPress/handel/app/public/wp-content/themes/handel/functions.php, na linha 10

2022-11-22T23:48:18+00:00 CRITICAL Uncaught Error: Undefined constant "add" in /home/raphael/Documentos/GitHub/Projetos/10-WordPress/handel/app/public/wp-content/themes/handel/functions.php:11
Stack trace:
#0 /home/raphael/Documentos/GitHub/Projetos/10-WordPress/handel/app/public/wp-settings.php(585): include()
#1 /home/raphael/Documentos/GitHub/Projetos/10-WordPress/handel/app/public/wp-config.php(91): require_once('/home/raphael/D...')
#2 /home/raphael/Documentos/GitHub/Projetos/10-WordPress/handel/app/public/wp-load.php(50): require_once('/home/raphael/D...')
#3 /home/raphael/Documentos/GitHub/Projetos/10-WordPress/handel/app/public/wp-blog-header.php(13): require_once('/home/raphael/D...')
#4 /home/raphael/Documentos/GitHub/Projetos/10-WordPress/handel/app/public/index.php(17): require('/home/raphael/D...')
#5 {main}
  thrown, em /home/raphael/Documentos/GitHub/Projetos/10-WordPress/handel/app/public/wp-content/themes/handel/functions.php, na linha 11

2022-11-22T23:48:21+00:00 CRITICAL Uncaught Error: Undefined constant "add_action" in /home/raphael/Documentos/GitHub/Projetos/10-WordPress/handel/app/public/wp-content/themes/handel/functions.php:11
Stack trace:
#0 /home/raphael/Documentos/GitHub/Projetos/10-WordPress/handel/app/public/wp-settings.php(585): include()
#1 /home/raphael/Documentos/GitHub/Projetos/10-WordPress/handel/app/public/wp-config.php(91): require_once('/home/raphael/D...')
#2 /home/raphael/Documentos/GitHub/Projetos/10-WordPress/handel/app/public/wp-load.php(50): require_once('/home/raphael/D...')
#3 /home/raphael/Documentos/GitHub/Projetos/10-WordPress/handel/app/public/wp-blog-header.php(13): require_once('/home/raphael/D...')
#4 /home/raphael/Documentos/GitHub/Projetos/10-WordPress/handel/app/public/index.php(17): require('/home/raphael/D...')
#5 {main}
  thrown, em /home/raphael/Documentos/GitHub/Projetos/10-WordPress/handel/app/public/wp-content/themes/handel/functions.php, na linha 11

2022-11-22T23:48:23+00:00 CRITICAL Uncaught ArgumentCountError: Too few arguments to function add_action(), 1 passed in /home/raphael/Documentos/GitHub/Projetos/10-WordPress/handel/app/public/wp-content/themes/handel/functions.php on line 11 and at least 2 expected in /home/raphael/Documentos/GitHub/Projetos/10-WordPress/handel/app/public/wp-includes/plugin.php:441
Stack trace:
#0 /home/raphael/Documentos/GitHub/Projetos/10-WordPress/handel/app/public/wp-content/themes/handel/functions.php(11): add_action('')
#1 /home/raphael/Documentos/GitHub/Projetos/10-WordPress/handel/app/public/wp-settings.php(585): include('/home/raphael/D...')
#2 /home/raphael/Documentos/GitHub/Projetos/10-WordPress/handel/app/public/wp-config.php(91): require_once('/home/raphael/D...')
#3 /home/raphael/Documentos/GitHub/Projetos/10-WordPress/handel/app/public/wp-load.php(50): require_once('/home/raphael/D...')
#4 /home/raphael/Documentos/GitHub/Projetos/10-WordPress/handel/app/public/wp-blog-header.php(13): require_once('/home/raphael/D...')
#5 /home/raphael/Documentos/GitHub/Projetos/10-WordPress/handel/app/public/index.php(17): require('/home/raphael/D...')
#6 {main}
  thrown, em /home/raphael/Documentos/GitHub/Projetos/10-WordPress/handel/app/public/wp-includes/plugin.php, na linha 441

2022-11-22T23:48:28+00:00 CRITICAL Uncaught ArgumentCountError: Too few arguments to function add_action(), 1 passed in /home/raphael/Documentos/GitHub/Projetos/10-WordPress/handel/app/public/wp-content/themes/handel/functions.php on line 11 and at least 2 expected in /home/raphael/Documentos/GitHub/Projetos/10-WordPress/handel/app/public/wp-includes/plugin.php:441
Stack trace:
#0 /home/raphael/Documentos/GitHub/Projetos/10-WordPress/handel/app/public/wp-content/themes/handel/functions.php(11): add_action('wp')
#1 /home/raphael/Documentos/GitHub/Projetos/10-WordPress/handel/app/public/wp-settings.php(585): include('/home/raphael/D...')
#2 /home/raphael/Documentos/GitHub/Projetos/10-WordPress/handel/app/public/wp-config.php(91): require_once('/home/raphael/D...')
#3 /home/raphael/Documentos/GitHub/Projetos/10-WordPress/handel/app/public/wp-load.php(50): require_once('/home/raphael/D...')
#4 /home/raphael/Documentos/GitHub/Projetos/10-WordPress/handel/app/public/wp-blog-header.php(13): require_once('/home/raphael/D...')
#5 /home/raphael/Documentos/GitHub/Projetos/10-WordPress/handel/app/public/index.php(17): require('/home/raphael/D...')
#6 {main}
  thrown, em /home/raphael/Documentos/GitHub/Projetos/10-WordPress/handel/app/public/wp-includes/plugin.php, na linha 441

2022-11-22T23:48:32+00:00 CRITICAL Uncaught ArgumentCountError: Too few arguments to function add_action(), 1 passed in /home/raphael/Documentos/GitHub/Projetos/10-WordPress/handel/app/public/wp-content/themes/handel/functions.php on line 11 and at least 2 expected in /home/raphael/Documentos/GitHub/Projetos/10-WordPress/handel/app/public/wp-includes/plugin.php:441
Stack trace:
#0 /home/raphael/Documentos/GitHub/Projetos/10-WordPress/handel/app/public/wp-content/themes/handel/functions.php(11): add_action('wp_enque')
#1 /home/raphael/Documentos/GitHub/Projetos/10-WordPress/handel/app/public/wp-settings.php(585): include('/home/raphael/D...')
#2 /home/raphael/Documentos/GitHub/Projetos/10-WordPress/handel/app/public/wp-config.php(91): require_once('/home/raphael/D...')
#3 /home/raphael/Documentos/GitHub/Projetos/10-WordPress/handel/app/public/wp-load.php(50): require_once('/home/raphael/D...')
#4 /home/raphael/Documentos/GitHub/Projetos/10-WordPress/handel/app/public/wp-blog-header.php(13): require_once('/home/raphael/D...')
#5 /home/raphael/Documentos/GitHub/Projetos/10-WordPress/handel/app/public/index.php(17): require('/home/raphael/D...')
#6 {main}
  thrown, em /home/raphael/Documentos/GitHub/Projetos/10-WordPress/handel/app/public/wp-includes/plugin.php, na linha 441

2022-11-22T23:48:36+00:00 CRITICAL Uncaught ArgumentCountError: Too few arguments to function add_action(), 1 passed in /home/raphael/Documentos/GitHub/Projetos/10-WordPress/handel/app/public/wp-content/themes/handel/functions.php on line 11 and at least 2 expected in /home/raphael/Documentos/GitHub/Projetos/10-WordPress/handel/app/public/wp-includes/plugin.php:441
Stack trace:
#0 /home/raphael/Documentos/GitHub/Projetos/10-WordPress/handel/app/public/wp-content/themes/handel/functions.php(11): add_action('wp_enqueue_scri...')
#1 /home/raphael/Documentos/GitHub/Projetos/10-WordPress/handel/app/public/wp-settings.php(585): include('/home/raphael/D...')
#2 /home/raphael/Documentos/GitHub/Projetos/10-WordPress/handel/app/public/wp-config.php(91): require_once('/home/raphael/D...')
#3 /home/raphael/Documentos/GitHub/Projetos/10-WordPress/handel/app/public/wp-load.php(50): require_once('/home/raphael/D...')
#4 /home/raphael/Documentos/GitHub/Projetos/10-WordPress/handel/app/public/wp-blog-header.php(13): require_once('/home/raphael/D...')
#5 /home/raphael/Documentos/GitHub/Projetos/10-WordPress/handel/app/public/index.php(17): require('/home/raphael/D...')
#6 {main}
  thrown, em /home/raphael/Documentos/GitHub/Projetos/10-WordPress/handel/app/public/wp-includes/plugin.php, na linha 441

2022-11-22T23:48:41+00:00 CRITICAL Uncaught TypeError: call_user_func_array(): Argument #1 ($callback) must be a valid callback, function "handel" not found or invalid function name in /home/raphael/Documentos/GitHub/Projetos/10-WordPress/handel/app/public/wp-includes/class-wp-hook.php:308
Stack trace:
#0 /home/raphael/Documentos/GitHub/Projetos/10-WordPress/handel/app/public/wp-includes/class-wp-hook.php(332): WP_Hook->apply_filters(NULL, Array)
#1 /home/raphael/Documentos/GitHub/Projetos/10-WordPress/handel/app/public/wp-includes/plugin.php(517): WP_Hook->do_action(Array)
#2 /home/raphael/Documentos/GitHub/Projetos/10-WordPress/handel/app/public/wp-includes/script-loader.php(2180): do_action('wp_enqueue_scri...')
#3 /home/raphael/Documentos/GitHub/Projetos/10-WordPress/handel/app/public/wp-includes/class-wp-hook.php(308): wp_enqueue_scripts('')
#4 /home/raphael/Documentos/GitHub/Projetos/10-WordPress/handel/app/public/wp-includes/class-wp-hook.php(332): WP_Hook->apply_filters(NULL, Array)
#5 /home/raphael/Documentos/GitHub/Projetos/10-WordPress/handel/app/public/wp-includes/plugin.php(517): WP_Hook->do_action(Array)
#6 /home/raphael/Documentos/GitHub/Projetos/10-WordPress/handel/app/public/wp-includes/general-template.php(3043): do_action('wp_head')
#7 /home/raphael/Documentos/GitHub/Projetos/10-WordPress/handel/app/public/wp-content/themes/handel/header.php(8): wp_head()
#8 /home/raphael/Documentos/GitHub/Projetos/10-WordPress/handel/app/public/wp-includes/template.php(783): require_once('/home/raphael/D...')
#9 /home/raphael/Documentos/GitHub/Projetos/10-WordPress/handel/app/public/wp-includes/template.php(718): load_template('/home/raphael/D...', true, Array)
#10 /home/raphael/Documentos/GitHub/Projetos/10-WordPress/handel/app/public/wp-includes/general-template.php(48): locate_template(Array, true, true, Array)
#11 /home/raphael/Documentos/GitHub/Projetos/10-WordPress/handel/app/public/wp-content/themes/handel/page-home.php(4): get_header()
#12 /home/raphael/Documentos/GitHub/Projetos/10-WordPress/handel/app/public/wp-includes/template-loader.php(106): include('/home/raphael/D...')
#13 /home/raphael/Documentos/GitHub/Projetos/10-WordPress/handel/app/public/wp-blog-header.php(19): require_once('/home/raphael/D...')
#14 /home/raphael/Documentos/GitHub/Projetos/10-WordPress/handel/app/public/index.php(17): require('/home/raphael/D...')
#15 {main}
  thrown, em /home/raphael/Documentos/GitHub/Projetos/10-WordPress/handel/app/public/wp-includes/class-wp-hook.php, na linha 308

2022-11-22T23:48:49+00:00 CRITICAL syntax error, unexpected token ";", expecting "(", em /home/raphael/Documentos/GitHub/Projetos/10-WordPress/handel/app/public/wp-content/themes/handel/functions.php, na linha 14

2022-11-22T23:48:52+00:00 CRITICAL syntax error, unexpected token ";", expecting "(", em /home/raphael/Documentos/GitHub/Projetos/10-WordPress/handel/app/public/wp-content/themes/handel/functions.php, na linha 14

2022-11-22T23:48:54+00:00 CRITICAL syntax error, unexpected token ";", expecting "(", em /home/raphael/Documentos/GitHub/Projetos/10-WordPress/handel/app/public/wp-content/themes/handel/functions.php, na linha 14

2022-11-22T23:48:56+00:00 CRITICAL syntax error, unexpected token ";", expecting "(", em /home/raphael/Documentos/GitHub/Projetos/10-WordPress/handel/app/public/wp-content/themes/handel/functions.php, na linha 14

2022-11-22T23:49:04+00:00 CRITICAL Unclosed '{' on line 13, em /home/raphael/Documentos/GitHub/Projetos/10-WordPress/handel/app/public/wp-content/themes/handel/functions.php, na linha 14

2022-11-22T23:49:11+00:00 CRITICAL Unclosed '{' on line 13, em /home/raphael/Documentos/GitHub/Projetos/10-WordPress/handel/app/public/wp-content/themes/handel/functions.php, na linha 14

2022-11-22T23:49:25+00:00 CRITICAL Unclosed '{', em /home/raphael/Documentos/GitHub/Projetos/10-WordPress/handel/app/public/wp-content/themes/handel/functions.php, na linha 13

2022-11-22T23:49:27+00:00 CRITICAL Unclosed '{' on line 13, em /home/raphael/Documentos/GitHub/Projetos/10-WordPress/handel/app/public/wp-content/themes/handel/functions.php, na linha 14

2022-11-22T23:49:31+00:00 CRITICAL Unclosed '{' on line 13, em /home/raphael/Documentos/GitHub/Projetos/10-WordPress/handel/app/public/wp-content/themes/handel/functions.php, na linha 14

2022-11-22T23:49:46+00:00 CRITICAL Unclosed '{' on line 14, em /home/raphael/Documentos/GitHub/Projetos/10-WordPress/handel/app/public/wp-content/themes/handel/functions.php, na linha 15

2022-11-22T23:49:48+00:00 CRITICAL syntax error, unexpected token ">", expecting end of file, em /home/raphael/Documentos/GitHub/Projetos/10-WordPress/handel/app/public/wp-content/themes/handel/functions.php, na linha 13

2022-11-22T23:49:49+00:00 CRITICAL Unclosed '{' on line 14, em /home/raphael/Documentos/GitHub/Projetos/10-WordPress/handel/app/public/wp-content/themes/handel/functions.php, na linha 15

