2022-11-19T23:35:51+00:00 CRITICAL Uncaught Error: Undefined constant "get" in /home/raphael/Documentos/GitHub/Projetos/10-WordPress/handel/app/public/wp-content/themes/handel/index.php:11
Stack trace:
#0 /home/raphael/Documentos/GitHub/Projetos/10-WordPress/handel/app/public/wp-includes/template-loader.php(106): include()
#1 /home/raphael/Documentos/GitHub/Projetos/10-WordPress/handel/app/public/wp-blog-header.php(19): require_once('/home/raphael/D...')
#2 /home/raphael/Documentos/GitHub/Projetos/10-WordPress/handel/app/public/index.php(17): require('/home/raphael/D...')
#3 {main}
  thrown in /home/raphael/Documentos/GitHub/Projetos/10-WordPress/handel/app/public/wp-content/themes/handel/index.php on line 11

2022-11-19T23:35:52+00:00 CRITICAL Uncaught Error: Undefined constant "get_" in /home/raphael/Documentos/GitHub/Projetos/10-WordPress/handel/app/public/wp-content/themes/handel/index.php:11
Stack trace:
#0 /home/raphael/Documentos/GitHub/Projetos/10-WordPress/handel/app/public/wp-includes/template-loader.php(106): include()
#1 /home/raphael/Documentos/GitHub/Projetos/10-WordPress/handel/app/public/wp-blog-header.php(19): require_once('/home/raphael/D...')
#2 /home/raphael/Documentos/GitHub/Projetos/10-WordPress/handel/app/public/index.php(17): require('/home/raphael/D...')
#3 {main}
  thrown in /home/raphael/Documentos/GitHub/Projetos/10-WordPress/handel/app/public/wp-content/themes/handel/index.php on line 11

2022-11-19T23:35:53+00:00 CRITICAL Uncaught Error: Undefined constant "get_the" in /home/raphael/Documentos/GitHub/Projetos/10-WordPress/handel/app/public/wp-content/themes/handel/index.php:11
Stack trace:
#0 /home/raphael/Documentos/GitHub/Projetos/10-WordPress/handel/app/public/wp-includes/template-loader.php(106): include()
#1 /home/raphael/Documentos/GitHub/Projetos/10-WordPress/handel/app/public/wp-blog-header.php(19): require_once('/home/raphael/D...')
#2 /home/raphael/Documentos/GitHub/Projetos/10-WordPress/handel/app/public/index.php(17): require('/home/raphael/D...')
#3 {main}
  thrown in /home/raphael/Documentos/GitHub/Projetos/10-WordPress/handel/app/public/wp-content/themes/handel/index.php on line 11

2022-11-19T23:35:57+00:00 CRITICAL Uncaught Error: Undefined constant "get_the_title" in /home/raphael/Documentos/GitHub/Projetos/10-WordPress/handel/app/public/wp-content/themes/handel/index.php:11
Stack trace:
#0 /home/raphael/Documentos/GitHub/Projetos/10-WordPress/handel/app/public/wp-includes/template-loader.php(106): include()
#1 /home/raphael/Documentos/GitHub/Projetos/10-WordPress/handel/app/public/wp-blog-header.php(19): require_once('/home/raphael/D...')
#2 /home/raphael/Documentos/GitHub/Projetos/10-WordPress/handel/app/public/index.php(17): require('/home/raphael/D...')
#3 {main}
  thrown in /home/raphael/Documentos/GitHub/Projetos/10-WordPress/handel/app/public/wp-content/themes/handel/index.php on line 11

